<?xml version="1.0" encoding="UTF-8"?>
<coverage generated="1765162193937" clover="3.2.0">
  <project timestamp="1765162193937" name="All files">
    <metrics statements="1204" coveredstatements="1166" conditionals="414" coveredconditionals="385" methods="226" coveredmethods="215" elements="1844" coveredelements="1766" complexity="0" loc="1204" ncloc="1204" packages="9" files="61" classes="61"/>
    <package name="src">
      <metrics statements="18" coveredstatements="14" conditionals="6" coveredconditionals="3" methods="3" coveredmethods="1"/>
      <file name="app.js" path="C:\Users\karin\Documents\belajar-fs\gigglefest\giggle-fest-be-repository\src\app.js">
        <metrics statements="18" coveredstatements="14" conditionals="6" coveredconditionals="3" methods="3" coveredmethods="1"/>
        <line num="12" count="9" type="stmt"/>
        <line num="14" count="9" type="stmt"/>
        <line num="16" count="9" type="stmt"/>
        <line num="24" count="9" type="stmt"/>
        <line num="25" count="9" type="stmt"/>
        <line num="27" count="9" type="stmt"/>
        <line num="28" count="23" type="stmt"/>
        <line num="38" count="9" type="stmt"/>
        <line num="39" count="0" type="stmt"/>
        <line num="40" count="0" type="stmt"/>
        <line num="42" count="0" type="stmt"/>
        <line num="75" count="9" type="stmt"/>
        <line num="76" count="9" type="stmt"/>
        <line num="78" count="9" type="stmt"/>
        <line num="79" count="9" type="stmt"/>
        <line num="81" count="9" type="cond" truecount="1" falsecount="1"/>
        <line num="83" count="9" type="cond" truecount="1" falsecount="1"/>
        <line num="84" count="0" type="stmt"/>
      </file>
    </package>
    <package name="src.controllers">
      <metrics statements="344" coveredstatements="344" conditionals="80" coveredconditionals="80" methods="57" coveredmethods="57"/>
      <file name="cart.controller.js" path="C:\Users\karin\Documents\belajar-fs\gigglefest\giggle-fest-be-repository\src\controllers\cart.controller.js">
        <metrics statements="25" coveredstatements="25" conditionals="0" coveredconditionals="0" methods="5" coveredmethods="5"/>
        <line num="4" count="10" type="stmt"/>
        <line num="5" count="14" type="stmt"/>
        <line num="6" count="14" type="stmt"/>
        <line num="7" count="3" type="stmt"/>
        <line num="14" count="11" type="stmt"/>
        <line num="18" count="10" type="stmt"/>
        <line num="19" count="11" type="stmt"/>
        <line num="20" count="11" type="stmt"/>
        <line num="21" count="10" type="stmt"/>
        <line num="23" count="1" type="stmt"/>
        <line num="27" count="10" type="stmt"/>
        <line num="28" count="7" type="stmt"/>
        <line num="29" count="7" type="stmt"/>
        <line num="34" count="4" type="stmt"/>
        <line num="36" count="3" type="stmt"/>
        <line num="40" count="10" type="stmt"/>
        <line num="41" count="7" type="stmt"/>
        <line num="42" count="7" type="stmt"/>
        <line num="43" count="4" type="stmt"/>
        <line num="45" count="3" type="stmt"/>
        <line num="49" count="10" type="stmt"/>
        <line num="50" count="7" type="stmt"/>
        <line num="51" count="7" type="stmt"/>
        <line num="52" count="3" type="stmt"/>
        <line num="58" count="4" type="stmt"/>
      </file>
      <file name="category.controller.js" path="C:\Users\karin\Documents\belajar-fs\gigglefest\giggle-fest-be-repository\src\controllers\category.controller.js">
        <metrics statements="32" coveredstatements="32" conditionals="10" coveredconditionals="10" methods="5" coveredmethods="5"/>
        <line num="10" count="10" type="stmt"/>
        <line num="11" count="6" type="stmt"/>
        <line num="12" count="6" type="cond" truecount="2" falsecount="0"/>
        <line num="13" count="2" type="stmt"/>
        <line num="16" count="4" type="stmt"/>
        <line num="17" count="2" type="stmt"/>
        <line num="19" count="2" type="stmt"/>
        <line num="23" count="10" type="stmt"/>
        <line num="24" count="10" type="stmt"/>
        <line num="25" count="10" type="stmt"/>
        <line num="31" count="10" type="stmt"/>
        <line num="32" count="9" type="stmt"/>
        <line num="34" count="1" type="stmt"/>
        <line num="38" count="10" type="stmt"/>
        <line num="39" count="5" type="stmt"/>
        <line num="40" count="5" type="stmt"/>
        <line num="41" count="3" type="stmt"/>
        <line num="43" count="2" type="stmt"/>
        <line num="47" count="10" type="stmt"/>
        <line num="48" count="7" type="stmt"/>
        <line num="49" count="7" type="cond" truecount="2" falsecount="0"/>
        <line num="50" count="2" type="stmt"/>
        <line num="53" count="5" type="stmt"/>
        <line num="57" count="3" type="stmt"/>
        <line num="59" count="2" type="stmt"/>
        <line num="63" count="10" type="stmt"/>
        <line num="64" count="7" type="stmt"/>
        <line num="65" count="7" type="cond" truecount="2" falsecount="0"/>
        <line num="66" count="2" type="stmt"/>
        <line num="69" count="5" type="stmt"/>
        <line num="70" count="3" type="stmt"/>
        <line num="72" count="2" type="stmt"/>
      </file>
      <file name="event.controller.js" path="C:\Users\karin\Documents\belajar-fs\gigglefest\giggle-fest-be-repository\src\controllers\event.controller.js">
        <metrics statements="33" coveredstatements="33" conditionals="8" coveredconditionals="8" methods="5" coveredmethods="5"/>
        <line num="4" count="10" type="stmt"/>
        <line num="5" count="16" type="stmt"/>
        <line num="6" count="16" type="cond" truecount="2" falsecount="0"/>
        <line num="7" count="3" type="stmt"/>
        <line num="10" count="13" type="stmt"/>
        <line num="11" count="10" type="stmt"/>
        <line num="13" count="3" type="stmt"/>
        <line num="17" count="10" type="stmt"/>
        <line num="18" count="48" type="stmt"/>
        <line num="19" count="48" type="stmt"/>
        <line num="20" count="47" type="stmt"/>
        <line num="22" count="1" type="stmt"/>
        <line num="26" count="10" type="stmt"/>
        <line num="27" count="8" type="stmt"/>
        <line num="28" count="8" type="stmt"/>
        <line num="29" count="7" type="cond" truecount="2" falsecount="0"/>
        <line num="30" count="3" type="stmt"/>
        <line num="32" count="4" type="stmt"/>
        <line num="34" count="1" type="stmt"/>
        <line num="38" count="10" type="stmt"/>
        <line num="39" count="14" type="stmt"/>
        <line num="40" count="14" type="cond" truecount="2" falsecount="0"/>
        <line num="41" count="3" type="stmt"/>
        <line num="44" count="11" type="stmt"/>
        <line num="49" count="8" type="stmt"/>
        <line num="51" count="3" type="stmt"/>
        <line num="55" count="10" type="stmt"/>
        <line num="56" count="11" type="stmt"/>
        <line num="57" count="11" type="cond" truecount="2" falsecount="0"/>
        <line num="58" count="3" type="stmt"/>
        <line num="61" count="8" type="stmt"/>
        <line num="62" count="5" type="stmt"/>
        <line num="64" count="3" type="stmt"/>
      </file>
      <file name="notification.controller.js" path="C:\Users\karin\Documents\belajar-fs\gigglefest\giggle-fest-be-repository\src\controllers\notification.controller.js">
        <metrics statements="34" coveredstatements="34" conditionals="4" coveredconditionals="4" methods="6" coveredmethods="6"/>
        <line num="4" count="10" type="stmt"/>
        <line num="5" count="7" type="stmt"/>
        <line num="6" count="7" type="cond" truecount="2" falsecount="0"/>
        <line num="7" count="2" type="stmt"/>
        <line num="9" count="5" type="stmt"/>
        <line num="10" count="3" type="stmt"/>
        <line num="17" count="2" type="stmt"/>
        <line num="21" count="10" type="stmt"/>
        <line num="22" count="6" type="stmt"/>
        <line num="23" count="6" type="stmt"/>
        <line num="27" count="4" type="stmt"/>
        <line num="29" count="2" type="stmt"/>
        <line num="33" count="10" type="stmt"/>
        <line num="34" count="6" type="stmt"/>
        <line num="35" count="6" type="stmt"/>
        <line num="39" count="4" type="stmt"/>
        <line num="41" count="2" type="stmt"/>
        <line num="45" count="10" type="stmt"/>
        <line num="46" count="6" type="stmt"/>
        <line num="47" count="6" type="stmt"/>
        <line num="51" count="4" type="stmt"/>
        <line num="53" count="2" type="stmt"/>
        <line num="57" count="10" type="stmt"/>
        <line num="58" count="6" type="stmt"/>
        <line num="59" count="6" type="stmt"/>
        <line num="60" count="4" type="stmt"/>
        <line num="62" count="2" type="stmt"/>
        <line num="66" count="10" type="stmt"/>
        <line num="67" count="7" type="stmt"/>
        <line num="68" count="7" type="cond" truecount="2" falsecount="0"/>
        <line num="69" count="2" type="stmt"/>
        <line num="71" count="5" type="stmt"/>
        <line num="72" count="3" type="stmt"/>
        <line num="74" count="2" type="stmt"/>
      </file>
      <file name="password.controller.js" path="C:\Users\karin\Documents\belajar-fs\gigglefest\giggle-fest-be-repository\src\controllers\password.controller.js">
        <metrics statements="24" coveredstatements="24" conditionals="0" coveredconditionals="0" methods="4" coveredmethods="4"/>
        <line num="4" count="10" type="stmt"/>
        <line num="5" count="7" type="stmt"/>
        <line num="6" count="7" type="stmt"/>
        <line num="7" count="7" type="stmt"/>
        <line num="8" count="4" type="stmt"/>
        <line num="14" count="3" type="stmt"/>
        <line num="18" count="10" type="stmt"/>
        <line num="19" count="7" type="stmt"/>
        <line num="20" count="7" type="stmt"/>
        <line num="21" count="7" type="stmt"/>
        <line num="22" count="4" type="stmt"/>
        <line num="24" count="3" type="stmt"/>
        <line num="28" count="10" type="stmt"/>
        <line num="29" count="8" type="stmt"/>
        <line num="30" count="8" type="stmt"/>
        <line num="31" count="8" type="stmt"/>
        <line num="32" count="4" type="stmt"/>
        <line num="34" count="4" type="stmt"/>
        <line num="38" count="10" type="stmt"/>
        <line num="39" count="9" type="stmt"/>
        <line num="40" count="9" type="stmt"/>
        <line num="41" count="9" type="stmt"/>
        <line num="42" count="4" type="stmt"/>
        <line num="44" count="5" type="stmt"/>
      </file>
      <file name="payment.controller.js" path="C:\Users\karin\Documents\belajar-fs\gigglefest\giggle-fest-be-repository\src\controllers\payment.controller.js">
        <metrics statements="24" coveredstatements="24" conditionals="4" coveredconditionals="4" methods="4" coveredmethods="4"/>
        <line num="4" count="10" type="stmt"/>
        <line num="5" count="8" type="stmt"/>
        <line num="6" count="8" type="stmt"/>
        <line num="10" count="4" type="stmt"/>
        <line num="17" count="4" type="stmt"/>
        <line num="21" count="10" type="stmt"/>
        <line num="22" count="7" type="stmt"/>
        <line num="23" count="7" type="cond" truecount="2" falsecount="0"/>
        <line num="24" count="2" type="stmt"/>
        <line num="27" count="5" type="stmt"/>
        <line num="28" count="3" type="stmt"/>
        <line num="30" count="2" type="stmt"/>
        <line num="34" count="10" type="stmt"/>
        <line num="35" count="8" type="stmt"/>
        <line num="36" count="8" type="cond" truecount="2" falsecount="0"/>
        <line num="37" count="2" type="stmt"/>
        <line num="40" count="6" type="stmt"/>
        <line num="44" count="4" type="stmt"/>
        <line num="46" count="2" type="stmt"/>
        <line num="50" count="10" type="stmt"/>
        <line num="51" count="8" type="stmt"/>
        <line num="52" count="8" type="stmt"/>
        <line num="56" count="6" type="stmt"/>
        <line num="58" count="2" type="stmt"/>
      </file>
      <file name="promo.controller.js" path="C:\Users\karin\Documents\belajar-fs\gigglefest\giggle-fest-be-repository\src\controllers\promo.controller.js">
        <metrics statements="29" coveredstatements="29" conditionals="4" coveredconditionals="4" methods="5" coveredmethods="5"/>
        <line num="4" count="10" type="stmt"/>
        <line num="5" count="7" type="stmt"/>
        <line num="6" count="7" type="cond" truecount="2" falsecount="0"/>
        <line num="7" count="2" type="stmt"/>
        <line num="9" count="5" type="stmt"/>
        <line num="10" count="3" type="stmt"/>
        <line num="17" count="2" type="stmt"/>
        <line num="21" count="10" type="stmt"/>
        <line num="22" count="7" type="stmt"/>
        <line num="23" count="7" type="cond" truecount="2" falsecount="0"/>
        <line num="24" count="2" type="stmt"/>
        <line num="26" count="5" type="stmt"/>
        <line num="27" count="3" type="stmt"/>
        <line num="29" count="2" type="stmt"/>
        <line num="33" count="10" type="stmt"/>
        <line num="34" count="7" type="stmt"/>
        <line num="35" count="7" type="stmt"/>
        <line num="36" count="4" type="stmt"/>
        <line num="38" count="3" type="stmt"/>
        <line num="42" count="10" type="stmt"/>
        <line num="43" count="7" type="stmt"/>
        <line num="44" count="7" type="stmt"/>
        <line num="48" count="4" type="stmt"/>
        <line num="50" count="3" type="stmt"/>
        <line num="54" count="10" type="stmt"/>
        <line num="55" count="7" type="stmt"/>
        <line num="56" count="7" type="stmt"/>
        <line num="57" count="4" type="stmt"/>
        <line num="59" count="3" type="stmt"/>
      </file>
      <file name="review.controller.js" path="C:\Users\karin\Documents\belajar-fs\gigglefest\giggle-fest-be-repository\src\controllers\review.controller.js">
        <metrics statements="36" coveredstatements="36" conditionals="0" coveredconditionals="0" methods="7" coveredmethods="7"/>
        <line num="4" count="10" type="stmt"/>
        <line num="5" count="8" type="stmt"/>
        <line num="6" count="8" type="stmt"/>
        <line num="10" count="8" type="stmt"/>
        <line num="11" count="4" type="stmt"/>
        <line num="13" count="4" type="stmt"/>
        <line num="17" count="10" type="stmt"/>
        <line num="18" count="6" type="stmt"/>
        <line num="19" count="6" type="stmt"/>
        <line num="20" count="4" type="stmt"/>
        <line num="22" count="2" type="stmt"/>
        <line num="26" count="10" type="stmt"/>
        <line num="27" count="5" type="stmt"/>
        <line num="28" count="5" type="stmt"/>
        <line num="29" count="3" type="stmt"/>
        <line num="31" count="2" type="stmt"/>
        <line num="35" count="10" type="stmt"/>
        <line num="36" count="6" type="stmt"/>
        <line num="37" count="6" type="stmt"/>
        <line num="41" count="4" type="stmt"/>
        <line num="43" count="2" type="stmt"/>
        <line num="47" count="10" type="stmt"/>
        <line num="48" count="6" type="stmt"/>
        <line num="49" count="6" type="stmt"/>
        <line num="53" count="4" type="stmt"/>
        <line num="55" count="2" type="stmt"/>
        <line num="59" count="10" type="stmt"/>
        <line num="60" count="7" type="stmt"/>
        <line num="61" count="7" type="stmt"/>
        <line num="66" count="4" type="stmt"/>
        <line num="68" count="3" type="stmt"/>
        <line num="72" count="10" type="stmt"/>
        <line num="73" count="7" type="stmt"/>
        <line num="74" count="7" type="stmt"/>
        <line num="75" count="4" type="stmt"/>
        <line num="77" count="3" type="stmt"/>
      </file>
      <file name="ticket.controller.js" path="C:\Users\karin\Documents\belajar-fs\gigglefest\giggle-fest-be-repository\src\controllers\ticket.controller.js">
        <metrics statements="46" coveredstatements="46" conditionals="32" coveredconditionals="32" methods="7" coveredmethods="7"/>
        <line num="13" count="10" type="stmt"/>
        <line num="14" count="15" type="stmt"/>
        <line num="15" count="15" type="cond" truecount="2" falsecount="0"/>
        <line num="16" count="3" type="stmt"/>
        <line num="18" count="12" type="cond" truecount="2" falsecount="0"/>
        <line num="20" count="12" type="stmt"/>
        <line num="31" count="12" type="stmt"/>
        <line num="32" count="6" type="stmt"/>
        <line num="34" count="6" type="stmt"/>
        <line num="38" count="10" type="stmt"/>
        <line num="39" count="28" type="stmt"/>
        <line num="40" count="28" type="stmt"/>
        <line num="53" count="28" type="stmt"/>
        <line num="54" count="25" type="stmt"/>
        <line num="56" count="3" type="stmt"/>
        <line num="60" count="10" type="stmt"/>
        <line num="61" count="5" type="stmt"/>
        <line num="62" count="5" type="stmt"/>
        <line num="63" count="3" type="stmt"/>
        <line num="65" count="2" type="stmt"/>
        <line num="69" count="10" type="stmt"/>
        <line num="70" count="13" type="stmt"/>
        <line num="71" count="13" type="cond" truecount="2" falsecount="0"/>
        <line num="72" count="3" type="stmt"/>
        <line num="74" count="10" type="cond" truecount="2" falsecount="0"/>
        <line num="76" count="10" type="stmt"/>
        <line num="84" count="10" type="stmt"/>
        <line num="88" count="8" type="stmt"/>
        <line num="90" count="2" type="stmt"/>
        <line num="94" count="10" type="stmt"/>
        <line num="95" count="8" type="stmt"/>
        <line num="96" count="8" type="cond" truecount="2" falsecount="0"/>
        <line num="97" count="3" type="stmt"/>
        <line num="99" count="5" type="stmt"/>
        <line num="100" count="3" type="stmt"/>
        <line num="102" count="2" type="stmt"/>
        <line num="106" count="10" type="stmt"/>
        <line num="107" count="6" type="stmt"/>
        <line num="108" count="6" type="stmt"/>
        <line num="111" count="3" type="stmt"/>
        <line num="113" count="3" type="stmt"/>
        <line num="117" count="10" type="stmt"/>
        <line num="118" count="6" type="stmt"/>
        <line num="119" count="6" type="stmt"/>
        <line num="122" count="4" type="stmt"/>
        <line num="124" count="2" type="stmt"/>
      </file>
      <file name="user.controller.js" path="C:\Users\karin\Documents\belajar-fs\gigglefest\giggle-fest-be-repository\src\controllers\user.controller.js">
        <metrics statements="61" coveredstatements="61" conditionals="18" coveredconditionals="18" methods="9" coveredmethods="9"/>
        <line num="4" count="10" type="stmt"/>
        <line num="5" count="6" type="stmt"/>
        <line num="6" count="6" type="stmt"/>
        <line num="7" count="2" type="stmt"/>
        <line num="9" count="4" type="stmt"/>
        <line num="13" count="10" type="stmt"/>
        <line num="14" count="4" type="stmt"/>
        <line num="15" count="4" type="stmt"/>
        <line num="16" count="4" type="stmt"/>
        <line num="17" count="2" type="stmt"/>
        <line num="23" count="2" type="stmt"/>
        <line num="27" count="10" type="stmt"/>
        <line num="28" count="21" type="stmt"/>
        <line num="29" count="21" type="stmt"/>
        <line num="30" count="21" type="stmt"/>
        <line num="40" count="15" type="stmt"/>
        <line num="42" count="6" type="stmt"/>
        <line num="43" count="6" type="cond" truecount="2" falsecount="0"/>
        <line num="44" count="2" type="stmt"/>
        <line num="46" count="6" type="stmt"/>
        <line num="50" count="10" type="stmt"/>
        <line num="51" count="8" type="stmt"/>
        <line num="52" count="8" type="stmt"/>
        <line num="54" count="8" type="cond" truecount="2" falsecount="0"/>
        <line num="55" count="2" type="stmt"/>
        <line num="62" count="6" type="stmt"/>
        <line num="71" count="3" type="stmt"/>
        <line num="73" count="3" type="stmt"/>
        <line num="75" count="3" type="cond" truecount="2" falsecount="0"/>
        <line num="76" count="2" type="stmt"/>
        <line num="77" count="1" type="stmt"/>
        <line num="79" count="2" type="stmt"/>
        <line num="83" count="10" type="stmt"/>
        <line num="84" count="6" type="stmt"/>
        <line num="85" count="6" type="cond" truecount="2" falsecount="0"/>
        <line num="86" count="2" type="stmt"/>
        <line num="89" count="4" type="stmt"/>
        <line num="90" count="3" type="stmt"/>
        <line num="92" count="1" type="stmt"/>
        <line num="96" count="10" type="stmt"/>
        <line num="97" count="10" type="stmt"/>
        <line num="98" count="10" type="cond" truecount="2" falsecount="0"/>
        <line num="99" count="3" type="stmt"/>
        <line num="102" count="7" type="stmt"/>
        <line num="104" count="7" type="stmt"/>
        <line num="110" count="6" type="stmt"/>
        <line num="119" count="1" type="stmt"/>
        <line num="123" count="10" type="stmt"/>
        <line num="124" count="5" type="stmt"/>
        <line num="125" count="5" type="stmt"/>
        <line num="126" count="4" type="cond" truecount="2" falsecount="0"/>
        <line num="127" count="2" type="stmt"/>
        <line num="129" count="2" type="stmt"/>
        <line num="131" count="1" type="stmt"/>
        <line num="135" count="10" type="stmt"/>
        <line num="136" count="7" type="stmt"/>
        <line num="137" count="7" type="stmt"/>
        <line num="138" count="7" type="stmt"/>
        <line num="140" count="5" type="stmt"/>
        <line num="200" count="5" type="stmt"/>
        <line num="202" count="2" type="stmt"/>
      </file>
    </package>
    <package name="src.libs">
      <metrics statements="16" coveredstatements="13" conditionals="8" coveredconditionals="6" methods="2" coveredmethods="2"/>
      <file name="imagekit.js" path="C:\Users\karin\Documents\belajar-fs\gigglefest\giggle-fest-be-repository\src\libs\imagekit.js">
        <metrics statements="14" coveredstatements="11" conditionals="8" coveredconditionals="6" methods="2" coveredmethods="2"/>
        <line num="4" count="9" type="stmt"/>
        <line num="6" count="9" type="stmt"/>
        <line num="7" count="1" type="cond" truecount="1" falsecount="1"/>
        <line num="13" count="1" type="stmt"/>
        <line num="19" count="1" type="stmt"/>
        <line num="22" count="9" type="stmt"/>
        <line num="23" count="1" type="stmt"/>
        <line num="24" count="1" type="stmt"/>
        <line num="27" count="1" type="cond" truecount="1" falsecount="1"/>
        <line num="28" count="0" type="stmt"/>
        <line num="29" count="0" type="stmt"/>
        <line num="32" count="1" type="stmt"/>
        <line num="36" count="1" type="stmt"/>
        <line num="38" count="0" type="stmt"/>
      </file>
      <file name="midtrans.config.js" path="C:\Users\karin\Documents\belajar-fs\gigglefest\giggle-fest-be-repository\src\libs\midtrans.config.js">
        <metrics statements="2" coveredstatements="2" conditionals="0" coveredconditionals="0" methods="0" coveredmethods="0"/>
        <line num="3" count="9" type="stmt"/>
        <line num="9" count="9" type="stmt"/>
      </file>
    </package>
    <package name="src.middlewares">
      <metrics statements="45" coveredstatements="44" conditionals="20" coveredconditionals="19" methods="11" coveredmethods="11"/>
      <file name="auth.middleware.js" path="C:\Users\karin\Documents\belajar-fs\gigglefest\giggle-fest-be-repository\src\middlewares\auth.middleware.js">
        <metrics statements="11" coveredstatements="10" conditionals="6" coveredconditionals="6" methods="1" coveredmethods="1"/>
        <line num="4" count="9" type="stmt"/>
        <line num="5" count="66" type="stmt"/>
        <line num="6" count="66" type="stmt"/>
        <line num="8" count="66" type="cond" truecount="4" falsecount="0"/>
        <line num="9" count="11" type="stmt"/>
        <line num="12" count="66" type="cond" truecount="2" falsecount="0"/>
        <line num="13" count="11" type="stmt"/>
        <line num="16" count="55" type="stmt"/>
        <line num="17" count="55" type="stmt"/>
        <line num="18" count="55" type="stmt"/>
        <line num="20" count="0" type="stmt"/>
      </file>
      <file name="error.middleware.js" path="C:\Users\karin\Documents\belajar-fs\gigglefest\giggle-fest-be-repository\src\middlewares\error.middleware.js">
        <metrics statements="5" coveredstatements="5" conditionals="0" coveredconditionals="0" methods="2" coveredmethods="2"/>
        <line num="3" count="10" type="stmt"/>
        <line num="4" count="44" type="stmt"/>
        <line num="5" count="43" type="stmt"/>
        <line num="8" count="10" type="stmt"/>
        <line num="9" count="32" type="stmt"/>
      </file>
      <file name="multer.middleware.js" path="C:\Users\karin\Documents\belajar-fs\gigglefest\giggle-fest-be-repository\src\middlewares\multer.middleware.js">
        <metrics statements="5" coveredstatements="5" conditionals="2" coveredconditionals="2" methods="1" coveredmethods="1"/>
        <line num="3" count="10" type="stmt"/>
        <line num="5" count="10" type="stmt"/>
        <line num="8" count="33" type="cond" truecount="2" falsecount="0"/>
        <line num="9" count="19" type="stmt"/>
        <line num="11" count="14" type="stmt"/>
      </file>
      <file name="rateLimiter.middleware.js" path="C:\Users\karin\Documents\belajar-fs\gigglefest\giggle-fest-be-repository\src\middlewares\rateLimiter.middleware.js">
        <metrics statements="2" coveredstatements="2" conditionals="2" coveredconditionals="1" methods="1" coveredmethods="1"/>
        <line num="3" count="10" type="stmt"/>
        <line num="14" count="1" type="cond" truecount="1" falsecount="1"/>
      </file>
      <file name="validation.middleware.js" path="C:\Users\karin\Documents\belajar-fs\gigglefest\giggle-fest-be-repository\src\middlewares\validation.middleware.js">
        <metrics statements="22" coveredstatements="22" conditionals="10" coveredconditionals="10" methods="6" coveredmethods="6"/>
        <line num="3" count="10" type="stmt"/>
        <line num="4" count="37" type="stmt"/>
        <line num="5" count="37" type="stmt"/>
        <line num="7" count="37" type="cond" truecount="2" falsecount="0"/>
        <line num="8" count="13" type="stmt"/>
        <line num="9" count="19" type="stmt"/>
        <line num="11" count="13" type="stmt"/>
        <line num="14" count="24" type="stmt"/>
        <line num="19" count="10" type="stmt"/>
        <line num="20" count="290" type="stmt"/>
        <line num="21" count="139" type="stmt"/>
        <line num="22" count="139" type="cond" truecount="2" falsecount="0"/>
        <line num="23" count="7" type="stmt"/>
        <line num="25" count="137" type="cond" truecount="2" falsecount="0"/>
        <line num="26" count="71" type="stmt"/>
        <line num="28" count="136" type="cond" truecount="2" falsecount="0"/>
        <line num="29" count="65" type="stmt"/>
        <line num="31" count="118" type="stmt"/>
        <line num="33" count="21" type="cond" truecount="2" falsecount="0"/>
        <line num="34" count="24" type="stmt"/>
        <line num="35" count="18" type="stmt"/>
        <line num="37" count="3" type="stmt"/>
      </file>
    </package>
    <package name="src.repositories">
      <metrics statements="179" coveredstatements="179" conditionals="49" coveredconditionals="46" methods="60" coveredmethods="60"/>
      <file name="cart.repository.js" path="C:\Users\karin\Documents\belajar-fs\gigglefest\giggle-fest-be-repository\src\repositories\cart.repository.js">
        <metrics statements="15" coveredstatements="15" conditionals="0" coveredconditionals="0" methods="7" coveredmethods="7"/>
        <line num="3" count="10" type="stmt"/>
        <line num="5" count="10" type="stmt"/>
        <line num="6" count="9" type="stmt"/>
        <line num="22" count="10" type="stmt"/>
        <line num="23" count="5" type="stmt"/>
        <line num="39" count="10" type="stmt"/>
        <line num="40" count="2" type="stmt"/>
        <line num="56" count="10" type="stmt"/>
        <line num="57" count="2" type="stmt"/>
        <line num="70" count="10" type="stmt"/>
        <line num="71" count="2" type="stmt"/>
        <line num="88" count="10" type="stmt"/>
        <line num="89" count="2" type="stmt"/>
        <line num="97" count="10" type="stmt"/>
        <line num="98" count="4" type="stmt"/>
      </file>
      <file name="category.repository.js" path="C:\Users\karin\Documents\belajar-fs\gigglefest\giggle-fest-be-repository\src\repositories\category.repository.js">
        <metrics statements="17" coveredstatements="17" conditionals="2" coveredconditionals="2" methods="5" coveredmethods="5"/>
        <line num="3" count="10" type="stmt"/>
        <line num="5" count="10" type="stmt"/>
        <line num="6" count="3" type="stmt"/>
        <line num="11" count="10" type="stmt"/>
        <line num="12" count="9" type="stmt"/>
        <line num="13" count="9" type="stmt"/>
        <line num="15" count="9" type="cond" truecount="2" falsecount="0"/>
        <line num="16" count="3" type="stmt"/>
        <line num="22" count="9" type="stmt"/>
        <line num="34" count="9" type="stmt"/>
        <line num="36" count="9" type="stmt"/>
        <line num="47" count="10" type="stmt"/>
        <line num="48" count="4" type="stmt"/>
        <line num="53" count="10" type="stmt"/>
        <line num="54" count="4" type="stmt"/>
        <line num="60" count="10" type="stmt"/>
        <line num="61" count="4" type="stmt"/>
      </file>
      <file name="event.repository.js" path="C:\Users\karin\Documents\belajar-fs\gigglefest\giggle-fest-be-repository\src\repositories\event.repository.js">
        <metrics statements="13" coveredstatements="13" conditionals="0" coveredconditionals="0" methods="6" coveredmethods="6"/>
        <line num="3" count="10" type="stmt"/>
        <line num="5" count="10" type="stmt"/>
        <line num="6" count="10" type="stmt"/>
        <line num="9" count="10" type="stmt"/>
        <line num="10" count="49" type="stmt"/>
        <line num="20" count="10" type="stmt"/>
        <line num="21" count="47" type="stmt"/>
        <line num="24" count="10" type="stmt"/>
        <line num="25" count="7" type="stmt"/>
        <line num="33" count="10" type="stmt"/>
        <line num="34" count="10" type="stmt"/>
        <line num="40" count="10" type="stmt"/>
        <line num="41" count="8" type="stmt"/>
      </file>
      <file name="notification.repository.js" path="C:\Users\karin\Documents\belajar-fs\gigglefest\giggle-fest-be-repository\src\repositories\notification.repository.js">
        <metrics statements="19" coveredstatements="19" conditionals="4" coveredconditionals="4" methods="7" coveredmethods="7"/>
        <line num="3" count="10" type="stmt"/>
        <line num="5" count="10" type="stmt"/>
        <line num="6" count="5" type="cond" truecount="2" falsecount="0"/>
        <line num="7" count="3" type="stmt"/>
        <line num="11" count="105" type="stmt"/>
        <line num="16" count="3" type="stmt"/>
        <line num="21" count="2" type="stmt"/>
        <line num="26" count="10" type="stmt"/>
        <line num="30" count="7" type="stmt"/>
        <line num="32" count="7" type="stmt"/>
        <line num="46" count="7" type="stmt"/>
        <line num="57" count="10" type="stmt"/>
        <line num="58" count="4" type="stmt"/>
        <line num="64" count="10" type="stmt"/>
        <line num="65" count="4" type="stmt"/>
        <line num="70" count="10" type="stmt"/>
        <line num="71" count="4" type="stmt"/>
        <line num="76" count="10" type="stmt"/>
        <line num="77" count="6" type="stmt"/>
      </file>
      <file name="payment.repository.js" path="C:\Users\karin\Documents\belajar-fs\gigglefest\giggle-fest-be-repository\src\repositories\payment.repository.js">
        <metrics statements="15" coveredstatements="15" conditionals="8" coveredconditionals="8" methods="5" coveredmethods="5"/>
        <line num="2" count="10" type="stmt"/>
        <line num="4" count="10" type="stmt"/>
        <line num="5" count="5" type="stmt"/>
        <line num="41" count="10" type="stmt"/>
        <line num="46" count="8" type="stmt"/>
        <line num="47" count="8" type="cond" truecount="2" falsecount="0"/>
        <line num="49" count="8" type="stmt"/>
        <line num="76" count="8" type="stmt"/>
        <line num="87" count="10" type="cond" truecount="1" falsecount="0"/>
        <line num="88" count="6" type="cond" truecount="2" falsecount="0"/>
        <line num="89" count="6" type="stmt"/>
        <line num="109" count="10" type="stmt"/>
        <line num="110" count="6" type="stmt"/>
        <line num="130" count="10" type="stmt"/>
        <line num="131" count="10" type="stmt"/>
      </file>
      <file name="promo.repository.js" path="C:\Users\karin\Documents\belajar-fs\gigglefest\giggle-fest-be-repository\src\repositories\promo.repository.js">
        <metrics statements="16" coveredstatements="16" conditionals="6" coveredconditionals="6" methods="6" coveredmethods="6"/>
        <line num="3" count="10" type="stmt"/>
        <line num="5" count="10" type="stmt"/>
        <line num="6" count="5" type="stmt"/>
        <line num="16" count="10" type="cond" truecount="2" falsecount="0"/>
        <line num="17" count="7" type="stmt"/>
        <line num="19" count="7" type="stmt"/>
        <line num="30" count="7" type="stmt"/>
        <line num="41" count="10" type="stmt"/>
        <line num="42" count="7" type="stmt"/>
        <line num="49" count="10" type="stmt"/>
        <line num="50" count="4" type="stmt"/>
        <line num="55" count="10" type="stmt"/>
        <line num="56" count="8" type="stmt"/>
        <line num="63" count="8" type="stmt"/>
        <line num="69" count="10" type="stmt"/>
        <line num="70" count="4" type="stmt"/>
      </file>
      <file name="review.repository.js" path="C:\Users\karin\Documents\belajar-fs\gigglefest\giggle-fest-be-repository\src\repositories\review.repository.js">
        <metrics statements="24" coveredstatements="24" conditionals="6" coveredconditionals="6" methods="7" coveredmethods="7"/>
        <line num="3" count="10" type="stmt"/>
        <line num="5" count="10" type="stmt"/>
        <line num="6" count="6" type="stmt"/>
        <line num="40" count="10" type="cond" truecount="2" falsecount="0"/>
        <line num="41" count="7" type="stmt"/>
        <line num="43" count="7" type="stmt"/>
        <line num="70" count="7" type="stmt"/>
        <line num="72" count="7" type="stmt"/>
        <line num="83" count="10" type="stmt"/>
        <line num="84" count="3" type="stmt"/>
        <line num="105" count="10" type="stmt"/>
        <line num="109" count="5" type="stmt"/>
        <line num="111" count="5" type="stmt"/>
        <line num="139" count="5" type="stmt"/>
        <line num="141" count="5" type="stmt"/>
        <line num="152" count="10" type="cond" truecount="2" falsecount="0"/>
        <line num="153" count="6" type="stmt"/>
        <line num="155" count="6" type="stmt"/>
        <line num="177" count="6" type="stmt"/>
        <line num="179" count="6" type="stmt"/>
        <line num="190" count="10" type="stmt"/>
        <line num="191" count="5" type="stmt"/>
        <line num="216" count="10" type="stmt"/>
        <line num="217" count="5" type="stmt"/>
      </file>
      <file name="ticket.repository.js" path="C:\Users\karin\Documents\belajar-fs\gigglefest\giggle-fest-be-repository\src\repositories\ticket.repository.js">
        <metrics statements="29" coveredstatements="29" conditionals="16" coveredconditionals="16" methods="7" coveredmethods="7"/>
        <line num="3" count="10" type="stmt"/>
        <line num="5" count="10" type="stmt"/>
        <line num="6" count="3" type="stmt"/>
        <line num="15" count="10" type="stmt"/>
        <line num="25" count="28" type="stmt"/>
        <line num="26" count="28" type="stmt"/>
        <line num="28" count="28" type="cond" truecount="2" falsecount="0"/>
        <line num="29" count="4" type="stmt"/>
        <line num="35" count="28" type="cond" truecount="4" falsecount="0"/>
        <line num="36" count="6" type="stmt"/>
        <line num="42" count="28" type="cond" truecount="2" falsecount="0"/>
        <line num="43" count="3" type="stmt"/>
        <line num="49" count="28" type="cond" truecount="2" falsecount="0"/>
        <line num="50" count="2" type="stmt"/>
        <line num="53" count="28" type="cond" truecount="2" falsecount="0"/>
        <line num="54" count="2" type="stmt"/>
        <line num="57" count="28" type="stmt"/>
        <line num="73" count="28" type="stmt"/>
        <line num="75" count="28" type="stmt"/>
        <line num="86" count="10" type="stmt"/>
        <line num="87" count="15" type="stmt"/>
        <line num="96" count="10" type="stmt"/>
        <line num="97" count="6" type="stmt"/>
        <line num="107" count="10" type="stmt"/>
        <line num="108" count="4" type="stmt"/>
        <line num="113" count="10" type="stmt"/>
        <line num="114" count="5" type="stmt"/>
        <line num="126" count="10" type="stmt"/>
        <line num="127" count="6" type="stmt"/>
      </file>
      <file name="user.repository.js" path="C:\Users\karin\Documents\belajar-fs\gigglefest\giggle-fest-be-repository\src\repositories\user.repository.js">
        <metrics statements="31" coveredstatements="31" conditionals="7" coveredconditionals="4" methods="10" coveredmethods="10"/>
        <line num="2" count="11" type="stmt"/>
        <line num="4" count="11" type="stmt"/>
        <line num="6" count="11" type="stmt"/>
        <line num="8" count="11" type="stmt"/>
        <line num="9" count="19" type="stmt"/>
        <line num="26" count="11" type="stmt"/>
        <line num="27" count="2" type="stmt"/>
        <line num="43" count="11" type="stmt"/>
        <line num="44" count="1" type="stmt"/>
        <line num="46" count="11" type="stmt"/>
        <line num="47" count="3" type="stmt"/>
        <line num="55" count="3" type="cond" truecount="2" falsecount="0"/>
        <line num="56" count="1" type="stmt"/>
        <line num="59" count="2" type="stmt"/>
        <line num="60" count="2" type="stmt"/>
        <line num="64" count="2" type="stmt"/>
        <line num="68" count="2" type="stmt"/>
        <line num="72" count="2" type="stmt"/>
        <line num="76" count="2" type="stmt"/>
        <line num="80" count="2" type="cond" truecount="2" falsecount="0"/>
        <line num="81" count="1" type="stmt"/>
        <line num="88" count="11" type="cond" truecount="0" falsecount="3"/>
        <line num="89" count="4" type="stmt"/>
        <line num="91" count="4" type="stmt"/>
        <line num="98" count="4" type="stmt"/>
        <line num="122" count="4" type="stmt"/>
        <line num="124" count="4" type="stmt"/>
        <line num="135" count="11" type="stmt"/>
        <line num="136" count="2" type="stmt"/>
        <line num="138" count="11" type="stmt"/>
        <line num="139" count="2" type="stmt"/>
      </file>
    </package>
    <package name="src.routes">
      <metrics statements="102" coveredstatements="97" conditionals="2" coveredconditionals="1" methods="2" coveredmethods="0"/>
      <file name="auth.routes.js" path="C:\Users\karin\Documents\belajar-fs\gigglefest\giggle-fest-be-repository\src\routes\auth.routes.js">
        <metrics statements="9" coveredstatements="9" conditionals="0" coveredconditionals="0" methods="0" coveredmethods="0"/>
        <line num="29" count="9" type="stmt"/>
        <line num="31" count="9" type="stmt"/>
        <line num="32" count="9" type="stmt"/>
        <line num="33" count="9" type="stmt"/>
        <line num="34" count="9" type="stmt"/>
        <line num="42" count="9" type="stmt"/>
        <line num="47" count="9" type="stmt"/>
        <line num="52" count="9" type="stmt"/>
        <line num="57" count="9" type="stmt"/>
      </file>
      <file name="cart.routes.js" path="C:\Users\karin\Documents\belajar-fs\gigglefest\giggle-fest-be-repository\src\routes\cart.routes.js">
        <metrics statements="7" coveredstatements="7" conditionals="0" coveredconditionals="0" methods="0" coveredmethods="0"/>
        <line num="16" count="9" type="stmt"/>
        <line num="18" count="9" type="stmt"/>
        <line num="20" count="9" type="stmt"/>
        <line num="22" count="9" type="stmt"/>
        <line num="24" count="9" type="stmt"/>
        <line num="30" count="9" type="stmt"/>
        <line num="32" count="9" type="stmt"/>
      </file>
      <file name="category.routes.js" path="C:\Users\karin\Documents\belajar-fs\gigglefest\giggle-fest-be-repository\src\routes\category.routes.js">
        <metrics statements="7" coveredstatements="7" conditionals="0" coveredconditionals="0" methods="0" coveredmethods="0"/>
        <line num="17" count="9" type="stmt"/>
        <line num="19" count="9" type="stmt"/>
        <line num="25" count="9" type="stmt"/>
        <line num="27" count="9" type="stmt"/>
        <line num="29" count="9" type="stmt"/>
        <line num="35" count="9" type="stmt"/>
        <line num="41" count="9" type="stmt"/>
      </file>
      <file name="documentation.routes.js" path="C:\Users\karin\Documents\belajar-fs\gigglefest\giggle-fest-be-repository\src\routes\documentation.routes.js">
        <metrics statements="14" coveredstatements="10" conditionals="2" coveredconditionals="1" methods="1" coveredmethods="0"/>
        <line num="8" count="9" type="stmt"/>
        <line num="9" count="9" type="stmt"/>
        <line num="13" count="9" type="stmt"/>
        <line num="14" count="9" type="stmt"/>
        <line num="15" count="9" type="cond" truecount="1" falsecount="1"/>
        <line num="16" count="9" type="stmt"/>
        <line num="18" count="0" type="stmt"/>
        <line num="29" count="0" type="stmt"/>
        <line num="40" count="9" type="stmt"/>
        <line num="42" count="9" type="stmt"/>
        <line num="43" count="0" type="stmt"/>
        <line num="44" count="0" type="stmt"/>
        <line num="47" count="9" type="stmt"/>
        <line num="48" count="9" type="stmt"/>
      </file>
      <file name="event.routes.js" path="C:\Users\karin\Documents\belajar-fs\gigglefest\giggle-fest-be-repository\src\routes\event.routes.js">
        <metrics statements="7" coveredstatements="7" conditionals="0" coveredconditionals="0" methods="0" coveredmethods="0"/>
        <line num="18" count="9" type="stmt"/>
        <line num="20" count="9" type="stmt"/>
        <line num="26" count="9" type="stmt"/>
        <line num="28" count="9" type="stmt"/>
        <line num="30" count="9" type="stmt"/>
        <line num="37" count="9" type="stmt"/>
        <line num="44" count="9" type="stmt"/>
      </file>
      <file name="index.routes.js" path="C:\Users\karin\Documents\belajar-fs\gigglefest\giggle-fest-be-repository\src\routes\index.routes.js">
        <metrics statements="13" coveredstatements="12" conditionals="0" coveredconditionals="0" methods="1" coveredmethods="0"/>
        <line num="13" count="9" type="stmt"/>
        <line num="16" count="9" type="stmt"/>
        <line num="17" count="0" type="stmt"/>
        <line num="20" count="9" type="stmt"/>
        <line num="21" count="9" type="stmt"/>
        <line num="22" count="9" type="stmt"/>
        <line num="23" count="9" type="stmt"/>
        <line num="24" count="9" type="stmt"/>
        <line num="25" count="9" type="stmt"/>
        <line num="26" count="9" type="stmt"/>
        <line num="27" count="9" type="stmt"/>
        <line num="28" count="9" type="stmt"/>
        <line num="29" count="9" type="stmt"/>
      </file>
      <file name="notification.routes.js" path="C:\Users\karin\Documents\belajar-fs\gigglefest\giggle-fest-be-repository\src\routes\notification.routes.js">
        <metrics statements="8" coveredstatements="8" conditionals="0" coveredconditionals="0" methods="0" coveredmethods="0"/>
        <line num="17" count="9" type="stmt"/>
        <line num="19" count="9" type="stmt"/>
        <line num="21" count="9" type="stmt"/>
        <line num="27" count="9" type="stmt"/>
        <line num="33" count="9" type="stmt"/>
        <line num="34" count="9" type="stmt"/>
        <line num="35" count="9" type="stmt"/>
        <line num="36" count="9" type="stmt"/>
      </file>
      <file name="payment.routes.js" path="C:\Users\karin\Documents\belajar-fs\gigglefest\giggle-fest-be-repository\src\routes\payment.routes.js">
        <metrics statements="6" coveredstatements="6" conditionals="0" coveredconditionals="0" methods="0" coveredmethods="0"/>
        <line num="15" count="9" type="stmt"/>
        <line num="17" count="9" type="stmt"/>
        <line num="19" count="9" type="stmt"/>
        <line num="25" count="9" type="stmt"/>
        <line num="31" count="9" type="stmt"/>
        <line num="32" count="9" type="stmt"/>
      </file>
      <file name="promo.routes.js" path="C:\Users\karin\Documents\belajar-fs\gigglefest\giggle-fest-be-repository\src\routes\promo.routes.js">
        <metrics statements="7" coveredstatements="7" conditionals="0" coveredconditionals="0" methods="0" coveredmethods="0"/>
        <line num="17" count="9" type="stmt"/>
        <line num="19" count="9" type="stmt"/>
        <line num="21" count="9" type="stmt"/>
        <line num="23" count="9" type="stmt"/>
        <line num="29" count="9" type="stmt"/>
        <line num="35" count="9" type="stmt"/>
        <line num="41" count="9" type="stmt"/>
      </file>
      <file name="review.routes.js" path="C:\Users\karin\Documents\belajar-fs\gigglefest\giggle-fest-be-repository\src\routes\review.routes.js">
        <metrics statements="9" coveredstatements="9" conditionals="0" coveredconditionals="0" methods="0" coveredmethods="0"/>
        <line num="19" count="9" type="stmt"/>
        <line num="21" count="9" type="stmt"/>
        <line num="27" count="9" type="stmt"/>
        <line num="28" count="9" type="stmt"/>
        <line num="29" count="9" type="stmt"/>
        <line num="31" count="9" type="stmt"/>
        <line num="33" count="9" type="stmt"/>
        <line num="39" count="9" type="stmt"/>
        <line num="45" count="9" type="stmt"/>
      </file>
      <file name="ticket.routes.js" path="C:\Users\karin\Documents\belajar-fs\gigglefest\giggle-fest-be-repository\src\routes\ticket.routes.js">
        <metrics statements="9" coveredstatements="9" conditionals="0" coveredconditionals="0" methods="0" coveredmethods="0"/>
        <line num="20" count="9" type="stmt"/>
        <line num="22" count="9" type="stmt"/>
        <line num="28" count="9" type="stmt"/>
        <line num="29" count="9" type="stmt"/>
        <line num="30" count="9" type="stmt"/>
        <line num="32" count="9" type="stmt"/>
        <line num="34" count="9" type="stmt"/>
        <line num="41" count="9" type="stmt"/>
        <line num="48" count="9" type="stmt"/>
      </file>
      <file name="user.routes.js" path="C:\Users\karin\Documents\belajar-fs\gigglefest\giggle-fest-be-repository\src\routes\user.routes.js">
        <metrics statements="6" coveredstatements="6" conditionals="0" coveredconditionals="0" methods="0" coveredmethods="0"/>
        <line num="14" count="9" type="stmt"/>
        <line num="16" count="9" type="stmt"/>
        <line num="18" count="9" type="stmt"/>
        <line num="24" count="9" type="stmt"/>
        <line num="26" count="9" type="stmt"/>
        <line num="32" count="9" type="stmt"/>
      </file>
    </package>
    <package name="src.services">
      <metrics statements="404" coveredstatements="404" conditionals="197" coveredconditionals="195" methods="64" coveredmethods="64"/>
      <file name="cart.service.js" path="C:\Users\karin\Documents\belajar-fs\gigglefest\giggle-fest-be-repository\src\services\cart.service.js">
        <metrics statements="42" coveredstatements="42" conditionals="18" coveredconditionals="18" methods="7" coveredmethods="7"/>
        <line num="4" count="10" type="stmt"/>
        <line num="5" count="16" type="stmt"/>
        <line num="6" count="16" type="cond" truecount="2" falsecount="0"/>
        <line num="7" count="10" type="stmt"/>
        <line num="10" count="6" type="cond" truecount="2" falsecount="0"/>
        <line num="11" count="2" type="stmt"/>
        <line num="14" count="4" type="stmt"/>
        <line num="18" count="4" type="cond" truecount="2" falsecount="0"/>
        <line num="19" count="3" type="stmt"/>
        <line num="20" count="3" type="cond" truecount="2" falsecount="0"/>
        <line num="21" count="1" type="stmt"/>
        <line num="24" count="2" type="stmt"/>
        <line num="29" count="1" type="stmt"/>
        <line num="36" count="10" type="stmt"/>
        <line num="37" count="21" type="stmt"/>
        <line num="39" count="21" type="stmt"/>
        <line num="40" count="19" type="stmt"/>
        <line num="43" count="21" type="stmt"/>
        <line num="50" count="10" type="stmt"/>
        <line num="51" count="7" type="stmt"/>
        <line num="52" count="7" type="cond" truecount="2" falsecount="0"/>
        <line num="53" count="2" type="stmt"/>
        <line num="56" count="5" type="stmt"/>
        <line num="57" count="5" type="cond" truecount="2" falsecount="0"/>
        <line num="58" count="1" type="stmt"/>
        <line num="61" count="4" type="stmt"/>
        <line num="64" count="10" type="stmt"/>
        <line num="65" count="5" type="stmt"/>
        <line num="66" count="5" type="cond" truecount="2" falsecount="0"/>
        <line num="67" count="3" type="stmt"/>
        <line num="70" count="2" type="stmt"/>
        <line num="73" count="10" type="stmt"/>
        <line num="74" count="10" type="stmt"/>
        <line num="75" count="10" type="cond" truecount="2" falsecount="0"/>
        <line num="76" count="2" type="stmt"/>
        <line num="79" count="8" type="stmt"/>
        <line num="80" count="12" type="stmt"/>
        <line num="81" count="12" type="cond" truecount="2" falsecount="0"/>
        <line num="82" count="2" type="stmt"/>
        <line num="86" count="6" type="stmt"/>
        <line num="88" count="8" type="stmt"/>
        <line num="98" count="6" type="stmt"/>
      </file>
      <file name="category.service.js" path="C:\Users\karin\Documents\belajar-fs\gigglefest\giggle-fest-be-repository\src\services\category.service.js">
        <metrics statements="14" coveredstatements="14" conditionals="2" coveredconditionals="2" methods="5" coveredmethods="5"/>
        <line num="9" count="10" type="stmt"/>
        <line num="10" count="5" type="stmt"/>
        <line num="13" count="10" type="stmt"/>
        <line num="14" count="10" type="stmt"/>
        <line num="17" count="10" type="stmt"/>
        <line num="18" count="21" type="stmt"/>
        <line num="19" count="18" type="cond" truecount="2" falsecount="0"/>
        <line num="20" count="11" type="stmt"/>
        <line num="23" count="10" type="stmt"/>
        <line num="24" count="8" type="stmt"/>
        <line num="25" count="5" type="stmt"/>
        <line num="28" count="10" type="stmt"/>
        <line num="29" count="7" type="stmt"/>
        <line num="30" count="4" type="stmt"/>
      </file>
      <file name="event.service.js" path="C:\Users\karin\Documents\belajar-fs\gigglefest\giggle-fest-be-repository\src\services\event.service.js">
        <metrics statements="31" coveredstatements="31" conditionals="22" coveredconditionals="20" methods="5" coveredmethods="5"/>
        <line num="4" count="10" type="stmt"/>
        <line num="5" count="14" type="cond" truecount="2" falsecount="0"/>
        <line num="6" count="4" type="stmt"/>
        <line num="7" count="3" type="stmt"/>
        <line num="10" count="13" type="stmt"/>
        <line num="13" count="10" type="stmt"/>
        <line num="14" count="57" type="cond" truecount="2" falsecount="0"/>
        <line num="17" count="57" type="stmt"/>
        <line num="18" count="57" type="stmt"/>
        <line num="21" count="57" type="cond" truecount="3" falsecount="1"/>
        <line num="22" count="57" type="cond" truecount="3" falsecount="1"/>
        <line num="24" count="57" type="stmt"/>
        <line num="25" count="57" type="stmt"/>
        <line num="27" count="57" type="stmt"/>
        <line num="29" count="57" type="cond" truecount="2" falsecount="0"/>
        <line num="30" count="6" type="stmt"/>
        <line num="36" count="57" type="cond" truecount="2" falsecount="0"/>
        <line num="37" count="5" type="stmt"/>
        <line num="44" count="57" type="cond" truecount="4" falsecount="0"/>
        <line num="45" count="4" type="stmt"/>
        <line num="51" count="57" type="stmt"/>
        <line num="56" count="57" type="stmt"/>
        <line num="67" count="10" type="stmt"/>
        <line num="68" count="6" type="stmt"/>
        <line num="71" count="10" type="stmt"/>
        <line num="72" count="13" type="cond" truecount="2" falsecount="0"/>
        <line num="73" count="3" type="stmt"/>
        <line num="74" count="2" type="stmt"/>
        <line num="77" count="12" type="stmt"/>
        <line num="80" count="10" type="stmt"/>
        <line num="81" count="7" type="stmt"/>
      </file>
      <file name="notification.service.js" path="C:\Users\karin\Documents\belajar-fs\gigglefest\giggle-fest-be-repository\src\services\notification.service.js">
        <metrics statements="12" coveredstatements="12" conditionals="0" coveredconditionals="0" methods="6" coveredmethods="6"/>
        <line num="3" count="10" type="stmt"/>
        <line num="4" count="6" type="stmt"/>
        <line num="7" count="10" type="stmt"/>
        <line num="8" count="7" type="stmt"/>
        <line num="11" count="10" type="stmt"/>
        <line num="12" count="5" type="stmt"/>
        <line num="17" count="10" type="stmt"/>
        <line num="18" count="5" type="stmt"/>
        <line num="23" count="10" type="stmt"/>
        <line num="24" count="7" type="stmt"/>
        <line num="27" count="10" type="stmt"/>
        <line num="28" count="6" type="stmt"/>
      </file>
      <file name="password.service.js" path="C:\Users\karin\Documents\belajar-fs\gigglefest\giggle-fest-be-repository\src\services\password.service.js">
        <metrics statements="58" coveredstatements="58" conditionals="36" coveredconditionals="36" methods="4" coveredmethods="4"/>
        <line num="6" count="10" type="stmt"/>
        <line num="7" count="7" type="stmt"/>
        <line num="8" count="6" type="cond" truecount="2" falsecount="0"/>
        <line num="9" count="1" type="stmt"/>
        <line num="12" count="5" type="stmt"/>
        <line num="18" count="5" type="stmt"/>
        <line num="24" count="5" type="stmt"/>
        <line num="27" count="10" type="stmt"/>
        <line num="28" count="8" type="stmt"/>
        <line num="29" count="8" type="stmt"/>
        <line num="31" count="5" type="cond" truecount="2" falsecount="0"/>
        <line num="32" count="1" type="stmt"/>
        <line num="35" count="4" type="stmt"/>
        <line num="36" count="4" type="stmt"/>
        <line num="38" count="4" type="stmt"/>
        <line num="43" count="4" type="stmt"/>
        <line num="45" count="4" type="cond" truecount="2" falsecount="0"/>
        <line num="46" count="1" type="stmt"/>
        <line num="48" count="3" type="cond" truecount="2" falsecount="0"/>
        <line num="49" count="1" type="stmt"/>
        <line num="51" count="2" type="stmt"/>
        <line num="55" count="10" type="stmt"/>
        <line num="56" count="10" type="stmt"/>
        <line num="57" count="10" type="stmt"/>
        <line num="59" count="7" type="cond" truecount="2" falsecount="0"/>
        <line num="60" count="1" type="stmt"/>
        <line num="63" count="6" type="cond" truecount="4" falsecount="0"/>
        <line num="64" count="2" type="stmt"/>
        <line num="67" count="4" type="cond" truecount="2" falsecount="0"/>
        <line num="68" count="2" type="stmt"/>
        <line num="71" count="2" type="stmt"/>
        <line num="72" count="2" type="cond" truecount="2" falsecount="0"/>
        <line num="73" count="1" type="stmt"/>
        <line num="76" count="1" type="stmt"/>
        <line num="78" count="9" type="cond" truecount="2" falsecount="0"/>
        <line num="79" count="1" type="stmt"/>
        <line num="81" count="8" type="cond" truecount="2" falsecount="0"/>
        <line num="82" count="1" type="stmt"/>
        <line num="84" count="7" type="stmt"/>
        <line num="88" count="10" type="stmt"/>
        <line num="89" count="11" type="stmt"/>
        <line num="90" count="11" type="stmt"/>
        <line num="92" count="8" type="cond" truecount="2" falsecount="0"/>
        <line num="93" count="1" type="stmt"/>
        <line num="96" count="7" type="cond" truecount="4" falsecount="0"/>
        <line num="97" count="1" type="stmt"/>
        <line num="100" count="6" type="cond" truecount="2" falsecount="0"/>
        <line num="101" count="1" type="stmt"/>
        <line num="104" count="5" type="stmt"/>
        <line num="105" count="5" type="cond" truecount="2" falsecount="0"/>
        <line num="106" count="2" type="stmt"/>
        <line num="109" count="3" type="stmt"/>
        <line num="111" count="3" type="stmt"/>
        <line num="118" count="8" type="cond" truecount="2" falsecount="0"/>
        <line num="119" count="1" type="stmt"/>
        <line num="121" count="7" type="cond" truecount="2" falsecount="0"/>
        <line num="122" count="1" type="stmt"/>
        <line num="124" count="6" type="stmt"/>
      </file>
      <file name="payment.service.js" path="C:\Users\karin\Documents\belajar-fs\gigglefest\giggle-fest-be-repository\src\services\payment.service.js">
        <metrics statements="81" coveredstatements="81" conditionals="39" coveredconditionals="39" methods="8" coveredmethods="8"/>
        <line num="8" count="10" type="stmt"/>
        <line num="9" count="7" type="stmt"/>
        <line num="12" count="10" type="stmt"/>
        <line num="16" count="8" type="stmt"/>
        <line num="21" count="8" type="cond" truecount="2" falsecount="0"/>
        <line num="22" count="1" type="stmt"/>
        <line num="25" count="7" type="cond" truecount="2" falsecount="0"/>
        <line num="26" count="1" type="stmt"/>
        <line num="29" count="6" type="cond" truecount="2" falsecount="0"/>
        <line num="30" count="1" type="stmt"/>
        <line num="33" count="5" type="stmt"/>
        <line num="34" count="5" type="stmt"/>
        <line num="35" count="5" type="stmt"/>
        <line num="36" count="5" type="stmt"/>
        <line num="38" count="5" type="cond" truecount="2" falsecount="0"/>
        <line num="39" count="3" type="stmt"/>
        <line num="40" count="3" type="cond" truecount="2" falsecount="0"/>
        <line num="41" count="1" type="stmt"/>
        <line num="43" count="2" type="stmt"/>
        <line num="44" count="2" type="stmt"/>
        <line num="47" count="4" type="stmt"/>
        <line num="49" count="4" type="stmt"/>
        <line num="54" count="4" type="stmt"/>
        <line num="61" count="4" type="stmt"/>
        <line num="63" count="4" type="stmt"/>
        <line num="71" count="4" type="cond" truecount="2" falsecount="0"/>
        <line num="72" count="2" type="stmt"/>
        <line num="81" count="4" type="stmt"/>
        <line num="87" count="4" type="stmt"/>
        <line num="97" count="4" type="stmt"/>
        <line num="104" count="10" type="stmt"/>
        <line num="105" count="23" type="stmt"/>
        <line num="106" count="23" type="stmt"/>
        <line num="107" count="19" type="cond" truecount="2" falsecount="0"/>
        <line num="108" count="1" type="stmt"/>
        <line num="111" count="18" type="cond" truecount="4" falsecount="0"/>
        <line num="112" count="2" type="stmt"/>
        <line num="115" count="16" type="stmt"/>
        <line num="116" count="16" type="stmt"/>
        <line num="119" count="14" type="cond" truecount="2" falsecount="0"/>
        <line num="120" count="2" type="stmt"/>
        <line num="124" count="12" type="cond" truecount="2" falsecount="0"/>
        <line num="125" count="6" type="stmt"/>
        <line num="126" count="6" type="cond" truecount="2" falsecount="0"/>
        <line num="131" count="5" type="stmt"/>
        <line num="133" count="1" type="stmt"/>
        <line num="136" count="14" type="stmt"/>
        <line num="140" count="14" type="stmt"/>
        <line num="142" count="2" type="stmt"/>
        <line num="143" count="2" type="stmt"/>
        <line num="144" count="2" type="stmt"/>
        <line num="146" count="2" type="cond" truecount="2" falsecount="0"/>
        <line num="147" count="1" type="stmt"/>
        <line num="149" count="1" type="stmt"/>
        <line num="152" count="5" type="stmt"/>
        <line num="153" count="5" type="stmt"/>
        <line num="157" count="10" type="stmt"/>
        <line num="158" count="4" type="stmt"/>
        <line num="160" count="4" type="stmt"/>
        <line num="162" count="7" type="cond" truecount="2" falsecount="0"/>
        <line num="163" count="4" type="stmt"/>
        <line num="164" count="4" type="stmt"/>
        <line num="166" count="1" type="stmt"/>
        <line num="175" count="4" type="stmt"/>
        <line num="178" count="10" type="cond" truecount="1" falsecount="0"/>
        <line num="179" count="6" type="stmt"/>
        <line num="180" count="6" type="cond" truecount="2" falsecount="0"/>
        <line num="181" count="1" type="stmt"/>
        <line num="184" count="5" type="cond" truecount="2" falsecount="0"/>
        <line num="185" count="2" type="stmt"/>
        <line num="186" count="2" type="stmt"/>
        <line num="188" count="1" type="stmt"/>
        <line num="192" count="4" type="stmt"/>
        <line num="195" count="10" type="stmt"/>
        <line num="196" count="5" type="stmt"/>
        <line num="201" count="5" type="stmt"/>
        <line num="203" count="6" type="cond" truecount="2" falsecount="0"/>
        <line num="204" count="4" type="stmt"/>
        <line num="205" count="4" type="stmt"/>
        <line num="207" count="1" type="stmt"/>
        <line num="216" count="5" type="stmt"/>
      </file>
      <file name="promo.service.js" path="C:\Users\karin\Documents\belajar-fs\gigglefest\giggle-fest-be-repository\src\services\promo.service.js">
        <metrics statements="28" coveredstatements="28" conditionals="15" coveredconditionals="15" methods="5" coveredmethods="5"/>
        <line num="4" count="10" type="stmt"/>
        <line num="5" count="4" type="stmt"/>
        <line num="8" count="4" type="cond" truecount="2" falsecount="0"/>
        <line num="9" count="1" type="stmt"/>
        <line num="12" count="3" type="stmt"/>
        <line num="14" count="3" type="stmt"/>
        <line num="21" count="3" type="stmt"/>
        <line num="24" count="10" type="stmt"/>
        <line num="25" count="4" type="stmt"/>
        <line num="28" count="10" type="stmt"/>
        <line num="29" count="6" type="stmt"/>
        <line num="30" count="6" type="cond" truecount="2" falsecount="0"/>
        <line num="31" count="1" type="stmt"/>
        <line num="34" count="5" type="stmt"/>
        <line num="35" count="5" type="cond" truecount="4" falsecount="0"/>
        <line num="36" count="2" type="stmt"/>
        <line num="39" count="3" type="stmt"/>
        <line num="42" count="10" type="stmt"/>
        <line num="43" count="7" type="stmt"/>
        <line num="45" count="7" type="cond" truecount="5" falsecount="0"/>
        <line num="46" count="5" type="stmt"/>
        <line num="56" count="7" type="stmt"/>
        <line num="59" count="10" type="stmt"/>
        <line num="60" count="5" type="stmt"/>
        <line num="61" count="5" type="cond" truecount="2" falsecount="0"/>
        <line num="62" count="1" type="stmt"/>
        <line num="65" count="4" type="stmt"/>
        <line num="70" count="4" type="stmt"/>
      </file>
      <file name="review.service.js" path="C:\Users\karin\Documents\belajar-fs\gigglefest\giggle-fest-be-repository\src\services\review.service.js">
        <metrics statements="40" coveredstatements="40" conditionals="21" coveredconditionals="21" methods="8" coveredmethods="8"/>
        <line num="4" count="10" type="stmt"/>
        <line num="5" count="8" type="stmt"/>
        <line num="6" count="8" type="cond" truecount="2" falsecount="0"/>
        <line num="7" count="1" type="stmt"/>
        <line num="10" count="7" type="stmt"/>
        <line num="14" count="7" type="stmt"/>
        <line num="15" count="3" type="stmt"/>
        <line num="17" count="7" type="cond" truecount="2" falsecount="0"/>
        <line num="18" count="1" type="stmt"/>
        <line num="21" count="6" type="cond" truecount="4" falsecount="0"/>
        <line num="22" count="2" type="stmt"/>
        <line num="25" count="4" type="stmt"/>
        <line num="28" count="10" type="stmt"/>
        <line num="29" count="4" type="stmt"/>
        <line num="32" count="10" type="stmt"/>
        <line num="33" count="3" type="stmt"/>
        <line num="34" count="3" type="cond" truecount="2" falsecount="0"/>
        <line num="35" count="1" type="stmt"/>
        <line num="37" count="2" type="stmt"/>
        <line num="40" count="10" type="stmt"/>
        <line num="41" count="4" type="stmt"/>
        <line num="42" count="4" type="cond" truecount="2" falsecount="0"/>
        <line num="43" count="1" type="stmt"/>
        <line num="45" count="3" type="stmt"/>
        <line num="48" count="10" type="stmt"/>
        <line num="49" count="4" type="stmt"/>
        <line num="52" count="10" type="stmt"/>
        <line num="53" count="11" type="cond" truecount="5" falsecount="0"/>
        <line num="54" count="3" type="stmt"/>
        <line num="57" count="8" type="stmt"/>
        <line num="58" count="8" type="stmt"/>
        <line num="60" count="3" type="cond" truecount="2" falsecount="0"/>
        <line num="61" count="2" type="stmt"/>
        <line num="65" count="1" type="stmt"/>
        <line num="69" count="10" type="stmt"/>
        <line num="70" count="6" type="stmt"/>
        <line num="71" count="6" type="stmt"/>
        <line num="73" count="4" type="cond" truecount="2" falsecount="0"/>
        <line num="74" count="3" type="stmt"/>
        <line num="78" count="1" type="stmt"/>
      </file>
      <file name="ticket.service.js" path="C:\Users\karin\Documents\belajar-fs\gigglefest\giggle-fest-be-repository\src\services\ticket.service.js">
        <metrics statements="37" coveredstatements="37" conditionals="24" coveredconditionals="24" methods="7" coveredmethods="7"/>
        <line num="12" count="10" type="stmt"/>
        <line num="14" count="10" type="stmt"/>
        <line num="15" count="10" type="stmt"/>
        <line num="18" count="10" type="cond" truecount="2" falsecount="0"/>
        <line num="20" count="8" type="stmt"/>
        <line num="23" count="8" type="cond" truecount="2" falsecount="0"/>
        <line num="25" count="3" type="stmt"/>
        <line num="28" count="3" type="cond" truecount="2" falsecount="0"/>
        <line num="30" count="2" type="stmt"/>
        <line num="33" count="10" type="stmt"/>
        <line num="34" count="26" type="cond" truecount="2" falsecount="0"/>
        <line num="35" count="5" type="stmt"/>
        <line num="38" count="5" type="cond" truecount="2" falsecount="0"/>
        <line num="41" count="24" type="cond" truecount="2" falsecount="0"/>
        <line num="42" count="5" type="stmt"/>
        <line num="45" count="5" type="cond" truecount="2" falsecount="0"/>
        <line num="48" count="22" type="stmt"/>
        <line num="51" count="10" type="stmt"/>
        <line num="52" count="4" type="stmt"/>
        <line num="53" count="4" type="cond" truecount="2" falsecount="0"/>
        <line num="54" count="2" type="stmt"/>
        <line num="57" count="10" type="stmt"/>
        <line num="58" count="5" type="stmt"/>
        <line num="59" count="5" type="cond" truecount="2" falsecount="0"/>
        <line num="60" count="3" type="stmt"/>
        <line num="63" count="10" type="stmt"/>
        <line num="64" count="5" type="stmt"/>
        <line num="65" count="5" type="cond" truecount="2" falsecount="0"/>
        <line num="66" count="3" type="stmt"/>
        <line num="69" count="10" type="stmt"/>
        <line num="70" count="6" type="stmt"/>
        <line num="73" count="6" type="cond" truecount="2" falsecount="0"/>
        <line num="75" count="3" type="stmt"/>
        <line num="78" count="10" type="stmt"/>
        <line num="79" count="7" type="stmt"/>
        <line num="82" count="7" type="cond" truecount="2" falsecount="0"/>
        <line num="84" count="5" type="stmt"/>
      </file>
      <file name="user.service.js" path="C:\Users\karin\Documents\belajar-fs\gigglefest\giggle-fest-be-repository\src\services\user.service.js">
        <metrics statements="61" coveredstatements="61" conditionals="20" coveredconditionals="20" methods="9" coveredmethods="9"/>
        <line num="7" count="11" type="stmt"/>
        <line num="8" count="8" type="stmt"/>
        <line num="9" count="8" type="cond" truecount="2" falsecount="0"/>
        <line num="10" count="3" type="stmt"/>
        <line num="13" count="5" type="stmt"/>
        <line num="14" count="5" type="stmt"/>
        <line num="16" count="5" type="stmt"/>
        <line num="22" count="5" type="stmt"/>
        <line num="30" count="5" type="stmt"/>
        <line num="32" count="5" type="stmt"/>
        <line num="33" count="5" type="stmt"/>
        <line num="35" count="5" type="stmt"/>
        <line num="38" count="11" type="stmt"/>
        <line num="39" count="4" type="stmt"/>
        <line num="43" count="4" type="cond" truecount="2" falsecount="0"/>
        <line num="44" count="1" type="stmt"/>
        <line num="47" count="3" type="stmt"/>
        <line num="53" count="11" type="stmt"/>
        <line num="54" count="5" type="stmt"/>
        <line num="55" count="5" type="cond" truecount="2" falsecount="0"/>
        <line num="56" count="1" type="stmt"/>
        <line num="59" count="4" type="cond" truecount="2" falsecount="0"/>
        <line num="60" count="1" type="stmt"/>
        <line num="63" count="3" type="stmt"/>
        <line num="65" count="3" type="stmt"/>
        <line num="70" count="3" type="stmt"/>
        <line num="72" count="3" type="stmt"/>
        <line num="75" count="11" type="stmt"/>
        <line num="76" count="21" type="stmt"/>
        <line num="77" count="21" type="cond" truecount="2" falsecount="0"/>
        <line num="78" count="2" type="stmt"/>
        <line num="81" count="19" type="stmt"/>
        <line num="82" count="19" type="cond" truecount="2" falsecount="0"/>
        <line num="83" count="3" type="stmt"/>
        <line num="86" count="16" type="cond" truecount="2" falsecount="0"/>
        <line num="87" count="1" type="stmt"/>
        <line num="92" count="15" type="stmt"/>
        <line num="93" count="15" type="stmt"/>
        <line num="95" count="15" type="stmt"/>
        <line num="98" count="11" type="stmt"/>
        <line num="99" count="9" type="stmt"/>
        <line num="100" count="9" type="stmt"/>
        <line num="101" count="14" type="stmt"/>
        <line num="104" count="9" type="cond" truecount="2" falsecount="0"/>
        <line num="105" count="4" type="stmt"/>
        <line num="112" count="5" type="stmt"/>
        <line num="113" count="5" type="cond" truecount="2" falsecount="0"/>
        <line num="114" count="1" type="stmt"/>
        <line num="117" count="4" type="stmt"/>
        <line num="120" count="11" type="stmt"/>
        <line num="121" count="4" type="stmt"/>
        <line num="122" count="4" type="stmt"/>
        <line num="123" count="2" type="stmt"/>
        <line num="125" count="2" type="stmt"/>
        <line num="129" count="11" type="stmt"/>
        <line num="130" count="5" type="stmt"/>
        <line num="133" count="11" type="stmt"/>
        <line num="134" count="3" type="stmt"/>
        <line num="135" count="3" type="cond" truecount="2" falsecount="0"/>
        <line num="136" count="1" type="stmt"/>
        <line num="138" count="2" type="stmt"/>
      </file>
    </package>
    <package name="src.utils">
      <metrics statements="31" coveredstatements="13" conditionals="12" coveredconditionals="4" methods="9" coveredmethods="4"/>
      <file name="email.service.js" path="C:\Users\karin\Documents\belajar-fs\gigglefest\giggle-fest-be-repository\src\utils\email.service.js">
        <metrics statements="23" coveredstatements="5" conditionals="8" coveredconditionals="1" methods="5" coveredmethods="0"/>
        <line num="6" count="10" type="cond" truecount="1" falsecount="1"/>
        <line num="7" count="0" type="stmt"/>
        <line num="18" count="0" type="stmt"/>
        <line num="19" count="0" type="cond" truecount="0" falsecount="2"/>
        <line num="20" count="0" type="stmt"/>
        <line num="22" count="0" type="stmt"/>
        <line num="27" count="10" type="stmt"/>
        <line num="29" count="0" type="stmt"/>
        <line num="30" count="0" type="stmt"/>
        <line num="35" count="10" type="stmt"/>
        <line num="36" count="0" type="stmt"/>
        <line num="108" count="10" type="stmt"/>
        <line num="109" count="0" type="stmt"/>
        <line num="110" count="0" type="stmt"/>
        <line num="112" count="0" type="stmt"/>
        <line num="122" count="0" type="stmt"/>
        <line num="123" count="0" type="stmt"/>
        <line num="125" count="0" type="stmt"/>
        <line num="127" count="0" type="stmt"/>
        <line num="128" count="0" type="stmt"/>
        <line num="132" count="10" type="stmt"/>
        <line num="133" count="0" type="stmt"/>
        <line num="174" count="0" type="stmt"/>
      </file>
      <file name="response.js" path="C:\Users\karin\Documents\belajar-fs\gigglefest\giggle-fest-be-repository\src\utils\response.js">
        <metrics statements="4" coveredstatements="4" conditionals="4" coveredconditionals="3" methods="2" coveredmethods="2"/>
        <line num="1" count="12" type="stmt"/>
        <line num="7" count="98" type="stmt"/>
        <line num="14" count="12" type="cond" truecount="1" falsecount="1"/>
        <line num="15" count="163" type="stmt"/>
      </file>
      <file name="token.js" path="C:\Users\karin\Documents\belajar-fs\gigglefest\giggle-fest-be-repository\src\utils\token.js">
        <metrics statements="4" coveredstatements="4" conditionals="0" coveredconditionals="0" methods="2" coveredmethods="2"/>
        <line num="3" count="11" type="stmt"/>
        <line num="4" count="15" type="stmt"/>
        <line num="17" count="11" type="stmt"/>
        <line num="18" count="57" type="stmt"/>
      </file>
    </package>
    <package name="src.validators">
      <metrics statements="65" coveredstatements="58" conditionals="40" coveredconditionals="31" methods="18" coveredmethods="16"/>
      <file name="cart.validator.js" path="C:\Users\karin\Documents\belajar-fs\gigglefest\giggle-fest-be-repository\src\validators\cart.validator.js">
        <metrics statements="8" coveredstatements="7" conditionals="4" coveredconditionals="3" methods="3" coveredmethods="3"/>
        <line num="3" count="10" type="stmt"/>
        <line num="4" count="89" type="cond" truecount="2" falsecount="0"/>
        <line num="5" count="63" type="cond" truecount="1" falsecount="1"/>
        <line num="6" count="0" type="stmt"/>
        <line num="9" count="10" type="stmt"/>
        <line num="15" count="34" type="stmt"/>
        <line num="20" count="10" type="stmt"/>
        <line num="25" count="22" type="stmt"/>
      </file>
      <file name="category.validator.js" path="C:\Users\karin\Documents\belajar-fs\gigglefest\giggle-fest-be-repository\src\validators\category.validator.js">
        <metrics statements="3" coveredstatements="3" conditionals="0" coveredconditionals="0" methods="0" coveredmethods="0"/>
        <line num="3" count="10" type="stmt"/>
        <line num="7" count="10" type="stmt"/>
        <line num="9" count="10" type="stmt"/>
      </file>
      <file name="event.validator.js" path="C:\Users\karin\Documents\belajar-fs\gigglefest\giggle-fest-be-repository\src\validators\event.validator.js">
        <metrics statements="4" coveredstatements="4" conditionals="0" coveredconditionals="0" methods="1" coveredmethods="1"/>
        <line num="3" count="9" type="stmt"/>
        <line num="6" count="11" type="stmt"/>
        <line num="10" count="9" type="stmt"/>
        <line num="12" count="9" type="stmt"/>
      </file>
      <file name="notification.validator.js" path="C:\Users\karin\Documents\belajar-fs\gigglefest\giggle-fest-be-repository\src\validators\notification.validator.js">
        <metrics statements="2" coveredstatements="2" conditionals="0" coveredconditionals="0" methods="0" coveredmethods="0"/>
        <line num="3" count="9" type="stmt"/>
        <line num="8" count="9" type="stmt"/>
      </file>
      <file name="payment.validator.js" path="C:\Users\karin\Documents\belajar-fs\gigglefest\giggle-fest-be-repository\src\validators\payment.validator.js">
        <metrics statements="7" coveredstatements="6" conditionals="4" coveredconditionals="3" methods="2" coveredmethods="2"/>
        <line num="3" count="10" type="stmt"/>
        <line num="4" count="84" type="cond" truecount="2" falsecount="0"/>
        <line num="5" count="61" type="cond" truecount="1" falsecount="1"/>
        <line num="6" count="0" type="stmt"/>
        <line num="9" count="10" type="stmt"/>
        <line num="15" count="42" type="stmt"/>
        <line num="21" count="10" type="stmt"/>
      </file>
      <file name="promo.validator.js" path="C:\Users\karin\Documents\belajar-fs\gigglefest\giggle-fest-be-repository\src\validators\promo.validator.js">
        <metrics statements="9" coveredstatements="8" conditionals="8" coveredconditionals="7" methods="3" coveredmethods="3"/>
        <line num="3" count="10" type="stmt"/>
        <line num="4" count="23" type="cond" truecount="2" falsecount="0"/>
        <line num="5" count="5" type="cond" truecount="1" falsecount="1"/>
        <line num="6" count="0" type="stmt"/>
        <line num="9" count="10" type="stmt"/>
        <line num="14" count="43" type="cond" truecount="2" falsecount="0"/>
        <line num="21" count="10" type="stmt"/>
        <line num="26" count="13" type="cond" truecount="2" falsecount="0"/>
        <line num="34" count="10" type="stmt"/>
      </file>
      <file name="review.validator.js" path="C:\Users\karin\Documents\belajar-fs\gigglefest\giggle-fest-be-repository\src\validators\review.validator.js">
        <metrics statements="9" coveredstatements="8" conditionals="8" coveredconditionals="7" methods="3" coveredmethods="3"/>
        <line num="3" count="10" type="stmt"/>
        <line num="4" count="106" type="cond" truecount="2" falsecount="0"/>
        <line num="5" count="88" type="cond" truecount="1" falsecount="1"/>
        <line num="6" count="0" type="stmt"/>
        <line num="9" count="10" type="stmt"/>
        <line num="14" count="44" type="cond" truecount="2" falsecount="0"/>
        <line num="21" count="10" type="stmt"/>
        <line num="26" count="20" type="cond" truecount="2" falsecount="0"/>
        <line num="33" count="10" type="stmt"/>
      </file>
      <file name="ticket.validator.js" path="C:\Users\karin\Documents\belajar-fs\gigglefest\giggle-fest-be-repository\src\validators\ticket.validator.js">
        <metrics statements="7" coveredstatements="6" conditionals="4" coveredconditionals="3" methods="1" coveredmethods="1"/>
        <line num="3" count="10" type="stmt"/>
        <line num="4" count="272" type="cond" truecount="2" falsecount="0"/>
        <line num="5" count="223" type="cond" truecount="1" falsecount="1"/>
        <line num="6" count="0" type="stmt"/>
        <line num="9" count="10" type="stmt"/>
        <line num="18" count="10" type="stmt"/>
        <line num="25" count="10" type="stmt"/>
      </file>
      <file name="user.validator.js" path="C:\Users\karin\Documents\belajar-fs\gigglefest\giggle-fest-be-repository\src\validators\user.validator.js">
        <metrics statements="16" coveredstatements="14" conditionals="12" coveredconditionals="8" methods="5" coveredmethods="3"/>
        <line num="4" count="9" type="stmt"/>
        <line num="13" count="9" type="stmt"/>
        <line num="18" count="9" type="stmt"/>
        <line num="28" count="0" type="stmt"/>
        <line num="33" count="9" type="stmt"/>
        <line num="38" count="2" type="cond" truecount="1" falsecount="1"/>
        <line num="42" count="2" type="cond" truecount="1" falsecount="1"/>
        <line num="47" count="2" type="cond" truecount="3" falsecount="1"/>
        <line num="48" count="2" type="cond" truecount="3" falsecount="1"/>
        <line num="49" count="2" type="stmt"/>
        <line num="57" count="9" type="stmt"/>
        <line num="62" count="9" type="stmt"/>
        <line num="66" count="9" type="stmt"/>
        <line num="70" count="9" type="stmt"/>
        <line num="75" count="9" type="stmt"/>
        <line num="82" count="0" type="stmt"/>
      </file>
    </package>
  </project>
</coverage>
