{"C:\\Users\\karin\\Documents\\belajar-fs\\gigglefest\\giggle-fest-be-repository\\src\\app.js": {"path":"C:\\Users\\karin\\Documents\\belajar-fs\\gigglefest\\giggle-fest-be-repository\\src\\app.js","statementMap":{"0":{"start":{"line":12,"column":0},"end":{"line":12,"column":16}},"1":{"start":{"line":14,"column":12},"end":{"line":14,"column":21}},"2":{"start":{"line":16,"column":0},"end":{"line":23,"column":2}},"3":{"start":{"line":24,"column":0},"end":{"line":24,"column":24}},"4":{"start":{"line":25,"column":0},"end":{"line":25,"column":24}},"5":{"start":{"line":27,"column":0},"end":{"line":35,"column":3}},"6":{"start":{"line":28,"column":2},"end":{"line":34,"column":5}},"7":{"start":{"line":38,"column":0},"end":{"line":73,"column":3}},"8":{"start":{"line":39,"column":22},"end":{"line":39,"column":43}},"9":{"start":{"line":40,"column":17},"end":{"line":40,"column":33}},"10":{"start":{"line":42,"column":2},"end":{"line":72,"column":5}},"11":{"start":{"line":75,"column":0},"end":{"line":75,"column":27}},"12":{"start":{"line":76,"column":0},"end":{"line":76,"column":42}},"13":{"start":{"line":78,"column":0},"end":{"line":78,"column":28}},"14":{"start":{"line":79,"column":0},"end":{"line":79,"column":25}},"15":{"start":{"line":81,"column":13},"end":{"line":81,"column":37}},"16":{"start":{"line":83,"column":0},"end":{"line":85,"column":1}},"17":{"start":{"line":84,"column":2},"end":{"line":84,"column":72}},"18":{"start":{"line":84,"column":25},"end":{"line":84,"column":70}}},"fnMap":{"0":{"name":"(anonymous_0)","decl":{"start":{"line":27,"column":13},"end":{"line":27,"column":14}},"loc":{"start":{"line":27,"column":27},"end":{"line":35,"column":1}},"line":27},"1":{"name":"(anonymous_1)","decl":{"start":{"line":38,"column":20},"end":{"line":38,"column":21}},"loc":{"start":{"line":38,"column":34},"end":{"line":73,"column":1}},"line":38},"2":{"name":"(anonymous_2)","decl":{"start":{"line":84,"column":19},"end":{"line":84,"column":20}},"loc":{"start":{"line":84,"column":25},"end":{"line":84,"column":70}},"line":84}},"branchMap":{"0":{"loc":{"start":{"line":81,"column":13},"end":{"line":81,"column":37}},"type":"binary-expr","locations":[{"start":{"line":81,"column":13},"end":{"line":81,"column":29}},{"start":{"line":81,"column":33},"end":{"line":81,"column":37}}],"line":81},"1":{"loc":{"start":{"line":83,"column":0},"end":{"line":85,"column":1}},"type":"if","locations":[{"start":{"line":83,"column":0},"end":{"line":85,"column":1}},{"start":{},"end":{}}],"line":83}},"s":{"0":10,"1":10,"2":10,"3":10,"4":10,"5":10,"6":24,"7":10,"8":0,"9":0,"10":0,"11":10,"12":10,"13":10,"14":10,"15":10,"16":10,"17":0,"18":0},"f":{"0":24,"1":0,"2":0},"b":{"0":[10,0],"1":[0,10]},"inputSourceMap":null,"_coverageSchema":"1a1c01bbd47fc00a2c39e90264f33305004495a9","hash":"21ee53339839b9a9c3d9065483dc5d183ceacb59"}
,"C:\\Users\\karin\\Documents\\belajar-fs\\gigglefest\\giggle-fest-be-repository\\src\\controllers\\cart.controller.js": {"path":"C:\\Users\\karin\\Documents\\belajar-fs\\gigglefest\\giggle-fest-be-repository\\src\\controllers\\cart.controller.js","statementMap":{"0":{"start":{"line":4,"column":25},"end":{"line":16,"column":1}},"1":{"start":{"line":5,"column":2},"end":{"line":15,"column":3}},"2":{"start":{"line":6,"column":21},"end":{"line":6,"column":71}},"3":{"start":{"line":7,"column":4},"end":{"line":12,"column":6}},"4":{"start":{"line":14,"column":4},"end":{"line":14,"column":50}},"5":{"start":{"line":18,"column":29},"end":{"line":25,"column":1}},"6":{"start":{"line":19,"column":2},"end":{"line":24,"column":3}},"7":{"start":{"line":20,"column":17},"end":{"line":20,"column":61}},"8":{"start":{"line":21,"column":4},"end":{"line":21,"column":38}},"9":{"start":{"line":23,"column":4},"end":{"line":23,"column":50}},"10":{"start":{"line":27,"column":34},"end":{"line":38,"column":1}},"11":{"start":{"line":28,"column":2},"end":{"line":37,"column":3}},"12":{"start":{"line":29,"column":21},"end":{"line":33,"column":5}},"13":{"start":{"line":34,"column":4},"end":{"line":34,"column":71}},"14":{"start":{"line":36,"column":4},"end":{"line":36,"column":50}},"15":{"start":{"line":40,"column":30},"end":{"line":47,"column":1}},"16":{"start":{"line":41,"column":2},"end":{"line":46,"column":3}},"17":{"start":{"line":42,"column":4},"end":{"line":42,"column":73}},"18":{"start":{"line":43,"column":4},"end":{"line":43,"column":77}},"19":{"start":{"line":45,"column":4},"end":{"line":45,"column":50}},"20":{"start":{"line":49,"column":24},"end":{"line":60,"column":1}},"21":{"start":{"line":50,"column":2},"end":{"line":59,"column":3}},"22":{"start":{"line":51,"column":25},"end":{"line":51,"column":64}},"23":{"start":{"line":52,"column":4},"end":{"line":56,"column":6}},"24":{"start":{"line":58,"column":4},"end":{"line":58,"column":50}}},"fnMap":{"0":{"name":"(anonymous_0)","decl":{"start":{"line":4,"column":25},"end":{"line":4,"column":26}},"loc":{"start":{"line":4,"column":45},"end":{"line":16,"column":1}},"line":4},"1":{"name":"(anonymous_1)","decl":{"start":{"line":18,"column":29},"end":{"line":18,"column":30}},"loc":{"start":{"line":18,"column":49},"end":{"line":25,"column":1}},"line":18},"2":{"name":"(anonymous_2)","decl":{"start":{"line":27,"column":34},"end":{"line":27,"column":35}},"loc":{"start":{"line":27,"column":54},"end":{"line":38,"column":1}},"line":27},"3":{"name":"(anonymous_3)","decl":{"start":{"line":40,"column":30},"end":{"line":40,"column":31}},"loc":{"start":{"line":40,"column":50},"end":{"line":47,"column":1}},"line":40},"4":{"name":"(anonymous_4)","decl":{"start":{"line":49,"column":24},"end":{"line":49,"column":25}},"loc":{"start":{"line":49,"column":44},"end":{"line":60,"column":1}},"line":49}},"branchMap":{},"s":{"0":11,"1":14,"2":14,"3":3,"4":11,"5":11,"6":12,"7":12,"8":11,"9":1,"10":11,"11":7,"12":7,"13":4,"14":3,"15":11,"16":7,"17":7,"18":4,"19":3,"20":11,"21":7,"22":7,"23":3,"24":4},"f":{"0":14,"1":12,"2":7,"3":7,"4":7},"b":{},"inputSourceMap":null,"_coverageSchema":"1a1c01bbd47fc00a2c39e90264f33305004495a9","hash":"27cdf87b99f426a6b606feb8f8e3fec3116e6eab"}
,"C:\\Users\\karin\\Documents\\belajar-fs\\gigglefest\\giggle-fest-be-repository\\src\\controllers\\category.controller.js": {"path":"C:\\Users\\karin\\Documents\\belajar-fs\\gigglefest\\giggle-fest-be-repository\\src\\controllers\\category.controller.js","statementMap":{"0":{"start":{"line":10,"column":30},"end":{"line":21,"column":1}},"1":{"start":{"line":11,"column":2},"end":{"line":20,"column":3}},"2":{"start":{"line":12,"column":4},"end":{"line":14,"column":5}},"3":{"start":{"line":13,"column":6},"end":{"line":13,"column":53}},"4":{"start":{"line":16,"column":21},"end":{"line":16,"column":58}},"5":{"start":{"line":17,"column":4},"end":{"line":17,"column":80}},"6":{"start":{"line":19,"column":4},"end":{"line":19,"column":45}},"7":{"start":{"line":23,"column":32},"end":{"line":36,"column":1}},"8":{"start":{"line":24,"column":2},"end":{"line":35,"column":3}},"9":{"start":{"line":25,"column":24},"end":{"line":29,"column":5}},"10":{"start":{"line":31,"column":23},"end":{"line":31,"column":65}},"11":{"start":{"line":32,"column":4},"end":{"line":32,"column":44}},"12":{"start":{"line":34,"column":4},"end":{"line":34,"column":45}},"13":{"start":{"line":38,"column":31},"end":{"line":45,"column":1}},"14":{"start":{"line":39,"column":2},"end":{"line":44,"column":3}},"15":{"start":{"line":40,"column":21},"end":{"line":40,"column":74}},"16":{"start":{"line":41,"column":4},"end":{"line":41,"column":42}},"17":{"start":{"line":43,"column":4},"end":{"line":43,"column":45}},"18":{"start":{"line":47,"column":30},"end":{"line":61,"column":1}},"19":{"start":{"line":48,"column":2},"end":{"line":60,"column":3}},"20":{"start":{"line":49,"column":4},"end":{"line":51,"column":5}},"21":{"start":{"line":50,"column":6},"end":{"line":50,"column":53}},"22":{"start":{"line":53,"column":21},"end":{"line":56,"column":5}},"23":{"start":{"line":57,"column":4},"end":{"line":57,"column":75}},"24":{"start":{"line":59,"column":4},"end":{"line":59,"column":45}},"25":{"start":{"line":63,"column":30},"end":{"line":74,"column":1}},"26":{"start":{"line":64,"column":2},"end":{"line":73,"column":3}},"27":{"start":{"line":65,"column":4},"end":{"line":67,"column":5}},"28":{"start":{"line":66,"column":6},"end":{"line":66,"column":53}},"29":{"start":{"line":69,"column":4},"end":{"line":69,"column":57}},"30":{"start":{"line":70,"column":4},"end":{"line":70,"column":71}},"31":{"start":{"line":72,"column":4},"end":{"line":72,"column":45}}},"fnMap":{"0":{"name":"(anonymous_0)","decl":{"start":{"line":10,"column":30},"end":{"line":10,"column":31}},"loc":{"start":{"line":10,"column":50},"end":{"line":21,"column":1}},"line":10},"1":{"name":"(anonymous_1)","decl":{"start":{"line":23,"column":32},"end":{"line":23,"column":33}},"loc":{"start":{"line":23,"column":52},"end":{"line":36,"column":1}},"line":23},"2":{"name":"(anonymous_2)","decl":{"start":{"line":38,"column":31},"end":{"line":38,"column":32}},"loc":{"start":{"line":38,"column":51},"end":{"line":45,"column":1}},"line":38},"3":{"name":"(anonymous_3)","decl":{"start":{"line":47,"column":30},"end":{"line":47,"column":31}},"loc":{"start":{"line":47,"column":50},"end":{"line":61,"column":1}},"line":47},"4":{"name":"(anonymous_4)","decl":{"start":{"line":63,"column":30},"end":{"line":63,"column":31}},"loc":{"start":{"line":63,"column":50},"end":{"line":74,"column":1}},"line":63}},"branchMap":{"0":{"loc":{"start":{"line":12,"column":4},"end":{"line":14,"column":5}},"type":"if","locations":[{"start":{"line":12,"column":4},"end":{"line":14,"column":5}},{"start":{},"end":{}}],"line":12},"1":{"loc":{"start":{"line":26,"column":12},"end":{"line":26,"column":57}},"type":"cond-expr","locations":[{"start":{"line":26,"column":29},"end":{"line":26,"column":53}},{"start":{"line":26,"column":56},"end":{"line":26,"column":57}}],"line":26},"2":{"loc":{"start":{"line":27,"column":13},"end":{"line":27,"column":61}},"type":"cond-expr","locations":[{"start":{"line":27,"column":31},"end":{"line":27,"column":56}},{"start":{"line":27,"column":59},"end":{"line":27,"column":61}}],"line":27},"3":{"loc":{"start":{"line":49,"column":4},"end":{"line":51,"column":5}},"type":"if","locations":[{"start":{"line":49,"column":4},"end":{"line":51,"column":5}},{"start":{},"end":{}}],"line":49},"4":{"loc":{"start":{"line":65,"column":4},"end":{"line":67,"column":5}},"type":"if","locations":[{"start":{"line":65,"column":4},"end":{"line":67,"column":5}},{"start":{},"end":{}}],"line":65}},"s":{"0":11,"1":6,"2":6,"3":2,"4":4,"5":2,"6":2,"7":11,"8":11,"9":11,"10":11,"11":10,"12":1,"13":11,"14":5,"15":5,"16":3,"17":2,"18":11,"19":7,"20":7,"21":2,"22":5,"23":3,"24":2,"25":11,"26":7,"27":7,"28":2,"29":5,"30":3,"31":2},"f":{"0":6,"1":11,"2":5,"3":7,"4":7},"b":{"0":[2,4],"1":[2,9],"2":[2,9],"3":[2,5],"4":[2,5]},"inputSourceMap":null,"_coverageSchema":"1a1c01bbd47fc00a2c39e90264f33305004495a9","hash":"c87bc7bf161a1039c250b87a1b4f9a73c89622a4"}
,"C:\\Users\\karin\\Documents\\belajar-fs\\gigglefest\\giggle-fest-be-repository\\src\\controllers\\event.controller.js": {"path":"C:\\Users\\karin\\Documents\\belajar-fs\\gigglefest\\giggle-fest-be-repository\\src\\controllers\\event.controller.js","statementMap":{"0":{"start":{"line":4,"column":27},"end":{"line":15,"column":1}},"1":{"start":{"line":5,"column":2},"end":{"line":14,"column":3}},"2":{"start":{"line":6,"column":4},"end":{"line":8,"column":5}},"3":{"start":{"line":7,"column":6},"end":{"line":7,"column":53}},"4":{"start":{"line":10,"column":18},"end":{"line":10,"column":75}},"5":{"start":{"line":11,"column":4},"end":{"line":11,"column":74}},"6":{"start":{"line":13,"column":4},"end":{"line":13,"column":45}},"7":{"start":{"line":17,"column":28},"end":{"line":24,"column":1}},"8":{"start":{"line":18,"column":2},"end":{"line":23,"column":3}},"9":{"start":{"line":19,"column":19},"end":{"line":19,"column":68}},"10":{"start":{"line":20,"column":4},"end":{"line":20,"column":40}},"11":{"start":{"line":22,"column":4},"end":{"line":22,"column":45}},"12":{"start":{"line":26,"column":28},"end":{"line":36,"column":1}},"13":{"start":{"line":27,"column":2},"end":{"line":35,"column":3}},"14":{"start":{"line":28,"column":18},"end":{"line":28,"column":71}},"15":{"start":{"line":29,"column":4},"end":{"line":31,"column":5}},"16":{"start":{"line":30,"column":6},"end":{"line":30,"column":56}},"17":{"start":{"line":32,"column":4},"end":{"line":32,"column":39}},"18":{"start":{"line":34,"column":4},"end":{"line":34,"column":45}},"19":{"start":{"line":38,"column":27},"end":{"line":53,"column":1}},"20":{"start":{"line":39,"column":2},"end":{"line":52,"column":3}},"21":{"start":{"line":40,"column":4},"end":{"line":42,"column":5}},"22":{"start":{"line":41,"column":6},"end":{"line":41,"column":53}},"23":{"start":{"line":44,"column":18},"end":{"line":48,"column":5}},"24":{"start":{"line":49,"column":4},"end":{"line":49,"column":69}},"25":{"start":{"line":51,"column":4},"end":{"line":51,"column":45}},"26":{"start":{"line":55,"column":27},"end":{"line":66,"column":1}},"27":{"start":{"line":56,"column":2},"end":{"line":65,"column":3}},"28":{"start":{"line":57,"column":4},"end":{"line":59,"column":5}},"29":{"start":{"line":58,"column":6},"end":{"line":58,"column":53}},"30":{"start":{"line":61,"column":4},"end":{"line":61,"column":57}},"31":{"start":{"line":62,"column":4},"end":{"line":62,"column":68}},"32":{"start":{"line":64,"column":4},"end":{"line":64,"column":45}}},"fnMap":{"0":{"name":"(anonymous_0)","decl":{"start":{"line":4,"column":27},"end":{"line":4,"column":28}},"loc":{"start":{"line":4,"column":47},"end":{"line":15,"column":1}},"line":4},"1":{"name":"(anonymous_1)","decl":{"start":{"line":17,"column":28},"end":{"line":17,"column":29}},"loc":{"start":{"line":17,"column":48},"end":{"line":24,"column":1}},"line":17},"2":{"name":"(anonymous_2)","decl":{"start":{"line":26,"column":28},"end":{"line":26,"column":29}},"loc":{"start":{"line":26,"column":48},"end":{"line":36,"column":1}},"line":26},"3":{"name":"(anonymous_3)","decl":{"start":{"line":38,"column":27},"end":{"line":38,"column":28}},"loc":{"start":{"line":38,"column":47},"end":{"line":53,"column":1}},"line":38},"4":{"name":"(anonymous_4)","decl":{"start":{"line":55,"column":27},"end":{"line":55,"column":28}},"loc":{"start":{"line":55,"column":47},"end":{"line":66,"column":1}},"line":55}},"branchMap":{"0":{"loc":{"start":{"line":6,"column":4},"end":{"line":8,"column":5}},"type":"if","locations":[{"start":{"line":6,"column":4},"end":{"line":8,"column":5}},{"start":{},"end":{}}],"line":6},"1":{"loc":{"start":{"line":29,"column":4},"end":{"line":31,"column":5}},"type":"if","locations":[{"start":{"line":29,"column":4},"end":{"line":31,"column":5}},{"start":{},"end":{}}],"line":29},"2":{"loc":{"start":{"line":40,"column":4},"end":{"line":42,"column":5}},"type":"if","locations":[{"start":{"line":40,"column":4},"end":{"line":42,"column":5}},{"start":{},"end":{}}],"line":40},"3":{"loc":{"start":{"line":57,"column":4},"end":{"line":59,"column":5}},"type":"if","locations":[{"start":{"line":57,"column":4},"end":{"line":59,"column":5}},{"start":{},"end":{}}],"line":57}},"s":{"0":11,"1":16,"2":16,"3":3,"4":13,"5":10,"6":3,"7":11,"8":54,"9":54,"10":53,"11":1,"12":11,"13":8,"14":8,"15":7,"16":3,"17":4,"18":1,"19":11,"20":14,"21":14,"22":3,"23":11,"24":8,"25":3,"26":11,"27":11,"28":11,"29":3,"30":8,"31":5,"32":3},"f":{"0":16,"1":54,"2":8,"3":14,"4":11},"b":{"0":[3,13],"1":[3,4],"2":[3,11],"3":[3,8]},"inputSourceMap":null,"_coverageSchema":"1a1c01bbd47fc00a2c39e90264f33305004495a9","hash":"ba958ffe639c3efd9ab9fd85e2c4ec95c786b413"}
,"C:\\Users\\karin\\Documents\\belajar-fs\\gigglefest\\giggle-fest-be-repository\\src\\controllers\\notification.controller.js": {"path":"C:\\Users\\karin\\Documents\\belajar-fs\\gigglefest\\giggle-fest-be-repository\\src\\controllers\\notification.controller.js","statementMap":{"0":{"start":{"line":4,"column":34},"end":{"line":19,"column":1}},"1":{"start":{"line":5,"column":2},"end":{"line":18,"column":3}},"2":{"start":{"line":6,"column":4},"end":{"line":8,"column":5}},"3":{"start":{"line":7,"column":6},"end":{"line":7,"column":53}},"4":{"start":{"line":9,"column":25},"end":{"line":9,"column":79}},"5":{"start":{"line":10,"column":4},"end":{"line":15,"column":6}},"6":{"start":{"line":17,"column":4},"end":{"line":17,"column":50}},"7":{"start":{"line":21,"column":36},"end":{"line":31,"column":1}},"8":{"start":{"line":22,"column":2},"end":{"line":30,"column":3}},"9":{"start":{"line":23,"column":26},"end":{"line":26,"column":5}},"10":{"start":{"line":27,"column":4},"end":{"line":27,"column":47}},"11":{"start":{"line":29,"column":4},"end":{"line":29,"column":50}},"12":{"start":{"line":33,"column":26},"end":{"line":43,"column":1}},"13":{"start":{"line":34,"column":2},"end":{"line":42,"column":3}},"14":{"start":{"line":35,"column":25},"end":{"line":38,"column":5}},"15":{"start":{"line":39,"column":4},"end":{"line":39,"column":46}},"16":{"start":{"line":41,"column":4},"end":{"line":41,"column":50}},"17":{"start":{"line":45,"column":28},"end":{"line":55,"column":1}},"18":{"start":{"line":46,"column":2},"end":{"line":54,"column":3}},"19":{"start":{"line":47,"column":25},"end":{"line":50,"column":5}},"20":{"start":{"line":51,"column":4},"end":{"line":51,"column":46}},"21":{"start":{"line":53,"column":4},"end":{"line":53,"column":50}},"22":{"start":{"line":57,"column":29},"end":{"line":64,"column":1}},"23":{"start":{"line":58,"column":2},"end":{"line":63,"column":3}},"24":{"start":{"line":59,"column":4},"end":{"line":59,"column":57}},"25":{"start":{"line":60,"column":4},"end":{"line":60,"column":74}},"26":{"start":{"line":62,"column":4},"end":{"line":62,"column":50}},"27":{"start":{"line":66,"column":34},"end":{"line":76,"column":1}},"28":{"start":{"line":67,"column":2},"end":{"line":75,"column":3}},"29":{"start":{"line":68,"column":4},"end":{"line":70,"column":5}},"30":{"start":{"line":69,"column":6},"end":{"line":69,"column":53}},"31":{"start":{"line":71,"column":4},"end":{"line":71,"column":72}},"32":{"start":{"line":72,"column":4},"end":{"line":72,"column":75}},"33":{"start":{"line":74,"column":4},"end":{"line":74,"column":50}}},"fnMap":{"0":{"name":"(anonymous_0)","decl":{"start":{"line":4,"column":34},"end":{"line":4,"column":35}},"loc":{"start":{"line":4,"column":54},"end":{"line":19,"column":1}},"line":4},"1":{"name":"(anonymous_1)","decl":{"start":{"line":21,"column":36},"end":{"line":21,"column":37}},"loc":{"start":{"line":21,"column":56},"end":{"line":31,"column":1}},"line":21},"2":{"name":"(anonymous_2)","decl":{"start":{"line":33,"column":26},"end":{"line":33,"column":27}},"loc":{"start":{"line":33,"column":46},"end":{"line":43,"column":1}},"line":33},"3":{"name":"(anonymous_3)","decl":{"start":{"line":45,"column":28},"end":{"line":45,"column":29}},"loc":{"start":{"line":45,"column":48},"end":{"line":55,"column":1}},"line":45},"4":{"name":"(anonymous_4)","decl":{"start":{"line":57,"column":29},"end":{"line":57,"column":30}},"loc":{"start":{"line":57,"column":49},"end":{"line":64,"column":1}},"line":57},"5":{"name":"(anonymous_5)","decl":{"start":{"line":66,"column":34},"end":{"line":66,"column":35}},"loc":{"start":{"line":66,"column":54},"end":{"line":76,"column":1}},"line":66}},"branchMap":{"0":{"loc":{"start":{"line":6,"column":4},"end":{"line":8,"column":5}},"type":"if","locations":[{"start":{"line":6,"column":4},"end":{"line":8,"column":5}},{"start":{},"end":{}}],"line":6},"1":{"loc":{"start":{"line":68,"column":4},"end":{"line":70,"column":5}},"type":"if","locations":[{"start":{"line":68,"column":4},"end":{"line":70,"column":5}},{"start":{},"end":{}}],"line":68}},"s":{"0":11,"1":7,"2":7,"3":2,"4":5,"5":3,"6":2,"7":11,"8":6,"9":6,"10":4,"11":2,"12":11,"13":6,"14":6,"15":4,"16":2,"17":11,"18":6,"19":6,"20":4,"21":2,"22":11,"23":6,"24":6,"25":4,"26":2,"27":11,"28":7,"29":7,"30":2,"31":5,"32":3,"33":2},"f":{"0":7,"1":6,"2":6,"3":6,"4":6,"5":7},"b":{"0":[2,5],"1":[2,5]},"inputSourceMap":null,"_coverageSchema":"1a1c01bbd47fc00a2c39e90264f33305004495a9","hash":"b0a2f2f65885376acfcd05db308ac02ad531ceec"}
,"C:\\Users\\karin\\Documents\\belajar-fs\\gigglefest\\giggle-fest-be-repository\\src\\controllers\\password.controller.js": {"path":"C:\\Users\\karin\\Documents\\belajar-fs\\gigglefest\\giggle-fest-be-repository\\src\\controllers\\password.controller.js","statementMap":{"0":{"start":{"line":4,"column":33},"end":{"line":16,"column":1}},"1":{"start":{"line":5,"column":2},"end":{"line":15,"column":3}},"2":{"start":{"line":6,"column":22},"end":{"line":6,"column":30}},"3":{"start":{"line":7,"column":18},"end":{"line":7,"column":64}},"4":{"start":{"line":8,"column":4},"end":{"line":12,"column":6}},"5":{"start":{"line":14,"column":4},"end":{"line":14,"column":50}},"6":{"start":{"line":18,"column":27},"end":{"line":26,"column":1}},"7":{"start":{"line":19,"column":2},"end":{"line":25,"column":3}},"8":{"start":{"line":20,"column":22},"end":{"line":20,"column":30}},"9":{"start":{"line":21,"column":4},"end":{"line":21,"column":52}},"10":{"start":{"line":22,"column":4},"end":{"line":22,"column":73}},"11":{"start":{"line":24,"column":4},"end":{"line":24,"column":50}},"12":{"start":{"line":28,"column":25},"end":{"line":36,"column":1}},"13":{"start":{"line":29,"column":2},"end":{"line":35,"column":3}},"14":{"start":{"line":30,"column":27},"end":{"line":30,"column":35}},"15":{"start":{"line":31,"column":4},"end":{"line":31,"column":48}},"16":{"start":{"line":32,"column":4},"end":{"line":32,"column":67}},"17":{"start":{"line":34,"column":4},"end":{"line":34,"column":50}},"18":{"start":{"line":38,"column":29},"end":{"line":46,"column":1}},"19":{"start":{"line":39,"column":2},"end":{"line":45,"column":3}},"20":{"start":{"line":40,"column":37},"end":{"line":40,"column":45}},"21":{"start":{"line":41,"column":4},"end":{"line":41,"column":62}},"22":{"start":{"line":42,"column":4},"end":{"line":42,"column":78}},"23":{"start":{"line":44,"column":4},"end":{"line":44,"column":50}}},"fnMap":{"0":{"name":"(anonymous_0)","decl":{"start":{"line":4,"column":33},"end":{"line":4,"column":34}},"loc":{"start":{"line":4,"column":53},"end":{"line":16,"column":1}},"line":4},"1":{"name":"(anonymous_1)","decl":{"start":{"line":18,"column":27},"end":{"line":18,"column":28}},"loc":{"start":{"line":18,"column":47},"end":{"line":26,"column":1}},"line":18},"2":{"name":"(anonymous_2)","decl":{"start":{"line":28,"column":25},"end":{"line":28,"column":26}},"loc":{"start":{"line":28,"column":45},"end":{"line":36,"column":1}},"line":28},"3":{"name":"(anonymous_3)","decl":{"start":{"line":38,"column":29},"end":{"line":38,"column":30}},"loc":{"start":{"line":38,"column":49},"end":{"line":46,"column":1}},"line":38}},"branchMap":{},"s":{"0":11,"1":7,"2":7,"3":7,"4":4,"5":3,"6":11,"7":7,"8":7,"9":7,"10":4,"11":3,"12":11,"13":8,"14":8,"15":8,"16":4,"17":4,"18":11,"19":9,"20":9,"21":9,"22":4,"23":5},"f":{"0":7,"1":7,"2":8,"3":9},"b":{},"inputSourceMap":null,"_coverageSchema":"1a1c01bbd47fc00a2c39e90264f33305004495a9","hash":"6ee46eb249da88d8ae1f9f3d96e9548941d6ed2c"}
,"C:\\Users\\karin\\Documents\\belajar-fs\\gigglefest\\giggle-fest-be-repository\\src\\controllers\\payment.controller.js": {"path":"C:\\Users\\karin\\Documents\\belajar-fs\\gigglefest\\giggle-fest-be-repository\\src\\controllers\\payment.controller.js","statementMap":{"0":{"start":{"line":4,"column":33},"end":{"line":19,"column":1}},"1":{"start":{"line":5,"column":2},"end":{"line":18,"column":3}},"2":{"start":{"line":6,"column":24},"end":{"line":9,"column":5}},"3":{"start":{"line":10,"column":4},"end":{"line":15,"column":6}},"4":{"start":{"line":17,"column":4},"end":{"line":17,"column":50}},"5":{"start":{"line":21,"column":30},"end":{"line":32,"column":1}},"6":{"start":{"line":22,"column":2},"end":{"line":31,"column":3}},"7":{"start":{"line":23,"column":4},"end":{"line":25,"column":5}},"8":{"start":{"line":24,"column":6},"end":{"line":24,"column":53}},"9":{"start":{"line":27,"column":21},"end":{"line":27,"column":67}},"10":{"start":{"line":28,"column":4},"end":{"line":28,"column":42}},"11":{"start":{"line":30,"column":4},"end":{"line":30,"column":50}},"12":{"start":{"line":34,"column":30},"end":{"line":48,"column":1}},"13":{"start":{"line":35,"column":2},"end":{"line":47,"column":3}},"14":{"start":{"line":36,"column":4},"end":{"line":38,"column":5}},"15":{"start":{"line":37,"column":6},"end":{"line":37,"column":53}},"16":{"start":{"line":40,"column":20},"end":{"line":43,"column":5}},"17":{"start":{"line":44,"column":4},"end":{"line":44,"column":41}},"18":{"start":{"line":46,"column":4},"end":{"line":46,"column":50}},"19":{"start":{"line":50,"column":37},"end":{"line":60,"column":1}},"20":{"start":{"line":51,"column":2},"end":{"line":59,"column":3}},"21":{"start":{"line":52,"column":21},"end":{"line":55,"column":5}},"22":{"start":{"line":56,"column":4},"end":{"line":56,"column":42}},"23":{"start":{"line":58,"column":4},"end":{"line":58,"column":50}}},"fnMap":{"0":{"name":"(anonymous_0)","decl":{"start":{"line":4,"column":33},"end":{"line":4,"column":34}},"loc":{"start":{"line":4,"column":53},"end":{"line":19,"column":1}},"line":4},"1":{"name":"(anonymous_1)","decl":{"start":{"line":21,"column":30},"end":{"line":21,"column":31}},"loc":{"start":{"line":21,"column":50},"end":{"line":32,"column":1}},"line":21},"2":{"name":"(anonymous_2)","decl":{"start":{"line":34,"column":30},"end":{"line":34,"column":31}},"loc":{"start":{"line":34,"column":50},"end":{"line":48,"column":1}},"line":34},"3":{"name":"(anonymous_3)","decl":{"start":{"line":50,"column":37},"end":{"line":50,"column":38}},"loc":{"start":{"line":50,"column":57},"end":{"line":60,"column":1}},"line":50}},"branchMap":{"0":{"loc":{"start":{"line":23,"column":4},"end":{"line":25,"column":5}},"type":"if","locations":[{"start":{"line":23,"column":4},"end":{"line":25,"column":5}},{"start":{},"end":{}}],"line":23},"1":{"loc":{"start":{"line":36,"column":4},"end":{"line":38,"column":5}},"type":"if","locations":[{"start":{"line":36,"column":4},"end":{"line":38,"column":5}},{"start":{},"end":{}}],"line":36}},"s":{"0":11,"1":8,"2":8,"3":4,"4":4,"5":11,"6":7,"7":7,"8":2,"9":5,"10":3,"11":2,"12":11,"13":8,"14":8,"15":2,"16":6,"17":4,"18":2,"19":11,"20":8,"21":8,"22":6,"23":2},"f":{"0":8,"1":7,"2":8,"3":8},"b":{"0":[2,5],"1":[2,6]},"inputSourceMap":null,"_coverageSchema":"1a1c01bbd47fc00a2c39e90264f33305004495a9","hash":"41ed6816cc95a6b8ef46495f5828e3b85b6e6451"}
,"C:\\Users\\karin\\Documents\\belajar-fs\\gigglefest\\giggle-fest-be-repository\\src\\controllers\\promo.controller.js": {"path":"C:\\Users\\karin\\Documents\\belajar-fs\\gigglefest\\giggle-fest-be-repository\\src\\controllers\\promo.controller.js","statementMap":{"0":{"start":{"line":4,"column":31},"end":{"line":19,"column":1}},"1":{"start":{"line":5,"column":2},"end":{"line":18,"column":3}},"2":{"start":{"line":6,"column":4},"end":{"line":8,"column":5}},"3":{"start":{"line":7,"column":6},"end":{"line":7,"column":53}},"4":{"start":{"line":9,"column":22},"end":{"line":9,"column":66}},"5":{"start":{"line":10,"column":4},"end":{"line":15,"column":6}},"6":{"start":{"line":17,"column":4},"end":{"line":17,"column":50}},"7":{"start":{"line":21,"column":32},"end":{"line":31,"column":1}},"8":{"start":{"line":22,"column":2},"end":{"line":30,"column":3}},"9":{"start":{"line":23,"column":4},"end":{"line":25,"column":5}},"10":{"start":{"line":24,"column":6},"end":{"line":24,"column":53}},"11":{"start":{"line":26,"column":23},"end":{"line":26,"column":69}},"12":{"start":{"line":27,"column":4},"end":{"line":27,"column":44}},"13":{"start":{"line":29,"column":4},"end":{"line":29,"column":50}},"14":{"start":{"line":33,"column":33},"end":{"line":40,"column":1}},"15":{"start":{"line":34,"column":2},"end":{"line":39,"column":3}},"16":{"start":{"line":35,"column":22},"end":{"line":35,"column":75}},"17":{"start":{"line":36,"column":4},"end":{"line":36,"column":43}},"18":{"start":{"line":38,"column":4},"end":{"line":38,"column":50}},"19":{"start":{"line":42,"column":31},"end":{"line":52,"column":1}},"20":{"start":{"line":43,"column":2},"end":{"line":51,"column":3}},"21":{"start":{"line":44,"column":22},"end":{"line":47,"column":5}},"22":{"start":{"line":48,"column":4},"end":{"line":48,"column":78}},"23":{"start":{"line":50,"column":4},"end":{"line":50,"column":50}},"24":{"start":{"line":54,"column":31},"end":{"line":61,"column":1}},"25":{"start":{"line":55,"column":2},"end":{"line":60,"column":3}},"26":{"start":{"line":56,"column":4},"end":{"line":56,"column":62}},"27":{"start":{"line":57,"column":4},"end":{"line":57,"column":73}},"28":{"start":{"line":59,"column":4},"end":{"line":59,"column":50}}},"fnMap":{"0":{"name":"(anonymous_0)","decl":{"start":{"line":4,"column":31},"end":{"line":4,"column":32}},"loc":{"start":{"line":4,"column":51},"end":{"line":19,"column":1}},"line":4},"1":{"name":"(anonymous_1)","decl":{"start":{"line":21,"column":32},"end":{"line":21,"column":33}},"loc":{"start":{"line":21,"column":52},"end":{"line":31,"column":1}},"line":21},"2":{"name":"(anonymous_2)","decl":{"start":{"line":33,"column":33},"end":{"line":33,"column":34}},"loc":{"start":{"line":33,"column":53},"end":{"line":40,"column":1}},"line":33},"3":{"name":"(anonymous_3)","decl":{"start":{"line":42,"column":31},"end":{"line":42,"column":32}},"loc":{"start":{"line":42,"column":51},"end":{"line":52,"column":1}},"line":42},"4":{"name":"(anonymous_4)","decl":{"start":{"line":54,"column":31},"end":{"line":54,"column":32}},"loc":{"start":{"line":54,"column":51},"end":{"line":61,"column":1}},"line":54}},"branchMap":{"0":{"loc":{"start":{"line":6,"column":4},"end":{"line":8,"column":5}},"type":"if","locations":[{"start":{"line":6,"column":4},"end":{"line":8,"column":5}},{"start":{},"end":{}}],"line":6},"1":{"loc":{"start":{"line":23,"column":4},"end":{"line":25,"column":5}},"type":"if","locations":[{"start":{"line":23,"column":4},"end":{"line":25,"column":5}},{"start":{},"end":{}}],"line":23}},"s":{"0":11,"1":7,"2":7,"3":2,"4":5,"5":3,"6":2,"7":11,"8":7,"9":7,"10":2,"11":5,"12":3,"13":2,"14":11,"15":7,"16":7,"17":4,"18":3,"19":11,"20":7,"21":7,"22":4,"23":3,"24":11,"25":7,"26":7,"27":4,"28":3},"f":{"0":7,"1":7,"2":7,"3":7,"4":7},"b":{"0":[2,5],"1":[2,5]},"inputSourceMap":null,"_coverageSchema":"1a1c01bbd47fc00a2c39e90264f33305004495a9","hash":"b11cf17fcff606ad21c6124386907ae3f5a4e531"}
,"C:\\Users\\karin\\Documents\\belajar-fs\\gigglefest\\giggle-fest-be-repository\\src\\controllers\\review.controller.js": {"path":"C:\\Users\\karin\\Documents\\belajar-fs\\gigglefest\\giggle-fest-be-repository\\src\\controllers\\review.controller.js","statementMap":{"0":{"start":{"line":4,"column":28},"end":{"line":15,"column":1}},"1":{"start":{"line":5,"column":2},"end":{"line":14,"column":3}},"2":{"start":{"line":6,"column":23},"end":{"line":9,"column":5}},"3":{"start":{"line":10,"column":19},"end":{"line":10,"column":63}},"4":{"start":{"line":11,"column":4},"end":{"line":11,"column":76}},"5":{"start":{"line":13,"column":4},"end":{"line":13,"column":50}},"6":{"start":{"line":17,"column":29},"end":{"line":24,"column":1}},"7":{"start":{"line":18,"column":2},"end":{"line":23,"column":3}},"8":{"start":{"line":19,"column":20},"end":{"line":19,"column":64}},"9":{"start":{"line":20,"column":4},"end":{"line":20,"column":41}},"10":{"start":{"line":22,"column":4},"end":{"line":22,"column":50}},"11":{"start":{"line":26,"column":29},"end":{"line":33,"column":1}},"12":{"start":{"line":27,"column":2},"end":{"line":32,"column":3}},"13":{"start":{"line":28,"column":19},"end":{"line":28,"column":75}},"14":{"start":{"line":29,"column":4},"end":{"line":29,"column":40}},"15":{"start":{"line":31,"column":4},"end":{"line":31,"column":50}},"16":{"start":{"line":35,"column":34},"end":{"line":45,"column":1}},"17":{"start":{"line":36,"column":2},"end":{"line":44,"column":3}},"18":{"start":{"line":37,"column":20},"end":{"line":40,"column":5}},"19":{"start":{"line":41,"column":4},"end":{"line":41,"column":41}},"20":{"start":{"line":43,"column":4},"end":{"line":43,"column":50}},"21":{"start":{"line":47,"column":32},"end":{"line":57,"column":1}},"22":{"start":{"line":48,"column":2},"end":{"line":56,"column":3}},"23":{"start":{"line":49,"column":20},"end":{"line":52,"column":5}},"24":{"start":{"line":53,"column":4},"end":{"line":53,"column":41}},"25":{"start":{"line":55,"column":4},"end":{"line":55,"column":50}},"26":{"start":{"line":59,"column":28},"end":{"line":70,"column":1}},"27":{"start":{"line":60,"column":2},"end":{"line":69,"column":3}},"28":{"start":{"line":61,"column":19},"end":{"line":65,"column":5}},"29":{"start":{"line":66,"column":4},"end":{"line":66,"column":71}},"30":{"start":{"line":68,"column":4},"end":{"line":68,"column":50}},"31":{"start":{"line":72,"column":28},"end":{"line":79,"column":1}},"32":{"start":{"line":73,"column":2},"end":{"line":78,"column":3}},"33":{"start":{"line":74,"column":4},"end":{"line":74,"column":73}},"34":{"start":{"line":75,"column":4},"end":{"line":75,"column":69}},"35":{"start":{"line":77,"column":4},"end":{"line":77,"column":50}}},"fnMap":{"0":{"name":"(anonymous_0)","decl":{"start":{"line":4,"column":28},"end":{"line":4,"column":29}},"loc":{"start":{"line":4,"column":48},"end":{"line":15,"column":1}},"line":4},"1":{"name":"(anonymous_1)","decl":{"start":{"line":17,"column":29},"end":{"line":17,"column":30}},"loc":{"start":{"line":17,"column":49},"end":{"line":24,"column":1}},"line":17},"2":{"name":"(anonymous_2)","decl":{"start":{"line":26,"column":29},"end":{"line":26,"column":30}},"loc":{"start":{"line":26,"column":49},"end":{"line":33,"column":1}},"line":26},"3":{"name":"(anonymous_3)","decl":{"start":{"line":35,"column":34},"end":{"line":35,"column":35}},"loc":{"start":{"line":35,"column":54},"end":{"line":45,"column":1}},"line":35},"4":{"name":"(anonymous_4)","decl":{"start":{"line":47,"column":32},"end":{"line":47,"column":33}},"loc":{"start":{"line":47,"column":52},"end":{"line":57,"column":1}},"line":47},"5":{"name":"(anonymous_5)","decl":{"start":{"line":59,"column":28},"end":{"line":59,"column":29}},"loc":{"start":{"line":59,"column":48},"end":{"line":70,"column":1}},"line":59},"6":{"name":"(anonymous_6)","decl":{"start":{"line":72,"column":28},"end":{"line":72,"column":29}},"loc":{"start":{"line":72,"column":48},"end":{"line":79,"column":1}},"line":72}},"branchMap":{},"s":{"0":11,"1":8,"2":8,"3":8,"4":4,"5":4,"6":11,"7":6,"8":6,"9":4,"10":2,"11":11,"12":5,"13":5,"14":3,"15":2,"16":11,"17":6,"18":6,"19":4,"20":2,"21":11,"22":6,"23":6,"24":4,"25":2,"26":11,"27":7,"28":7,"29":4,"30":3,"31":11,"32":7,"33":7,"34":4,"35":3},"f":{"0":8,"1":6,"2":5,"3":6,"4":6,"5":7,"6":7},"b":{},"inputSourceMap":null,"_coverageSchema":"1a1c01bbd47fc00a2c39e90264f33305004495a9","hash":"9a7e4955d99297ad57975e0e635b9581d32f3786"}
,"C:\\Users\\karin\\Documents\\belajar-fs\\gigglefest\\giggle-fest-be-repository\\src\\controllers\\ticket.controller.js": {"path":"C:\\Users\\karin\\Documents\\belajar-fs\\gigglefest\\giggle-fest-be-repository\\src\\controllers\\ticket.controller.js","statementMap":{"0":{"start":{"line":13,"column":28},"end":{"line":36,"column":1}},"1":{"start":{"line":14,"column":2},"end":{"line":35,"column":3}},"2":{"start":{"line":15,"column":4},"end":{"line":17,"column":5}},"3":{"start":{"line":16,"column":6},"end":{"line":16,"column":53}},"4":{"start":{"line":18,"column":21},"end":{"line":18,"column":66}},"5":{"start":{"line":20,"column":23},"end":{"line":29,"column":5}},"6":{"start":{"line":31,"column":19},"end":{"line":31,"column":56}},"7":{"start":{"line":32,"column":4},"end":{"line":32,"column":76}},"8":{"start":{"line":34,"column":4},"end":{"line":34,"column":45}},"9":{"start":{"line":38,"column":29},"end":{"line":58,"column":1}},"10":{"start":{"line":39,"column":2},"end":{"line":57,"column":3}},"11":{"start":{"line":40,"column":24},"end":{"line":51,"column":5}},"12":{"start":{"line":53,"column":20},"end":{"line":53,"column":59}},"13":{"start":{"line":54,"column":4},"end":{"line":54,"column":41}},"14":{"start":{"line":56,"column":4},"end":{"line":56,"column":45}},"15":{"start":{"line":60,"column":29},"end":{"line":67,"column":1}},"16":{"start":{"line":61,"column":2},"end":{"line":66,"column":3}},"17":{"start":{"line":62,"column":19},"end":{"line":62,"column":70}},"18":{"start":{"line":63,"column":4},"end":{"line":63,"column":40}},"19":{"start":{"line":65,"column":4},"end":{"line":65,"column":45}},"20":{"start":{"line":69,"column":28},"end":{"line":92,"column":1}},"21":{"start":{"line":70,"column":2},"end":{"line":91,"column":3}},"22":{"start":{"line":71,"column":4},"end":{"line":73,"column":5}},"23":{"start":{"line":72,"column":6},"end":{"line":72,"column":53}},"24":{"start":{"line":74,"column":21},"end":{"line":74,"column":71}},"25":{"start":{"line":76,"column":23},"end":{"line":82,"column":5}},"26":{"start":{"line":84,"column":19},"end":{"line":87,"column":5}},"27":{"start":{"line":88,"column":4},"end":{"line":88,"column":71}},"28":{"start":{"line":90,"column":4},"end":{"line":90,"column":45}},"29":{"start":{"line":94,"column":28},"end":{"line":104,"column":1}},"30":{"start":{"line":95,"column":2},"end":{"line":103,"column":3}},"31":{"start":{"line":96,"column":4},"end":{"line":98,"column":5}},"32":{"start":{"line":97,"column":6},"end":{"line":97,"column":53}},"33":{"start":{"line":99,"column":4},"end":{"line":99,"column":55}},"34":{"start":{"line":100,"column":4},"end":{"line":100,"column":69}},"35":{"start":{"line":102,"column":4},"end":{"line":102,"column":45}},"36":{"start":{"line":106,"column":36},"end":{"line":115,"column":1}},"37":{"start":{"line":107,"column":2},"end":{"line":114,"column":3}},"38":{"start":{"line":108,"column":20},"end":{"line":110,"column":5}},"39":{"start":{"line":111,"column":4},"end":{"line":111,"column":41}},"40":{"start":{"line":113,"column":4},"end":{"line":113,"column":45}},"41":{"start":{"line":117,"column":33},"end":{"line":126,"column":1}},"42":{"start":{"line":118,"column":2},"end":{"line":125,"column":3}},"43":{"start":{"line":119,"column":20},"end":{"line":121,"column":5}},"44":{"start":{"line":122,"column":4},"end":{"line":122,"column":41}},"45":{"start":{"line":124,"column":4},"end":{"line":124,"column":45}}},"fnMap":{"0":{"name":"(anonymous_0)","decl":{"start":{"line":13,"column":28},"end":{"line":13,"column":29}},"loc":{"start":{"line":13,"column":48},"end":{"line":36,"column":1}},"line":13},"1":{"name":"(anonymous_1)","decl":{"start":{"line":38,"column":29},"end":{"line":38,"column":30}},"loc":{"start":{"line":38,"column":49},"end":{"line":58,"column":1}},"line":38},"2":{"name":"(anonymous_2)","decl":{"start":{"line":60,"column":29},"end":{"line":60,"column":30}},"loc":{"start":{"line":60,"column":49},"end":{"line":67,"column":1}},"line":60},"3":{"name":"(anonymous_3)","decl":{"start":{"line":69,"column":28},"end":{"line":69,"column":29}},"loc":{"start":{"line":69,"column":48},"end":{"line":92,"column":1}},"line":69},"4":{"name":"(anonymous_4)","decl":{"start":{"line":94,"column":28},"end":{"line":94,"column":29}},"loc":{"start":{"line":94,"column":48},"end":{"line":104,"column":1}},"line":94},"5":{"name":"(anonymous_5)","decl":{"start":{"line":106,"column":36},"end":{"line":106,"column":37}},"loc":{"start":{"line":106,"column":56},"end":{"line":115,"column":1}},"line":106},"6":{"name":"(anonymous_6)","decl":{"start":{"line":117,"column":33},"end":{"line":117,"column":34}},"loc":{"start":{"line":117,"column":53},"end":{"line":126,"column":1}},"line":117}},"branchMap":{"0":{"loc":{"start":{"line":15,"column":4},"end":{"line":17,"column":5}},"type":"if","locations":[{"start":{"line":15,"column":4},"end":{"line":17,"column":5}},{"start":{},"end":{}}],"line":15},"1":{"loc":{"start":{"line":18,"column":21},"end":{"line":18,"column":66}},"type":"cond-expr","locations":[{"start":{"line":18,"column":32},"end":{"line":18,"column":59}},{"start":{"line":18,"column":62},"end":{"line":18,"column":66}}],"line":18},"2":{"loc":{"start":{"line":41,"column":12},"end":{"line":41,"column":57}},"type":"cond-expr","locations":[{"start":{"line":41,"column":29},"end":{"line":41,"column":53}},{"start":{"line":41,"column":56},"end":{"line":41,"column":57}}],"line":41},"3":{"loc":{"start":{"line":42,"column":13},"end":{"line":42,"column":61}},"type":"cond-expr","locations":[{"start":{"line":42,"column":31},"end":{"line":42,"column":56}},{"start":{"line":42,"column":59},"end":{"line":42,"column":61}}],"line":42},"4":{"loc":{"start":{"line":44,"column":16},"end":{"line":44,"column":79}},"type":"cond-expr","locations":[{"start":{"line":44,"column":37},"end":{"line":44,"column":67}},{"start":{"line":44,"column":70},"end":{"line":44,"column":79}}],"line":44},"5":{"loc":{"start":{"line":45,"column":16},"end":{"line":45,"column":79}},"type":"cond-expr","locations":[{"start":{"line":45,"column":37},"end":{"line":45,"column":67}},{"start":{"line":45,"column":70},"end":{"line":45,"column":79}}],"line":45},"6":{"loc":{"start":{"line":47,"column":15},"end":{"line":47,"column":74}},"type":"cond-expr","locations":[{"start":{"line":47,"column":35},"end":{"line":47,"column":62}},{"start":{"line":47,"column":65},"end":{"line":47,"column":74}}],"line":47},"7":{"loc":{"start":{"line":48,"column":18},"end":{"line":50,"column":19}},"type":"cond-expr","locations":[{"start":{"line":49,"column":10},"end":{"line":49,"column":40}},{"start":{"line":50,"column":10},"end":{"line":50,"column":19}}],"line":48},"8":{"loc":{"start":{"line":71,"column":4},"end":{"line":73,"column":5}},"type":"if","locations":[{"start":{"line":71,"column":4},"end":{"line":73,"column":5}},{"start":{},"end":{}}],"line":71},"9":{"loc":{"start":{"line":74,"column":21},"end":{"line":74,"column":71}},"type":"cond-expr","locations":[{"start":{"line":74,"column":32},"end":{"line":74,"column":59}},{"start":{"line":74,"column":62},"end":{"line":74,"column":71}}],"line":74},"10":{"loc":{"start":{"line":77,"column":10},"end":{"line":77,"column":50}},"type":"binary-expr","locations":[{"start":{"line":77,"column":10},"end":{"line":77,"column":23}},{"start":{"line":77,"column":27},"end":{"line":77,"column":50}}],"line":77},"11":{"loc":{"start":{"line":78,"column":10},"end":{"line":78,"column":61}},"type":"binary-expr","locations":[{"start":{"line":78,"column":10},"end":{"line":78,"column":24}},{"start":{"line":78,"column":28},"end":{"line":78,"column":61}}],"line":78},"12":{"loc":{"start":{"line":79,"column":10},"end":{"line":79,"column":70}},"type":"binary-expr","locations":[{"start":{"line":79,"column":10},"end":{"line":79,"column":27}},{"start":{"line":79,"column":31},"end":{"line":79,"column":70}}],"line":79},"13":{"loc":{"start":{"line":80,"column":10},"end":{"line":80,"column":56}},"type":"binary-expr","locations":[{"start":{"line":80,"column":10},"end":{"line":80,"column":25}},{"start":{"line":80,"column":29},"end":{"line":80,"column":56}}],"line":80},"14":{"loc":{"start":{"line":81,"column":10},"end":{"line":81,"column":34}},"type":"binary-expr","locations":[{"start":{"line":81,"column":10},"end":{"line":81,"column":18}},{"start":{"line":81,"column":22},"end":{"line":81,"column":34}}],"line":81},"15":{"loc":{"start":{"line":96,"column":4},"end":{"line":98,"column":5}},"type":"if","locations":[{"start":{"line":96,"column":4},"end":{"line":98,"column":5}},{"start":{},"end":{}}],"line":96}},"s":{"0":11,"1":15,"2":15,"3":3,"4":12,"5":12,"6":12,"7":6,"8":6,"9":11,"10":29,"11":29,"12":29,"13":26,"14":3,"15":11,"16":5,"17":5,"18":3,"19":2,"20":11,"21":13,"22":13,"23":3,"24":10,"25":10,"26":10,"27":8,"28":2,"29":11,"30":8,"31":8,"32":3,"33":5,"34":3,"35":2,"36":11,"37":6,"38":6,"39":3,"40":3,"41":11,"42":6,"43":6,"44":4,"45":2},"f":{"0":15,"1":29,"2":5,"3":13,"4":8,"5":6,"6":6},"b":{"0":[3,12],"1":[2,10],"2":[6,23],"3":[6,23],"4":[4,25],"5":[3,26],"6":[3,26],"7":[3,26],"8":[3,10],"9":[2,8],"10":[10,7],"11":[10,3],"12":[10,2],"13":[10,2],"14":[10,2],"15":[3,5]},"inputSourceMap":null,"_coverageSchema":"1a1c01bbd47fc00a2c39e90264f33305004495a9","hash":"6cf87133c664c8d6f83b71ee7e19e82748cafa03"}
,"C:\\Users\\karin\\Documents\\belajar-fs\\gigglefest\\giggle-fest-be-repository\\src\\controllers\\user.controller.js": {"path":"C:\\Users\\karin\\Documents\\belajar-fs\\gigglefest\\giggle-fest-be-repository\\src\\controllers\\user.controller.js","statementMap":{"0":{"start":{"line":4,"column":28},"end":{"line":11,"column":1}},"1":{"start":{"line":5,"column":2},"end":{"line":10,"column":3}},"2":{"start":{"line":6,"column":19},"end":{"line":6,"column":55}},"3":{"start":{"line":7,"column":4},"end":{"line":7,"column":77}},"4":{"start":{"line":9,"column":4},"end":{"line":9,"column":50}},"5":{"start":{"line":13,"column":39},"end":{"line":25,"column":1}},"6":{"start":{"line":14,"column":2},"end":{"line":24,"column":3}},"7":{"start":{"line":15,"column":22},"end":{"line":15,"column":30}},"8":{"start":{"line":16,"column":19},"end":{"line":16,"column":62}},"9":{"start":{"line":17,"column":4},"end":{"line":21,"column":6}},"10":{"start":{"line":23,"column":4},"end":{"line":23,"column":50}},"11":{"start":{"line":27,"column":25},"end":{"line":48,"column":1}},"12":{"start":{"line":28,"column":2},"end":{"line":47,"column":3}},"13":{"start":{"line":29,"column":32},"end":{"line":29,"column":40}},"14":{"start":{"line":30,"column":19},"end":{"line":30,"column":59}},"15":{"start":{"line":40,"column":4},"end":{"line":40,"column":60}},"16":{"start":{"line":42,"column":17},"end":{"line":42,"column":20}},"17":{"start":{"line":43,"column":4},"end":{"line":45,"column":5}},"18":{"start":{"line":44,"column":6},"end":{"line":44,"column":19}},"19":{"start":{"line":46,"column":4},"end":{"line":46,"column":53}},"20":{"start":{"line":50,"column":33},"end":{"line":81,"column":1}},"21":{"start":{"line":51,"column":2},"end":{"line":80,"column":3}},"22":{"start":{"line":52,"column":19},"end":{"line":52,"column":42}},"23":{"start":{"line":54,"column":4},"end":{"line":60,"column":5}},"24":{"start":{"line":55,"column":6},"end":{"line":59,"column":8}},"25":{"start":{"line":62,"column":19},"end":{"line":62,"column":69}},"26":{"start":{"line":71,"column":8},"end":{"line":71,"column":14}},"27":{"start":{"line":73,"column":4},"end":{"line":73,"column":71}},"28":{"start":{"line":75,"column":4},"end":{"line":78,"column":5}},"29":{"start":{"line":76,"column":27},"end":{"line":76,"column":76}},"30":{"start":{"line":76,"column":53},"end":{"line":76,"column":64}},"31":{"start":{"line":77,"column":6},"end":{"line":77,"column":51}},"32":{"start":{"line":79,"column":4},"end":{"line":79,"column":50}},"33":{"start":{"line":83,"column":33},"end":{"line":94,"column":1}},"34":{"start":{"line":84,"column":2},"end":{"line":93,"column":3}},"35":{"start":{"line":85,"column":4},"end":{"line":87,"column":5}},"36":{"start":{"line":86,"column":6},"end":{"line":86,"column":53}},"37":{"start":{"line":89,"column":4},"end":{"line":89,"column":62}},"38":{"start":{"line":90,"column":4},"end":{"line":90,"column":67}},"39":{"start":{"line":92,"column":4},"end":{"line":92,"column":50}},"40":{"start":{"line":96,"column":33},"end":{"line":121,"column":1}},"41":{"start":{"line":97,"column":2},"end":{"line":120,"column":3}},"42":{"start":{"line":98,"column":4},"end":{"line":100,"column":5}},"43":{"start":{"line":99,"column":6},"end":{"line":99,"column":53}},"44":{"start":{"line":102,"column":36},"end":{"line":102,"column":45}},"45":{"start":{"line":104,"column":19},"end":{"line":108,"column":6}},"46":{"start":{"line":110,"column":4},"end":{"line":117,"column":6}},"47":{"start":{"line":119,"column":4},"end":{"line":119,"column":50}},"48":{"start":{"line":123,"column":30},"end":{"line":133,"column":1}},"49":{"start":{"line":124,"column":2},"end":{"line":132,"column":3}},"50":{"start":{"line":125,"column":17},"end":{"line":125,"column":71}},"51":{"start":{"line":126,"column":4},"end":{"line":128,"column":5}},"52":{"start":{"line":127,"column":6},"end":{"line":127,"column":55}},"53":{"start":{"line":129,"column":4},"end":{"line":129,"column":69}},"54":{"start":{"line":131,"column":4},"end":{"line":131,"column":50}},"55":{"start":{"line":135,"column":27},"end":{"line":204,"column":1}},"56":{"start":{"line":136,"column":2},"end":{"line":203,"column":3}},"57":{"start":{"line":137,"column":22},"end":{"line":137,"column":32}},"58":{"start":{"line":138,"column":17},"end":{"line":138,"column":53}},"59":{"start":{"line":140,"column":25},"end":{"line":198,"column":5}},"60":{"start":{"line":200,"column":4},"end":{"line":200,"column":27}},"61":{"start":{"line":202,"column":4},"end":{"line":202,"column":50}}},"fnMap":{"0":{"name":"(anonymous_0)","decl":{"start":{"line":4,"column":28},"end":{"line":4,"column":29}},"loc":{"start":{"line":4,"column":48},"end":{"line":11,"column":1}},"line":4},"1":{"name":"(anonymous_1)","decl":{"start":{"line":13,"column":39},"end":{"line":13,"column":40}},"loc":{"start":{"line":13,"column":59},"end":{"line":25,"column":1}},"line":13},"2":{"name":"(anonymous_2)","decl":{"start":{"line":27,"column":25},"end":{"line":27,"column":26}},"loc":{"start":{"line":27,"column":45},"end":{"line":48,"column":1}},"line":27},"3":{"name":"(anonymous_3)","decl":{"start":{"line":50,"column":33},"end":{"line":50,"column":34}},"loc":{"start":{"line":50,"column":53},"end":{"line":81,"column":1}},"line":50},"4":{"name":"(anonymous_4)","decl":{"start":{"line":76,"column":44},"end":{"line":76,"column":45}},"loc":{"start":{"line":76,"column":53},"end":{"line":76,"column":64}},"line":76},"5":{"name":"(anonymous_5)","decl":{"start":{"line":83,"column":33},"end":{"line":83,"column":34}},"loc":{"start":{"line":83,"column":53},"end":{"line":94,"column":1}},"line":83},"6":{"name":"(anonymous_6)","decl":{"start":{"line":96,"column":33},"end":{"line":96,"column":34}},"loc":{"start":{"line":96,"column":53},"end":{"line":121,"column":1}},"line":96},"7":{"name":"(anonymous_7)","decl":{"start":{"line":123,"column":30},"end":{"line":123,"column":31}},"loc":{"start":{"line":123,"column":50},"end":{"line":133,"column":1}},"line":123},"8":{"name":"(anonymous_8)","decl":{"start":{"line":135,"column":27},"end":{"line":135,"column":28}},"loc":{"start":{"line":135,"column":47},"end":{"line":204,"column":1}},"line":135}},"branchMap":{"0":{"loc":{"start":{"line":43,"column":4},"end":{"line":45,"column":5}},"type":"if","locations":[{"start":{"line":43,"column":4},"end":{"line":45,"column":5}},{"start":{},"end":{}}],"line":43},"1":{"loc":{"start":{"line":54,"column":4},"end":{"line":60,"column":5}},"type":"if","locations":[{"start":{"line":54,"column":4},"end":{"line":60,"column":5}},{"start":{},"end":{}}],"line":54},"2":{"loc":{"start":{"line":75,"column":4},"end":{"line":78,"column":5}},"type":"if","locations":[{"start":{"line":75,"column":4},"end":{"line":78,"column":5}},{"start":{},"end":{}}],"line":75},"3":{"loc":{"start":{"line":85,"column":4},"end":{"line":87,"column":5}},"type":"if","locations":[{"start":{"line":85,"column":4},"end":{"line":87,"column":5}},{"start":{},"end":{}}],"line":85},"4":{"loc":{"start":{"line":98,"column":4},"end":{"line":100,"column":5}},"type":"if","locations":[{"start":{"line":98,"column":4},"end":{"line":100,"column":5}},{"start":{},"end":{}}],"line":98},"5":{"loc":{"start":{"line":105,"column":12},"end":{"line":105,"column":31}},"type":"binary-expr","locations":[{"start":{"line":105,"column":12},"end":{"line":105,"column":26}},{"start":{"line":105,"column":30},"end":{"line":105,"column":31}}],"line":105},"6":{"loc":{"start":{"line":106,"column":13},"end":{"line":106,"column":34}},"type":"binary-expr","locations":[{"start":{"line":106,"column":13},"end":{"line":106,"column":28}},{"start":{"line":106,"column":32},"end":{"line":106,"column":34}}],"line":106},"7":{"loc":{"start":{"line":107,"column":14},"end":{"line":107,"column":26}},"type":"binary-expr","locations":[{"start":{"line":107,"column":14},"end":{"line":107,"column":20}},{"start":{"line":107,"column":24},"end":{"line":107,"column":26}}],"line":107},"8":{"loc":{"start":{"line":126,"column":4},"end":{"line":128,"column":5}},"type":"if","locations":[{"start":{"line":126,"column":4},"end":{"line":128,"column":5}},{"start":{},"end":{}}],"line":126}},"s":{"0":11,"1":6,"2":6,"3":2,"4":4,"5":11,"6":4,"7":4,"8":4,"9":2,"10":2,"11":11,"12":22,"13":22,"14":22,"15":16,"16":6,"17":6,"18":2,"19":6,"20":11,"21":8,"22":8,"23":8,"24":2,"25":6,"26":3,"27":3,"28":3,"29":1,"30":2,"31":1,"32":2,"33":11,"34":6,"35":6,"36":2,"37":4,"38":3,"39":1,"40":11,"41":10,"42":10,"43":3,"44":7,"45":7,"46":6,"47":1,"48":11,"49":5,"50":5,"51":4,"52":2,"53":2,"54":1,"55":11,"56":7,"57":7,"58":7,"59":5,"60":5,"61":2},"f":{"0":6,"1":4,"2":22,"3":8,"4":2,"5":6,"6":10,"7":5,"8":7},"b":{"0":[2,4],"1":[2,6],"2":[1,2],"3":[2,4],"4":[3,7],"5":[7,3],"6":[7,3],"7":[7,6],"8":[2,2]},"inputSourceMap":null,"_coverageSchema":"1a1c01bbd47fc00a2c39e90264f33305004495a9","hash":"6e8e89f81577998b3363b5a62b68819878025651"}
,"C:\\Users\\karin\\Documents\\belajar-fs\\gigglefest\\giggle-fest-be-repository\\src\\libs\\imagekit.js": {"path":"C:\\Users\\karin\\Documents\\belajar-fs\\gigglefest\\giggle-fest-be-repository\\src\\libs\\imagekit.js","statementMap":{"0":{"start":{"line":4,"column":15},"end":{"line":4,"column":19}},"1":{"start":{"line":6,"column":20},"end":{"line":20,"column":1}},"2":{"start":{"line":7,"column":2},"end":{"line":18,"column":3}},"3":{"start":{"line":13,"column":4},"end":{"line":17,"column":7}},"4":{"start":{"line":19,"column":2},"end":{"line":19,"column":18}},"5":{"start":{"line":22,"column":27},"end":{"line":40,"column":1}},"6":{"start":{"line":23,"column":2},"end":{"line":39,"column":3}},"7":{"start":{"line":24,"column":16},"end":{"line":24,"column":29}},"8":{"start":{"line":27,"column":4},"end":{"line":30,"column":5}},"9":{"start":{"line":28,"column":6},"end":{"line":28,"column":77}},"10":{"start":{"line":29,"column":6},"end":{"line":29,"column":75}},"11":{"start":{"line":32,"column":21},"end":{"line":35,"column":6}},"12":{"start":{"line":36,"column":4},"end":{"line":36,"column":24}},"13":{"start":{"line":38,"column":4},"end":{"line":38,"column":43}}},"fnMap":{"0":{"name":"(anonymous_0)","decl":{"start":{"line":6,"column":20},"end":{"line":6,"column":21}},"loc":{"start":{"line":6,"column":26},"end":{"line":20,"column":1}},"line":6},"1":{"name":"(anonymous_1)","decl":{"start":{"line":22,"column":27},"end":{"line":22,"column":28}},"loc":{"start":{"line":22,"column":43},"end":{"line":40,"column":1}},"line":22}},"branchMap":{"0":{"loc":{"start":{"line":7,"column":2},"end":{"line":18,"column":3}},"type":"if","locations":[{"start":{"line":7,"column":2},"end":{"line":18,"column":3}},{"start":{},"end":{}}],"line":7},"1":{"loc":{"start":{"line":8,"column":4},"end":{"line":11,"column":37}},"type":"binary-expr","locations":[{"start":{"line":8,"column":4},"end":{"line":8,"column":13}},{"start":{"line":9,"column":4},"end":{"line":9,"column":35}},{"start":{"line":10,"column":4},"end":{"line":10,"column":36}},{"start":{"line":11,"column":4},"end":{"line":11,"column":37}}],"line":8},"2":{"loc":{"start":{"line":27,"column":4},"end":{"line":30,"column":5}},"type":"if","locations":[{"start":{"line":27,"column":4},"end":{"line":30,"column":5}},{"start":{},"end":{}}],"line":27}},"s":{"0":10,"1":10,"2":1,"3":1,"4":1,"5":10,"6":1,"7":1,"8":1,"9":0,"10":0,"11":1,"12":1,"13":0},"f":{"0":1,"1":1},"b":{"0":[1,0],"1":[1,1,1,1],"2":[0,1]},"inputSourceMap":null,"_coverageSchema":"1a1c01bbd47fc00a2c39e90264f33305004495a9","hash":"1c688b955b1fc141379bca0dfa20b41a59515753"}
,"C:\\Users\\karin\\Documents\\belajar-fs\\gigglefest\\giggle-fest-be-repository\\src\\libs\\midtrans.config.js": {"path":"C:\\Users\\karin\\Documents\\belajar-fs\\gigglefest\\giggle-fest-be-repository\\src\\libs\\midtrans.config.js","statementMap":{"0":{"start":{"line":3,"column":20},"end":{"line":7,"column":2}},"1":{"start":{"line":9,"column":20},"end":{"line":13,"column":2}}},"fnMap":{},"branchMap":{},"s":{"0":10,"1":10},"f":{},"b":{},"inputSourceMap":null,"_coverageSchema":"1a1c01bbd47fc00a2c39e90264f33305004495a9","hash":"dc9d7fd8b0d9d640fc41145756d15b1d4fb5ecc4"}
,"C:\\Users\\karin\\Documents\\belajar-fs\\gigglefest\\giggle-fest-be-repository\\src\\middlewares\\auth.middleware.js": {"path":"C:\\Users\\karin\\Documents\\belajar-fs\\gigglefest\\giggle-fest-be-repository\\src\\middlewares\\auth.middleware.js","statementMap":{"0":{"start":{"line":4,"column":30},"end":{"line":22,"column":1}},"1":{"start":{"line":5,"column":2},"end":{"line":21,"column":3}},"2":{"start":{"line":6,"column":16},"end":{"line":6,"column":56}},"3":{"start":{"line":8,"column":4},"end":{"line":10,"column":5}},"4":{"start":{"line":9,"column":6},"end":{"line":9,"column":32}},"5":{"start":{"line":12,"column":4},"end":{"line":14,"column":5}},"6":{"start":{"line":13,"column":6},"end":{"line":13,"column":58}},"7":{"start":{"line":16,"column":20},"end":{"line":16,"column":38}},"8":{"start":{"line":17,"column":4},"end":{"line":17,"column":23}},"9":{"start":{"line":18,"column":4},"end":{"line":18,"column":11}},"10":{"start":{"line":20,"column":4},"end":{"line":20,"column":52}}},"fnMap":{"0":{"name":"(anonymous_0)","decl":{"start":{"line":4,"column":30},"end":{"line":4,"column":31}},"loc":{"start":{"line":4,"column":50},"end":{"line":22,"column":1}},"line":4}},"branchMap":{"0":{"loc":{"start":{"line":8,"column":4},"end":{"line":10,"column":5}},"type":"if","locations":[{"start":{"line":8,"column":4},"end":{"line":10,"column":5}},{"start":{},"end":{}}],"line":8},"1":{"loc":{"start":{"line":8,"column":8},"end":{"line":8,"column":29}},"type":"binary-expr","locations":[{"start":{"line":8,"column":8},"end":{"line":8,"column":14}},{"start":{"line":8,"column":18},"end":{"line":8,"column":29}}],"line":8},"2":{"loc":{"start":{"line":12,"column":4},"end":{"line":14,"column":5}},"type":"if","locations":[{"start":{"line":12,"column":4},"end":{"line":14,"column":5}},{"start":{},"end":{}}],"line":12}},"s":{"0":10,"1":67,"2":67,"3":67,"4":11,"5":67,"6":11,"7":56,"8":56,"9":56,"10":0},"f":{"0":67},"b":{"0":[11,56],"1":[67,11],"2":[11,56]},"inputSourceMap":null,"_coverageSchema":"1a1c01bbd47fc00a2c39e90264f33305004495a9","hash":"803b1fd657b386e419c5fdfed0af509f0e04fd8e"}
,"C:\\Users\\karin\\Documents\\belajar-fs\\gigglefest\\giggle-fest-be-repository\\src\\middlewares\\error.middleware.js": {"path":"C:\\Users\\karin\\Documents\\belajar-fs\\gigglefest\\giggle-fest-be-repository\\src\\middlewares\\error.middleware.js","statementMap":{"0":{"start":{"line":3,"column":31},"end":{"line":6,"column":1}},"1":{"start":{"line":4,"column":2},"end":{"line":4,"column":27}},"2":{"start":{"line":5,"column":2},"end":{"line":5,"column":41}},"3":{"start":{"line":8,"column":34},"end":{"line":10,"column":1}},"4":{"start":{"line":9,"column":2},"end":{"line":9,"column":52}}},"fnMap":{"0":{"name":"(anonymous_0)","decl":{"start":{"line":3,"column":31},"end":{"line":3,"column":32}},"loc":{"start":{"line":3,"column":56},"end":{"line":6,"column":1}},"line":3},"1":{"name":"(anonymous_1)","decl":{"start":{"line":8,"column":34},"end":{"line":8,"column":35}},"loc":{"start":{"line":8,"column":48},"end":{"line":10,"column":1}},"line":8}},"branchMap":{},"s":{"0":11,"1":44,"2":43,"3":11,"4":38},"f":{"0":44,"1":38},"b":{},"inputSourceMap":null,"_coverageSchema":"1a1c01bbd47fc00a2c39e90264f33305004495a9","hash":"0b32ec84e870c979761848557db6303575812953"}
,"C:\\Users\\karin\\Documents\\belajar-fs\\gigglefest\\giggle-fest-be-repository\\src\\middlewares\\multer.middleware.js": {"path":"C:\\Users\\karin\\Documents\\belajar-fs\\gigglefest\\giggle-fest-be-repository\\src\\middlewares\\multer.middleware.js","statementMap":{"0":{"start":{"line":3,"column":16},"end":{"line":3,"column":38}},"1":{"start":{"line":5,"column":22},"end":{"line":17,"column":2}},"2":{"start":{"line":8,"column":4},"end":{"line":12,"column":5}},"3":{"start":{"line":9,"column":6},"end":{"line":9,"column":21}},"4":{"start":{"line":11,"column":6},"end":{"line":11,"column":47}}},"fnMap":{"0":{"name":"(anonymous_0)","decl":{"start":{"line":7,"column":14},"end":{"line":7,"column":15}},"loc":{"start":{"line":7,"column":33},"end":{"line":13,"column":3}},"line":7}},"branchMap":{"0":{"loc":{"start":{"line":8,"column":4},"end":{"line":12,"column":5}},"type":"if","locations":[{"start":{"line":8,"column":4},"end":{"line":12,"column":5}},{"start":{"line":10,"column":11},"end":{"line":12,"column":5}}],"line":8}},"s":{"0":11,"1":11,"2":33,"3":19,"4":14},"f":{"0":33},"b":{"0":[19,14]},"inputSourceMap":null,"_coverageSchema":"1a1c01bbd47fc00a2c39e90264f33305004495a9","hash":"529be93e24ed4daa33e9f72c20c5a91a8a5078fc"}
,"C:\\Users\\karin\\Documents\\belajar-fs\\gigglefest\\giggle-fest-be-repository\\src\\middlewares\\rateLimiter.middleware.js": {"path":"C:\\Users\\karin\\Documents\\belajar-fs\\gigglefest\\giggle-fest-be-repository\\src\\middlewares\\rateLimiter.middleware.js","statementMap":{"0":{"start":{"line":3,"column":40},"end":{"line":16,"column":2}},"1":{"start":{"line":14,"column":4},"end":{"line":14,"column":36}}},"fnMap":{"0":{"name":"(anonymous_0)","decl":{"start":{"line":13,"column":16},"end":{"line":13,"column":17}},"loc":{"start":{"line":13,"column":25},"end":{"line":15,"column":3}},"line":13}},"branchMap":{"0":{"loc":{"start":{"line":14,"column":11},"end":{"line":14,"column":35}},"type":"binary-expr","locations":[{"start":{"line":14,"column":11},"end":{"line":14,"column":25}},{"start":{"line":14,"column":29},"end":{"line":14,"column":35}}],"line":14}},"s":{"0":11,"1":1},"f":{"0":1},"b":{"0":[1,0]},"inputSourceMap":null,"_coverageSchema":"1a1c01bbd47fc00a2c39e90264f33305004495a9","hash":"458891ef587c4abbed9789714b60216e6b87f0e2"}
,"C:\\Users\\karin\\Documents\\belajar-fs\\gigglefest\\giggle-fest-be-repository\\src\\middlewares\\validation.middleware.js": {"path":"C:\\Users\\karin\\Documents\\belajar-fs\\gigglefest\\giggle-fest-be-repository\\src\\middlewares\\validation.middleware.js","statementMap":{"0":{"start":{"line":3,"column":31},"end":{"line":16,"column":1}},"1":{"start":{"line":4,"column":2},"end":{"line":15,"column":4}},"2":{"start":{"line":5,"column":22},"end":{"line":5,"column":70}},"3":{"start":{"line":7,"column":4},"end":{"line":12,"column":5}},"4":{"start":{"line":8,"column":27},"end":{"line":10,"column":19}},"5":{"start":{"line":9,"column":25},"end":{"line":9,"column":39}},"6":{"start":{"line":11,"column":6},"end":{"line":11,"column":51}},"7":{"start":{"line":14,"column":4},"end":{"line":14,"column":11}},"8":{"start":{"line":19,"column":34},"end":{"line":40,"column":1}},"9":{"start":{"line":20,"column":2},"end":{"line":39,"column":4}},"10":{"start":{"line":21,"column":4},"end":{"line":38,"column":5}},"11":{"start":{"line":22,"column":6},"end":{"line":24,"column":7}},"12":{"start":{"line":23,"column":8},"end":{"line":23,"column":65}},"13":{"start":{"line":25,"column":6},"end":{"line":27,"column":7}},"14":{"start":{"line":26,"column":8},"end":{"line":26,"column":62}},"15":{"start":{"line":28,"column":6},"end":{"line":30,"column":7}},"16":{"start":{"line":29,"column":8},"end":{"line":29,"column":59}},"17":{"start":{"line":31,"column":6},"end":{"line":31,"column":13}},"18":{"start":{"line":33,"column":6},"end":{"line":36,"column":7}},"19":{"start":{"line":34,"column":30},"end":{"line":34,"column":79}},"20":{"start":{"line":34,"column":56},"end":{"line":34,"column":67}},"21":{"start":{"line":35,"column":8},"end":{"line":35,"column":54}},"22":{"start":{"line":37,"column":6},"end":{"line":37,"column":58}}},"fnMap":{"0":{"name":"(anonymous_0)","decl":{"start":{"line":3,"column":31},"end":{"line":3,"column":32}},"loc":{"start":{"line":3,"column":43},"end":{"line":16,"column":1}},"line":3},"1":{"name":"(anonymous_1)","decl":{"start":{"line":4,"column":9},"end":{"line":4,"column":10}},"loc":{"start":{"line":4,"column":29},"end":{"line":15,"column":3}},"line":4},"2":{"name":"(anonymous_2)","decl":{"start":{"line":9,"column":13},"end":{"line":9,"column":14}},"loc":{"start":{"line":9,"column":25},"end":{"line":9,"column":39}},"line":9},"3":{"name":"(anonymous_3)","decl":{"start":{"line":19,"column":34},"end":{"line":19,"column":35}},"loc":{"start":{"line":19,"column":47},"end":{"line":40,"column":1}},"line":19},"4":{"name":"(anonymous_4)","decl":{"start":{"line":20,"column":9},"end":{"line":20,"column":10}},"loc":{"start":{"line":20,"column":35},"end":{"line":39,"column":3}},"line":20},"5":{"name":"(anonymous_5)","decl":{"start":{"line":34,"column":47},"end":{"line":34,"column":48}},"loc":{"start":{"line":34,"column":56},"end":{"line":34,"column":67}},"line":34}},"branchMap":{"0":{"loc":{"start":{"line":7,"column":4},"end":{"line":12,"column":5}},"type":"if","locations":[{"start":{"line":7,"column":4},"end":{"line":12,"column":5}},{"start":{},"end":{}}],"line":7},"1":{"loc":{"start":{"line":22,"column":6},"end":{"line":24,"column":7}},"type":"if","locations":[{"start":{"line":22,"column":6},"end":{"line":24,"column":7}},{"start":{},"end":{}}],"line":22},"2":{"loc":{"start":{"line":25,"column":6},"end":{"line":27,"column":7}},"type":"if","locations":[{"start":{"line":25,"column":6},"end":{"line":27,"column":7}},{"start":{},"end":{}}],"line":25},"3":{"loc":{"start":{"line":28,"column":6},"end":{"line":30,"column":7}},"type":"if","locations":[{"start":{"line":28,"column":6},"end":{"line":30,"column":7}},{"start":{},"end":{}}],"line":28},"4":{"loc":{"start":{"line":33,"column":6},"end":{"line":36,"column":7}},"type":"if","locations":[{"start":{"line":33,"column":6},"end":{"line":36,"column":7}},{"start":{},"end":{}}],"line":33}},"s":{"0":11,"1":39,"2":38,"3":38,"4":13,"5":19,"6":13,"7":25,"8":11,"9":318,"10":147,"11":147,"12":7,"13":145,"14":79,"15":144,"16":65,"17":126,"18":21,"19":18,"20":24,"21":18,"22":3},"f":{"0":39,"1":38,"2":19,"3":318,"4":147,"5":24},"b":{"0":[13,25],"1":[7,140],"2":[79,66],"3":[65,79],"4":[18,3]},"inputSourceMap":null,"_coverageSchema":"1a1c01bbd47fc00a2c39e90264f33305004495a9","hash":"50c29f5ddc1da60c2bdcd60dd3e9e3ed2241254c"}
,"C:\\Users\\karin\\Documents\\belajar-fs\\gigglefest\\giggle-fest-be-repository\\src\\repositories\\cart.repository.js": {"path":"C:\\Users\\karin\\Documents\\belajar-fs\\gigglefest\\giggle-fest-be-repository\\src\\repositories\\cart.repository.js","statementMap":{"0":{"start":{"line":3,"column":15},"end":{"line":3,"column":33}},"1":{"start":{"line":5,"column":30},"end":{"line":20,"column":1}},"2":{"start":{"line":6,"column":2},"end":{"line":19,"column":5}},"3":{"start":{"line":22,"column":32},"end":{"line":37,"column":1}},"4":{"start":{"line":23,"column":2},"end":{"line":36,"column":5}},"5":{"start":{"line":39,"column":36},"end":{"line":54,"column":1}},"6":{"start":{"line":40,"column":2},"end":{"line":53,"column":5}},"7":{"start":{"line":56,"column":30},"end":{"line":68,"column":1}},"8":{"start":{"line":57,"column":2},"end":{"line":67,"column":5}},"9":{"start":{"line":70,"column":30},"end":{"line":86,"column":1}},"10":{"start":{"line":71,"column":2},"end":{"line":85,"column":5}},"11":{"start":{"line":88,"column":30},"end":{"line":95,"column":1}},"12":{"start":{"line":89,"column":2},"end":{"line":94,"column":5}},"13":{"start":{"line":97,"column":29},"end":{"line":101,"column":1}},"14":{"start":{"line":98,"column":2},"end":{"line":100,"column":5}}},"fnMap":{"0":{"name":"(anonymous_0)","decl":{"start":{"line":5,"column":30},"end":{"line":5,"column":31}},"loc":{"start":{"line":5,"column":48},"end":{"line":20,"column":1}},"line":5},"1":{"name":"(anonymous_1)","decl":{"start":{"line":22,"column":32},"end":{"line":22,"column":33}},"loc":{"start":{"line":22,"column":54},"end":{"line":37,"column":1}},"line":22},"2":{"name":"(anonymous_2)","decl":{"start":{"line":39,"column":36},"end":{"line":39,"column":37}},"loc":{"start":{"line":39,"column":64},"end":{"line":54,"column":1}},"line":39},"3":{"name":"(anonymous_3)","decl":{"start":{"line":56,"column":30},"end":{"line":56,"column":31}},"loc":{"start":{"line":56,"column":46},"end":{"line":68,"column":1}},"line":56},"4":{"name":"(anonymous_4)","decl":{"start":{"line":70,"column":30},"end":{"line":70,"column":31}},"loc":{"start":{"line":70,"column":58},"end":{"line":86,"column":1}},"line":70},"5":{"name":"(anonymous_5)","decl":{"start":{"line":88,"column":30},"end":{"line":88,"column":31}},"loc":{"start":{"line":88,"column":52},"end":{"line":95,"column":1}},"line":88},"6":{"name":"(anonymous_6)","decl":{"start":{"line":97,"column":29},"end":{"line":97,"column":30}},"loc":{"start":{"line":97,"column":47},"end":{"line":101,"column":1}},"line":97}},"branchMap":{},"s":{"0":11,"1":11,"2":10,"3":11,"4":5,"5":11,"6":2,"7":11,"8":2,"9":11,"10":2,"11":11,"12":2,"13":11,"14":4},"f":{"0":10,"1":5,"2":2,"3":2,"4":2,"5":2,"6":4},"b":{},"inputSourceMap":null,"_coverageSchema":"1a1c01bbd47fc00a2c39e90264f33305004495a9","hash":"9be63b572878e6769ee10a8618120922fcb621de"}
,"C:\\Users\\karin\\Documents\\belajar-fs\\gigglefest\\giggle-fest-be-repository\\src\\repositories\\category.repository.js": {"path":"C:\\Users\\karin\\Documents\\belajar-fs\\gigglefest\\giggle-fest-be-repository\\src\\repositories\\category.repository.js","statementMap":{"0":{"start":{"line":3,"column":15},"end":{"line":3,"column":33}},"1":{"start":{"line":5,"column":30},"end":{"line":9,"column":1}},"2":{"start":{"line":6,"column":2},"end":{"line":8,"column":5}},"3":{"start":{"line":11,"column":33},"end":{"line":45,"column":1}},"4":{"start":{"line":12,"column":15},"end":{"line":12,"column":33}},"5":{"start":{"line":13,"column":16},"end":{"line":13,"column":18}},"6":{"start":{"line":15,"column":2},"end":{"line":20,"column":3}},"7":{"start":{"line":16,"column":4},"end":{"line":19,"column":6}},"8":{"start":{"line":22,"column":30},"end":{"line":32,"column":4}},"9":{"start":{"line":34,"column":21},"end":{"line":34,"column":45}},"10":{"start":{"line":36,"column":2},"end":{"line":44,"column":4}},"11":{"start":{"line":47,"column":32},"end":{"line":51,"column":1}},"12":{"start":{"line":48,"column":2},"end":{"line":50,"column":5}},"13":{"start":{"line":53,"column":30},"end":{"line":58,"column":1}},"14":{"start":{"line":54,"column":2},"end":{"line":57,"column":5}},"15":{"start":{"line":60,"column":30},"end":{"line":64,"column":1}},"16":{"start":{"line":61,"column":2},"end":{"line":63,"column":5}}},"fnMap":{"0":{"name":"(anonymous_0)","decl":{"start":{"line":5,"column":30},"end":{"line":5,"column":31}},"loc":{"start":{"line":5,"column":46},"end":{"line":9,"column":1}},"line":5},"1":{"name":"(anonymous_1)","decl":{"start":{"line":11,"column":33},"end":{"line":11,"column":34}},"loc":{"start":{"line":11,"column":68},"end":{"line":45,"column":1}},"line":11},"2":{"name":"(anonymous_2)","decl":{"start":{"line":47,"column":32},"end":{"line":47,"column":33}},"loc":{"start":{"line":47,"column":46},"end":{"line":51,"column":1}},"line":47},"3":{"name":"(anonymous_3)","decl":{"start":{"line":53,"column":30},"end":{"line":53,"column":31}},"loc":{"start":{"line":53,"column":50},"end":{"line":58,"column":1}},"line":53},"4":{"name":"(anonymous_4)","decl":{"start":{"line":60,"column":30},"end":{"line":60,"column":31}},"loc":{"start":{"line":60,"column":44},"end":{"line":64,"column":1}},"line":60}},"branchMap":{"0":{"loc":{"start":{"line":15,"column":2},"end":{"line":20,"column":3}},"type":"if","locations":[{"start":{"line":15,"column":2},"end":{"line":20,"column":3}},{"start":{},"end":{}}],"line":15}},"s":{"0":11,"1":11,"2":3,"3":11,"4":10,"5":10,"6":10,"7":3,"8":10,"9":10,"10":10,"11":11,"12":4,"13":11,"14":4,"15":11,"16":4},"f":{"0":3,"1":10,"2":4,"3":4,"4":4},"b":{"0":[3,7]},"inputSourceMap":null,"_coverageSchema":"1a1c01bbd47fc00a2c39e90264f33305004495a9","hash":"cfa0f48ab7d6e2c01106291daa461c63123e51d2"}
,"C:\\Users\\karin\\Documents\\belajar-fs\\gigglefest\\giggle-fest-be-repository\\src\\repositories\\event.repository.js": {"path":"C:\\Users\\karin\\Documents\\belajar-fs\\gigglefest\\giggle-fest-be-repository\\src\\repositories\\event.repository.js","statementMap":{"0":{"start":{"line":3,"column":15},"end":{"line":3,"column":33}},"1":{"start":{"line":5,"column":27},"end":{"line":7,"column":1}},"2":{"start":{"line":6,"column":2},"end":{"line":6,"column":39}},"3":{"start":{"line":9,"column":29},"end":{"line":18,"column":1}},"4":{"start":{"line":10,"column":2},"end":{"line":17,"column":5}},"5":{"start":{"line":20,"column":27},"end":{"line":22,"column":1}},"6":{"start":{"line":21,"column":2},"end":{"line":21,"column":39}},"7":{"start":{"line":24,"column":29},"end":{"line":31,"column":1}},"8":{"start":{"line":25,"column":2},"end":{"line":30,"column":5}},"9":{"start":{"line":33,"column":27},"end":{"line":38,"column":1}},"10":{"start":{"line":34,"column":2},"end":{"line":37,"column":5}},"11":{"start":{"line":40,"column":27},"end":{"line":44,"column":1}},"12":{"start":{"line":41,"column":2},"end":{"line":43,"column":5}}},"fnMap":{"0":{"name":"(anonymous_0)","decl":{"start":{"line":5,"column":27},"end":{"line":5,"column":28}},"loc":{"start":{"line":5,"column":43},"end":{"line":7,"column":1}},"line":5},"1":{"name":"(anonymous_1)","decl":{"start":{"line":9,"column":29},"end":{"line":9,"column":30}},"loc":{"start":{"line":9,"column":58},"end":{"line":18,"column":1}},"line":9},"2":{"name":"(anonymous_2)","decl":{"start":{"line":20,"column":27},"end":{"line":20,"column":28}},"loc":{"start":{"line":20,"column":44},"end":{"line":22,"column":1}},"line":20},"3":{"name":"(anonymous_3)","decl":{"start":{"line":24,"column":29},"end":{"line":24,"column":30}},"loc":{"start":{"line":24,"column":43},"end":{"line":31,"column":1}},"line":24},"4":{"name":"(anonymous_4)","decl":{"start":{"line":33,"column":27},"end":{"line":33,"column":28}},"loc":{"start":{"line":33,"column":47},"end":{"line":38,"column":1}},"line":33},"5":{"name":"(anonymous_5)","decl":{"start":{"line":40,"column":27},"end":{"line":40,"column":28}},"loc":{"start":{"line":40,"column":41},"end":{"line":44,"column":1}},"line":40}},"branchMap":{},"s":{"0":11,"1":11,"2":10,"3":11,"4":55,"5":11,"6":53,"7":11,"8":7,"9":11,"10":10,"11":11,"12":8},"f":{"0":10,"1":55,"2":53,"3":7,"4":10,"5":8},"b":{},"inputSourceMap":null,"_coverageSchema":"1a1c01bbd47fc00a2c39e90264f33305004495a9","hash":"7c82dfd683dd75c47623215b83b36938776bbee6"}
,"C:\\Users\\karin\\Documents\\belajar-fs\\gigglefest\\giggle-fest-be-repository\\src\\repositories\\notification.repository.js": {"path":"C:\\Users\\karin\\Documents\\belajar-fs\\gigglefest\\giggle-fest-be-repository\\src\\repositories\\notification.repository.js","statementMap":{"0":{"start":{"line":3,"column":15},"end":{"line":3,"column":33}},"1":{"start":{"line":5,"column":34},"end":{"line":24,"column":1}},"2":{"start":{"line":6,"column":2},"end":{"line":19,"column":3}},"3":{"start":{"line":7,"column":18},"end":{"line":9,"column":6}},"4":{"start":{"line":11,"column":26},"end":{"line":14,"column":7}},"5":{"start":{"line":11,"column":47},"end":{"line":14,"column":5}},"6":{"start":{"line":16,"column":4},"end":{"line":18,"column":7}},"7":{"start":{"line":21,"column":2},"end":{"line":23,"column":5}},"8":{"start":{"line":26,"column":39},"end":{"line":55,"column":1}},"9":{"start":{"line":30,"column":15},"end":{"line":30,"column":41}},"10":{"start":{"line":32,"column":33},"end":{"line":44,"column":4}},"11":{"start":{"line":46,"column":2},"end":{"line":54,"column":4}},"12":{"start":{"line":57,"column":40},"end":{"line":62,"column":1}},"13":{"start":{"line":58,"column":2},"end":{"line":61,"column":5}},"14":{"start":{"line":64,"column":36},"end":{"line":68,"column":1}},"15":{"start":{"line":65,"column":2},"end":{"line":67,"column":5}},"16":{"start":{"line":70,"column":34},"end":{"line":74,"column":1}},"17":{"start":{"line":71,"column":2},"end":{"line":73,"column":5}},"18":{"start":{"line":76,"column":29},"end":{"line":81,"column":1}},"19":{"start":{"line":77,"column":2},"end":{"line":80,"column":5}}},"fnMap":{"0":{"name":"(anonymous_0)","decl":{"start":{"line":5,"column":34},"end":{"line":5,"column":35}},"loc":{"start":{"line":5,"column":50},"end":{"line":24,"column":1}},"line":5},"1":{"name":"(anonymous_1)","decl":{"start":{"line":11,"column":36},"end":{"line":11,"column":37}},"loc":{"start":{"line":11,"column":47},"end":{"line":14,"column":5}},"line":11},"2":{"name":"(anonymous_2)","decl":{"start":{"line":26,"column":39},"end":{"line":26,"column":40}},"loc":{"start":{"line":29,"column":5},"end":{"line":55,"column":1}},"line":29},"3":{"name":"(anonymous_3)","decl":{"start":{"line":57,"column":40},"end":{"line":57,"column":41}},"loc":{"start":{"line":57,"column":68},"end":{"line":62,"column":1}},"line":57},"4":{"name":"(anonymous_4)","decl":{"start":{"line":64,"column":36},"end":{"line":64,"column":37}},"loc":{"start":{"line":64,"column":50},"end":{"line":68,"column":1}},"line":64},"5":{"name":"(anonymous_5)","decl":{"start":{"line":70,"column":34},"end":{"line":70,"column":35}},"loc":{"start":{"line":70,"column":48},"end":{"line":74,"column":1}},"line":70},"6":{"name":"(anonymous_6)","decl":{"start":{"line":76,"column":29},"end":{"line":76,"column":30}},"loc":{"start":{"line":76,"column":47},"end":{"line":81,"column":1}},"line":76}},"branchMap":{"0":{"loc":{"start":{"line":6,"column":2},"end":{"line":19,"column":3}},"type":"if","locations":[{"start":{"line":6,"column":2},"end":{"line":19,"column":3}},{"start":{},"end":{}}],"line":6},"1":{"loc":{"start":{"line":28,"column":4},"end":{"line":28,"column":12}},"type":"default-arg","locations":[{"start":{"line":28,"column":11},"end":{"line":28,"column":12}}],"line":28},"2":{"loc":{"start":{"line":28,"column":14},"end":{"line":28,"column":24}},"type":"default-arg","locations":[{"start":{"line":28,"column":22},"end":{"line":28,"column":24}}],"line":28}},"s":{"0":11,"1":11,"2":5,"3":3,"4":3,"5":105,"6":3,"7":2,"8":11,"9":7,"10":7,"11":7,"12":11,"13":4,"14":11,"15":4,"16":11,"17":4,"18":11,"19":6},"f":{"0":5,"1":105,"2":7,"3":4,"4":4,"5":4,"6":6},"b":{"0":[3,2],"1":[1],"2":[1]},"inputSourceMap":null,"_coverageSchema":"1a1c01bbd47fc00a2c39e90264f33305004495a9","hash":"a49362b83e565a86ddd1081d94cdbbff62fdf998"}
,"C:\\Users\\karin\\Documents\\belajar-fs\\gigglefest\\giggle-fest-be-repository\\src\\repositories\\payment.repository.js": {"path":"C:\\Users\\karin\\Documents\\belajar-fs\\gigglefest\\giggle-fest-be-repository\\src\\repositories\\payment.repository.js","statementMap":{"0":{"start":{"line":2,"column":15},"end":{"line":2,"column":33}},"1":{"start":{"line":4,"column":29},"end":{"line":39,"column":1}},"2":{"start":{"line":5,"column":2},"end":{"line":38,"column":5}},"3":{"start":{"line":41,"column":31},"end":{"line":85,"column":1}},"4":{"start":{"line":46,"column":15},"end":{"line":46,"column":41}},"5":{"start":{"line":47,"column":16},"end":{"line":47,"column":40}},"6":{"start":{"line":49,"column":28},"end":{"line":74,"column":4}},"7":{"start":{"line":76,"column":2},"end":{"line":84,"column":4}},"8":{"start":{"line":87,"column":31},"end":{"line":107,"column":1}},"9":{"start":{"line":88,"column":16},"end":{"line":88,"column":48}},"10":{"start":{"line":89,"column":2},"end":{"line":106,"column":5}},"11":{"start":{"line":109,"column":36},"end":{"line":128,"column":1}},"12":{"start":{"line":110,"column":2},"end":{"line":127,"column":5}},"13":{"start":{"line":130,"column":35},"end":{"line":150,"column":1}},"14":{"start":{"line":131,"column":2},"end":{"line":149,"column":5}}},"fnMap":{"0":{"name":"(anonymous_0)","decl":{"start":{"line":4,"column":29},"end":{"line":4,"column":30}},"loc":{"start":{"line":4,"column":45},"end":{"line":39,"column":1}},"line":4},"1":{"name":"(anonymous_1)","decl":{"start":{"line":41,"column":31},"end":{"line":41,"column":32}},"loc":{"start":{"line":45,"column":6},"end":{"line":85,"column":1}},"line":45},"2":{"name":"(anonymous_2)","decl":{"start":{"line":87,"column":31},"end":{"line":87,"column":32}},"loc":{"start":{"line":87,"column":60},"end":{"line":107,"column":1}},"line":87},"3":{"name":"(anonymous_3)","decl":{"start":{"line":109,"column":36},"end":{"line":109,"column":37}},"loc":{"start":{"line":109,"column":55},"end":{"line":128,"column":1}},"line":109},"4":{"name":"(anonymous_4)","decl":{"start":{"line":130,"column":35},"end":{"line":130,"column":36}},"loc":{"start":{"line":130,"column":62},"end":{"line":150,"column":1}},"line":130}},"branchMap":{"0":{"loc":{"start
[...]
,"C:\\Users\\karin\\Documents\\belajar-fs\\gigglefest\\giggle-fest-be-repository\\src\\utils\\token.js": {"path":"C:\\Users\\karin\\Documents\\belajar-fs\\gigglefest\\giggle-fest-be-repository\\src\\utils\\token.js","statementMap":{"0":{"start":{"line":3,"column":29},"end":{"line":15,"column":1}},"1":{"start":{"line":4,"column":2},"end":{"line":14,"column":4}},"2":{"start":{"line":17,"column":27},"end":{"line":19,"column":1}},"3":{"start":{"line":18,"column":2},"end":{"line":18,"column":51}}},"fnMap":{"0":{"name":"(anonymous_0)","decl":{"start":{"line":3,"column":29},"end":{"line":3,"column":30}},"loc":{"start":{"line":3,"column":39},"end":{"line":15,"column":1}},"line":3},"1":{"name":"(anonymous_1)","decl":{"start":{"line":17,"column":27},"end":{"line":17,"column":28}},"loc":{"start":{"line":17,"column":38},"end":{"line":19,"column":1}},"line":17}},"branchMap":{},"s":{"0":12,"1":16,"2":12,"3":58},"f":{"0":16,"1":58},"b":{},"inputSourceMap":null,"_coverageSchema":"1a1c01bbd47fc00a2c39e90264f33305004495a9","hash":"73fe8ff4e79b96c71fa753c3c71eaec470c97cfb"}
,"C:\\Users\\karin\\Documents\\belajar-fs\\gigglefest\\giggle-fest-be-repository\\src\\validators\\cart.validator.js": {"path":"C:\\Users\\karin\\Documents\\belajar-fs\\gigglefest\\giggle-fest-be-repository\\src\\validators\\cart.validator.js","statementMap":{"0":{"start":{"line":3,"column":21},"end":{"line":7,"column":1}},"1":{"start":{"line":4,"column":2},"end":{"line":4,"column":50}},"2":{"start":{"line":4,"column":31},"end":{"line":4,"column":50}},"3":{"start":{"line":5,"column":2},"end":{"line":5,"column":42}},"4":{"start":{"line":5,"column":31},"end":{"line":5,"column":42}},"5":{"start":{"line":6,"column":2},"end":{"line":6,"column":19}},"6":{"start":{"line":9,"column":31},"end":{"line":18,"column":2}},"7":{"start":{"line":15,"column":21},"end":{"line":15,"column":29}},"8":{"start":{"line":20,"column":32},"end":{"line":28,"column":2}},"9":{"start":{"line":25,"column":21},"end":{"line":25,"column":29}}},"fnMap":{"0":{"name":"(anonymous_0)","decl":{"start":{"line":3,"column":21},"end":{"line":3,"column":22}},"loc":{"start":{"line":3,"column":30},"end":{"line":7,"column":1}},"line":3},"1":{"name":"(anonymous_1)","decl":{"start":{"line":15,"column":12},"end":{"line":15,"column":13}},"loc":{"start":{"line":15,"column":21},"end":{"line":15,"column":29}},"line":15},"2":{"name":"(anonymous_2)","decl":{"start":{"line":25,"column":12},"end":{"line":25,"column":13}},"loc":{"start":{"line":25,"column":21},"end":{"line":25,"column":29}},"line":25}},"branchMap":{"0":{"loc":{"start":{"line":4,"column":2},"end":{"line":4,"column":50}},"type":"if","locations":[{"start":{"line":4,"column":2},"end":{"line":4,"column":50}},{"start":{},"end":{}}],"line":4},"1":{"loc":{"start":{"line":5,"column":2},"end":{"line":5,"column":42}},"type":"if","locations":[{"start":{"line":5,"column":2},"end":{"line":5,"column":42}},{"start":{},"end":{}}],"line":5}},"s":{"0":11,"1":89,"2":26,"3":63,"4":63,"5":0,"6":11,"7":34,"8":11,"9":22},"f":{"0":89,"1":34,"2":22},"b":{"0":[26,63],"1":[63,0]},"inputSourceMap":null,"_coverageSchema":"1a1c01bbd47fc00a2c39e90264f33305004495a9","hash":"b88b5fbb74ce6ed34aaf149757eaee9aafa8ce5a"}
,"C:\\Users\\karin\\Documents\\belajar-fs\\gigglefest\\giggle-fest-be-repository\\src\\validators\\category.validator.js": {"path":"C:\\Users\\karin\\Documents\\belajar-fs\\gigglefest\\giggle-fest-be-repository\\src\\validators\\category.validator.js","statementMap":{"0":{"start":{"line":3,"column":36},"end":{"line":5,"column":2}},"1":{"start":{"line":7,"column":36},"end":{"line":7,"column":66}},"2":{"start":{"line":9,"column":40},"end":{"line":13,"column":2}}},"fnMap":{},"branchMap":{},"s":{"0":11,"1":11,"2":11},"f":{},"b":{},"inputSourceMap":null,"_coverageSchema":"1a1c01bbd47fc00a2c39e90264f33305004495a9","hash":"7a807de21e0961c1b0563284669d7f1775df1652"}
,"C:\\Users\\karin\\Documents\\belajar-fs\\gigglefest\\giggle-fest-be-repository\\src\\validators\\event.validator.js": {"path":"C:\\Users\\karin\\Documents\\belajar-fs\\gigglefest\\giggle-fest-be-repository\\src\\validators\\event.validator.js","statementMap":{"0":{"start":{"line":3,"column":33},"end":{"line":8,"column":2}},"1":{"start":{"line":6,"column":38},"end":{"line":6,"column":51}},"2":{"start":{"line":10,"column":33},"end":{"line":10,"column":60}},"3":{"start":{"line":12,"column":36},"end":{"line":19,"column":2}}},"fnMap":{"0":{"name":"(anonymous_0)","decl":{"start":{"line":6,"column":29},"end":{"line":6,"column":30}},"loc":{"start":{"line":6,"column":38},"end":{"line":6,"column":51}},"line":6}},"branchMap":{},"s":{"0":10,"1":11,"2":10,"3":10},"f":{"0":11},"b":{},"inputSourceMap":null,"_coverageSchema":"1a1c01bbd47fc00a2c39e90264f33305004495a9","hash":"eade140181a0491a491eeec49cf734b3c9b7ab5b"}
,"C:\\Users\\karin\\Documents\\belajar-fs\\gigglefest\\giggle-fest-be-repository\\src\\validators\\notification.validator.js": {"path":"C:\\Users\\karin\\Documents\\belajar-fs\\gigglefest\\giggle-fest-be-repository\\src\\validators\\notification.validator.js","statementMap":{"0":{"start":{"line":3,"column":40},"end":{"line":6,"column":2}},"1":{"start":{"line":8,"column":43},"end":{"line":11,"column":2}}},"fnMap":{},"branchMap":{},"s":{"0":10,"1":10},"f":{},"b":{},"inputSourceMap":null,"_coverageSchema":"1a1c01bbd47fc00a2c39e90264f33305004495a9","hash":"b227b4512a0a9deee075b644517402c0b1458617"}
,"C:\\Users\\karin\\Documents\\belajar-fs\\gigglefest\\giggle-fest-be-repository\\src\\validators\\payment.validator.js": {"path":"C:\\Users\\karin\\Documents\\belajar-fs\\gigglefest\\giggle-fest-be-repository\\src\\validators\\payment.validator.js","statementMap":{"0":{"start":{"line":3,"column":21},"end":{"line":7,"column":1}},"1":{"start":{"line":4,"column":2},"end":{"line":4,"column":50}},"2":{"start":{"line":4,"column":31},"end":{"line":4,"column":50}},"3":{"start":{"line":5,"column":2},"end":{"line":5,"column":42}},"4":{"start":{"line":5,"column":31},"end":{"line":5,"column":42}},"5":{"start":{"line":6,"column":2},"end":{"line":6,"column":19}},"6":{"start":{"line":9,"column":39},"end":{"line":19,"column":2}},"7":{"start":{"line":15,"column":21},"end":{"line":15,"column":29}},"8":{"start":{"line":21,"column":38},"end":{"line":24,"column":2}}},"fnMap":{"0":{"name":"(anonymous_0)","decl":{"start":{"line":3,"column":21},"end":{"line":3,"column":22}},"loc":{"start":{"line":3,"column":30},"end":{"line":7,"column":1}},"line":3},"1":{"name":"(anonymous_1)","decl":{"start":{"line":15,"column":12},"end":{"line":15,"column":13}},"loc":{"start":{"line":15,"column":21},"end":{"line":15,"column":29}},"line":15}},"branchMap":{"0":{"loc":{"start":{"line":4,"column":2},"end":{"line":4,"column":50}},"type":"if","locations":[{"start":{"line":4,"column":2},"end":{"line":4,"column":50}},{"start":{},"end":{}}],"line":4},"1":{"loc":{"start":{"line":5,"column":2},"end":{"line":5,"column":42}},"type":"if","locations":[{"start":{"line":5,"column":2},"end":{"line":5,"column":42}},{"start":{},"end":{}}],"line":5}},"s":{"0":11,"1":84,"2":23,"3":61,"4":61,"5":0,"6":11,"7":42,"8":11},"f":{"0":84,"1":42},"b":{"0":[23,61],"1":[61,0]},"inputSourceMap":null,"_coverageSchema":"1a1c01bbd47fc00a2c39e90264f33305004495a9","hash":"2737efa76a9de0c034674bead4e388f3f4e4d0c7"}
,"C:\\Users\\karin\\Documents\\belajar-fs\\gigglefest\\giggle-fest-be-repository\\src\\validators\\promo.validator.js": {"path":"C:\\Users\\karin\\Documents\\belajar-fs\\gigglefest\\giggle-fest-be-repository\\src\\validators\\promo.validator.js","statementMap":{"0":{"start":{"line":3,"column":21},"end":{"line":7,"column":1}},"1":{"start":{"line":4,"column":2},"end":{"line":4,"column":50}},"2":{"start":{"line":4,"column":31},"end":{"line":4,"column":50}},"3":{"start":{"line":5,"column":2},"end":{"line":5,"column":42}},"4":{"start":{"line":5,"column":31},"end":{"line":5,"column":42}},"5":{"start":{"line":6,"column":2},"end":{"line":6,"column":19}},"6":{"start":{"line":9,"column":33},"end":{"line":19,"column":2}},"7":{"start":{"line":14,"column":21},"end":{"line":14,"column":42}},"8":{"start":{"line":21,"column":33},"end":{"line":32,"column":2}},"9":{"start":{"line":26,"column":21},"end":{"line":26,"column":42}},"10":{"start":{"line":34,"column":35},"end":{"line":37,"column":2}}},"fnMap":{"0":{"name":"(anonymous_0)","decl":{"start":{"line":3,"column":21},"end":{"line":3,"column":22}},"loc":{"start":{"line":3,"column":30},"end":{"line":7,"column":1}},"line":3},"1":{"name":"(anonymous_1)","decl":{"start":{"line":14,"column":12},"end":{"line":14,"column":13}},"loc":{"start":{"line":14,"column":21},"end":{"line":14,"column":42}},"line":14},"2":{"name":"(anonymous_2)","decl":{"start":{"line":26,"column":12},"end":{"line":26,"column":13}},"loc":{"start":{"line":26,"column":21},"end":{"line":26,"column":42}},"line":26}},"branchMap":{"0":{"loc":{"start":{"line":4,"column":2},"end":{"line":4,"column":50}},"type":"if","locations":[{"start":{"line":4,"column":2},"end":{"line":4,"column":50}},{"start":{},"end":{}}],"line":4},"1":{"loc":{"start":{"line":5,"column":2},"end":{"line":5,"column":42}},"type":"if","locations":[{"start":{"line":5,"column":2},"end":{"line":5,"column":42}},{"start":{},"end":{}}],"line":5},"2":{"loc":{"start":{"line":14,"column":21},"end":{"line":14,"column":42}},"type":"binary-expr","locations":[{"start":{"line":14,"column":21},"end":{"line":14,"column":28}},{"start":{"line":14,"column":32},"end":{"line":14,"column":42}}],"line":14},"3":{"loc":{"start":{"line":26,"column":21},"end":{"line":26,"column":42}},"type":"binary-expr","locations":[{"start":{"line":26,"column":21},"end":{"line":26,"column":28}},{"start":{"line":26,"column":32},"end":{"line":26,"column":42}}],"line":26}},"s":{"0":11,"1":23,"2":18,"3":5,"4":5,"5":0,"6":11,"7":43,"8":11,"9":13,"10":11},"f":{"0":23,"1":43,"2":13},"b":{"0":[18,5],"1":[5,0],"2":[43,38],"3":[13,10]},"inputSourceMap":null,"_coverageSchema":"1a1c01bbd47fc00a2c39e90264f33305004495a9","hash":"03fe82533a36dc861b59f1da72663cd23f72df53"}
,"C:\\Users\\karin\\Documents\\belajar-fs\\gigglefest\\giggle-fest-be-repository\\src\\validators\\review.validator.js": {"path":"C:\\Users\\karin\\Documents\\belajar-fs\\gigglefest\\giggle-fest-be-repository\\src\\validators\\review.validator.js","statementMap":{"0":{"start":{"line":3,"column":21},"end":{"line":7,"column":1}},"1":{"start":{"line":4,"column":2},"end":{"line":4,"column":50}},"2":{"start":{"line":4,"column":31},"end":{"line":4,"column":50}},"3":{"start":{"line":5,"column":2},"end":{"line":5,"column":42}},"4":{"start":{"line":5,"column":31},"end":{"line":5,"column":42}},"5":{"start":{"line":6,"column":2},"end":{"line":6,"column":19}},"6":{"start":{"line":9,"column":34},"end":{"line":19,"column":2}},"7":{"start":{"line":14,"column":21},"end":{"line":14,"column":41}},"8":{"start":{"line":21,"column":34},"end":{"line":31,"column":2}},"9":{"start":{"line":26,"column":21},"end":{"line":26,"column":41}},"10":{"start":{"line":33,"column":37},"end":{"line":36,"column":2}}},"fnMap":{"0":{"name":"(anonymous_0)","decl":{"start":{"line":3,"column":21},"end":{"line":3,"column":22}},"loc":{"start":{"line":3,"column":30},"end":{"line":7,"column":1}},"line":3},"1":{"name":"(anonymous_1)","decl":{"start":{"line":14,"column":12},"end":{"line":14,"column":13}},"loc":{"start":{"line":14,"column":21},"end":{"line":14,"column":41}},"line":14},"2":{"name":"(anonymous_2)","decl":{"start":{"line":26,"column":12},"end":{"line":26,"column":13}},"loc":{"start":{"line":26,"column":21},"end":{"line":26,"column":41}},"line":26}},"branchMap":{"0":{"loc":{"start":{"line":4,"column":2},"end":{"line":4,"column":50}},"type":"if","locations":[{"start":{"line":4,"column":2},"end":{"line":4,"column":50}},{"start":{},"end":{}}],"line":4},"1":{"loc":{"start":{"line":5,"column":2},"end":{"line":5,"column":42}},"type":"if","locations":[{"start":{"line":5,"column":2},"end":{"line":5,"column":42}},{"start":{},"end":{}}],"line":5},"2":{"loc":{"start":{"line":14,"column":21},"end":{"line":14,"column":41}},"type":"binary-expr","locations":[{"start":{"line":14,"column":21},"end":{"line":14,"column":29}},{"start":{"line":14,"column":33},"end":{"line":14,"column":41}}],"line":14},"3":{"loc":{"start":{"line":26,"column":21},"end":{"line":26,"column":41}},"type":"binary-expr","locations":[{"start":{"line":26,"column":21},"end":{"line":26,"column":29}},{"start":{"line":26,"column":33},"end":{"line":26,"column":41}}],"line":26}},"s":{"0":11,"1":106,"2":18,"3":88,"4":88,"5":0,"6":11,"7":44,"8":11,"9":20,"10":11},"f":{"0":106,"1":44,"2":20},"b":{"0":[18,88],"1":[88,0],"2":[44,40],"3":[20,16]},"inputSourceMap":null,"_coverageSchema":"1a1c01bbd47fc00a2c39e90264f33305004495a9","hash":"87d1e0f6a72dec4ae9a36bd09e3e28aeea8caad3"}
,"C:\\Users\\karin\\Documents\\belajar-fs\\gigglefest\\giggle-fest-be-repository\\src\\validators\\ticket.validator.js": {"path":"C:\\Users\\karin\\Documents\\belajar-fs\\gigglefest\\giggle-fest-be-repository\\src\\validators\\ticket.validator.js","statementMap":{"0":{"start":{"line":3,"column":21},"end":{"line":7,"column":1}},"1":{"start":{"line":4,"column":2},"end":{"line":4,"column":50}},"2":{"start":{"line":4,"column":31},"end":{"line":4,"column":50}},"3":{"start":{"line":5,"column":2},"end":{"line":5,"column":42}},"4":{"start":{"line":5,"column":31},"end":{"line":5,"column":42}},"5":{"start":{"line":6,"column":2},"end":{"line":6,"column":19}},"6":{"start":{"line":9,"column":34},"end":{"line":16,"column":2}},"7":{"start":{"line":18,"column":34},"end":{"line":23,"column":2}},"8":{"start":{"line":25,"column":37},"end":{"line":34,"column":2}}},"fnMap":{"0":{"name":"(anonymous_0)","decl":{"start":{"line":3,"column":21},"end":{"line":3,"column":22}},"loc":{"start":{"line":3,"column":30},"end":{"line":7,"column":1}},"line":3}},"branchMap":{"0":{"loc":{"start":{"line":4,"column":2},"end":{"line":4,"column":50}},"type":"if","locations":[{"start":{"line":4,"column":2},"end":{"line":4,"column":50}},{"start":{},"end":{}}],"line":4},"1":{"loc":{"start":{"line":5,"column":2},"end":{"line":5,"column":42}},"type":"if","locations":[{"start":{"line":5,"column":2},"end":{"line":5,"column":42}},{"start":{},"end":{}}],"line":5}},"s":{"0":11,"1":272,"2":49,"3":223,"4":223,"5":0,"6":11,"7":11,"8":11},"f":{"0":272},"b":{"0":[49,223],"1":[223,0]},"inputSourceMap":null,"_coverageSchema":"1a1c01bbd47fc00a2c39e90264f33305004495a9","hash":"35b1880c072ca90dd4d0d632fe156810977326de"}
,"C:\\Users\\karin\\Documents\\belajar-fs\\gigglefest\\giggle-fest-be-repository\\src\\validators\\user.validator.js": {"path":"C:\\Users\\karin\\Documents\\belajar-fs\\gigglefest\\giggle-fest-be-repository\\src\\validators\\user.validator.js","statementMap":{"0":{"start":{"line":4,"column":30},"end":{"line":11,"column":2}},"1":{"start":{"line":13,"column":27},"end":{"line":16,"column":2}},"2":{"start":{"line":18,"column":32},"end":{"line":30,"column":4}},"3":{"start":{"line":28,"column":20},"end":{"line":28,"column":48}},"4":{"start":{"line":33,"column":35},"end":{"line":54,"column":3}},"5":{"start":{"line":38,"column":27},"end":{"line":38,"column":50}},"6":{"start":{"line":42,"column":27},"end":{"line":42,"column":51}},"7":{"start":{"line":47,"column":6},"end":{"line":47,"column":51}},"8":{"start":{"line":47,"column":38},"end":{"line":47,"column":51}},"9":{"start":{"line":48,"column":6},"end":{"line":48,"column":53}},"10":{"start":{"line":48,"column":40},"end":{"line":48,"column":53}},"11":{"start":{"line":49,"column":6},"end":{"line":49,"column":18}},"12":{"start":{"line":57,"column":40},"end":{"line":59,"column":2}},"13":{"start":{"line":62,"column":36},"end":{"line":64,"column":2}},"14":{"start":{"line":66,"column":33},"end":{"line":68,"column":2}},"15":{"start":{"line":70,"column":31},"end":{"line":73,"column":2}},"16":{"start":{"line":75,"column":35},"end":{"line":85,"column":4}},"17":{"start":{"line":82,"column":20},"end":{"line":82,"column":58}}},"fnMap":{"0":{"name":"(anonymous_0)","decl":{"start":{"line":28,"column":10},"end":{"line":28,"column":11}},"loc":{"start":{"line":28,"column":20},"end":{"line":28,"column":48}},"line":28},"1":{"name":"(anonymous_1)","decl":{"start":{"line":38,"column":17},"end":{"line":38,"column":18}},"loc":{"start":{"line":38,"column":27},"end":{"line":38,"column":50}},"line":38},"2":{"name":"(anonymous_2)","decl":{"start":{"line":42,"column":17},"end":{"line":42,"column":18}},"loc":{"start":{"line":42,"column":27},"end":{"line":42,"column":51}},"line":42},"3":{"name":"(anonymous_3)","decl":{"start":{"line":46,"column":4},"end":{"line":46,"column":5}},"loc":{"start":{"line":46,"column":14},"end":{"line":50,"column":5}},"line":46},"4":{"name":"(anonymous_4)","decl":{"start":{"line":82,"column":10},"end":{"line":82,"column":11}},"loc":{"start":{"line":82,"column":20},"end":{"line":82,"column":58}},"line":82}},"branchMap":{"0":{"loc":{"start":{"line":38,"column":27},"end":{"line":38,"column":50}},"type":"cond-expr","locations":[{"start":{"line":38,"column":33},"end":{"line":38,"column":46}},{"start":{"line":38,"column":49},"end":{"line":38,"column":50}}],"line":38},"1":{"loc":{"start":{"line":42,"column":27},"end":{"line":42,"column":51}},"type":"cond-expr","locations":[{"start":{"line":42,"column":33},"end":{"line":42,"column":46}},{"start":{"line":42,"column":49},"end":{"line":42,"column":51}}],"line":42},"2":{"loc":{"start":{"line":47,"column":6},"end":{"line":47,"column":51}},"type":"if","locations":[{"start":{"line":47,"column":6},"end":{"line":47,"column":51}},{"start":{},"end":{}}],"line":47},"3":{"loc":{"start":{"line":47,"column":10},"end":{"line":47,"column":36}},"type":"binary-expr","locations":[{"start":{"line":47,"column":10},"end":{"line":47,"column":19}},{"start":{"line":47,"column":23},"end":{"line":47,"column":36}}],"line":47},"4":{"loc":{"start":{"line":48,"column":6},"end":{"line":48,"column":53}},"type":"if","locations":[{"start":{"line":48,"column":6},"end":{"line":48,"column":53}},{"start":{},"end":{}}],"line":48},"5":{"loc":{"start":{"line":48,"column":10},"end":{"line":48,"column":38}},"type":"binary-expr","locations":[{"start":{"line":48,"column":10},"end":{"line":48,"column":20}},{"start":{"line":48,"column":24},"end":{"line":48,"column":38}}],"line":48}},"s":{"0":10,"1":10,"2":10,"3":0,"4":10,"5":2,"6":2,"7":2,"8":0,"9":2,"10":0,"11":2,"12":10,"13":10,"14":10,"15":10,"16":10,"17":0},"f":{"0":0,"1":2,"2":2,"3":2,"4":0},"b":{"0":[0,2],"1":[0,2],"2":[0,2],"3":[2,2],"4":[0,2],"5":[2,2]},"inputSourceMap":null,"_coverageSchema":"1a1c01bbd47fc00a2c39e90264f33305004495a9","hash":"675259d6ca2d91a920ec04a3089ab0a914581e65"}
}
