TN:
SF:src\app.js
FN:27,(anonymous_0)
FN:38,(anonymous_1)
FN:84,(anonymous_2)
FNF:3
FNH:1
FNDA:24,(anonymous_0)
FNDA:0,(anonymous_1)
FNDA:0,(anonymous_2)
DA:12,10
DA:14,10
DA:16,10
DA:24,10
DA:25,10
DA:27,10
DA:28,24
DA:38,10
DA:39,0
DA:40,0
DA:42,0
DA:75,10
DA:76,10
DA:78,10
DA:79,10
DA:81,10
DA:83,10
DA:84,0
LF:18
LH:14
BRDA:81,0,0,10
BRDA:81,0,1,0
BRDA:83,1,0,0
BRDA:83,1,1,10
BRF:4
BRH:2
end_of_record
TN:
SF:src\controllers\cart.controller.js
FN:4,(anonymous_0)
FN:18,(anonymous_1)
FN:27,(anonymous_2)
FN:40,(anonymous_3)
FN:49,(anonymous_4)
FNF:5
FNH:5
FNDA:14,(anonymous_0)
FNDA:12,(anonymous_1)
FNDA:7,(anonymous_2)
FNDA:7,(anonymous_3)
FNDA:7,(anonymous_4)
DA:4,11
DA:5,14
DA:6,14
DA:7,3
DA:14,11
DA:18,11
DA:19,12
DA:20,12
DA:21,11
DA:23,1
DA:27,11
DA:28,7
DA:29,7
DA:34,4
DA:36,3
DA:40,11
DA:41,7
DA:42,7
DA:43,4
DA:45,3
DA:49,11
DA:50,7
DA:51,7
DA:52,3
DA:58,4
LF:25
LH:25
BRF:0
BRH:0
end_of_record
TN:
SF:src\controllers\category.controller.js
FN:10,(anonymous_0)
FN:23,(anonymous_1)
FN:38,(anonymous_2)
FN:47,(anonymous_3)
FN:63,(anonymous_4)
FNF:5
FNH:5
FNDA:6,(anonymous_0)
FNDA:11,(anonymous_1)
FNDA:5,(anonymous_2)
FNDA:7,(anonymous_3)
FNDA:7,(anonymous_4)
DA:10,11
DA:11,6
DA:12,6
DA:13,2
DA:16,4
DA:17,2
DA:19,2
DA:23,11
DA:24,11
DA:25,11
DA:31,11
DA:32,10
DA:34,1
DA:38,11
DA:39,5
DA:40,5
DA:41,3
DA:43,2
DA:47,11
DA:48,7
DA:49,7
DA:50,2
DA:53,5
DA:57,3
DA:59,2
DA:63,11
DA:64,7
DA:65,7
DA:66,2
DA:69,5
DA:70,3
DA:72,2
LF:32
LH:32
BRDA:12,0,0,2
BRDA:12,0,1,4
BRDA:26,1,0,2
BRDA:26,1,1,9
BRDA:27,2,0,2
BRDA:27,2,1,9
BRDA:49,3,0,2
BRDA:49,3,1,5
BRDA:65,4,0,2
BRDA:65,4,1,5
BRF:10
BRH:10
end_of_record
TN:
SF:src\controllers\event.controller.js
FN:4,(anonymous_0)
FN:17,(anonymous_1)
FN:26,(anonymous_2)
FN:38,(anonymous_3)
FN:55,(anonymous_4)
FNF:5
FNH:5
FNDA:16,(anonymous_0)
FNDA:54,(anonymous_1)
FNDA:8,(anonymous_2)
FNDA:14,(anonymous_3)
FNDA:11,(anonymous_4)
DA:4,11
DA:5,16
DA:6,16
DA:7,3
DA:10,13
DA:11,10
DA:13,3
DA:17,11
DA:18,54
DA:19,54
DA:20,53
DA:22,1
DA:26,11
DA:27,8
DA:28,8
DA:29,7
DA:30,3
DA:32,4
DA:34,1
DA:38,11
DA:39,14
DA:40,14
DA:41,3
DA:44,11
DA:49,8
DA:51,3
DA:55,11
DA:56,11
DA:57,11
DA:58,3
DA:61,8
DA:62,5
DA:64,3
LF:33
LH:33
BRDA:6,0,0,3
BRDA:6,0,1,13
BRDA:29,1,0,3
BRDA:29,1,1,4
BRDA:40,2,0,3
BRDA:40,2,1,11
BRDA:57,3,0,3
BRDA:57,3,1,8
BRF:8
BRH:8
end_of_record
TN:
SF:src\controllers\notification.controller.js
FN:4,(anonymous_0)
FN:21,(anonymous_1)
FN:33,(anonymous_2)
FN:45,(anonymous_3)
FN:57,(anonymous_4)
FN:66,(anonymous_5)
FNF:6
FNH:6
FNDA:7,(anonymous_0)
FNDA:6,(anonymous_1)
FNDA:6,(anonymous_2)
FNDA:6,(anonymous_3)
FNDA:6,(anonymous_4)
FNDA:7,(anonymous_5)
DA:4,11
DA:5,7
DA:6,7
DA:7,2
DA:9,5
DA:10,3
DA:17,2
DA:21,11
DA:22,6
DA:23,6
DA:27,4
DA:29,2
DA:33,11
DA:34,6
DA:35,6
DA:39,4
DA:41,2
DA:45,11
DA:46,6
DA:47,6
DA:51,4
DA:53,2
DA:57,11
DA:58,6
DA:59,6
DA:60,4
DA:62,2
DA:66,11
DA:67,7
DA:68,7
DA:69,2
DA:71,5
DA:72,3
DA:74,2
LF:34
LH:34
BRDA:6,0,0,2
BRDA:6,0,1,5
BRDA:68,1,0,2
BRDA:68,1,1,5
BRF:4
BRH:4
end_of_record
TN:
SF:src\controllers\password.controller.js
FN:4,(anonymous_0)
FN:18,(anonymous_1)
FN:28,(anonymous_2)
FN:38,(anonymous_3)
FNF:4
FNH:4
FNDA:7,(anonymous_0)
FNDA:7,(anonymous_1)
FNDA:8,(anonymous_2)
FNDA:9,(anonymous_3)
DA:4,11
DA:5,7
DA:6,7
DA:7,7
DA:8,4
DA:14,3
DA:18,11
DA:19,7
DA:20,7
DA:21,7
DA:22,4
DA:24,3
DA:28,11
DA:29,8
DA:30,8
DA:31,8
DA:32,4
DA:34,4
DA:38,11
DA:39,9
DA:40,9
DA:41,9
DA:42,4
DA:44,5
LF:24
LH:24
BRF:0
BRH:0
end_of_record
TN:
SF:src\controllers\payment.controller.js
FN:4,(anonymous_0)
FN:21,(anonymous_1)
FN:34,(anonymous_2)
FN:50,(anonymous_3)
FNF:4
FNH:4
FNDA:8,(anonymous_0)
FNDA:7,(anonymous_1)
FNDA:8,(anonymous_2)
FNDA:8,(anonymous_3)
DA:4,11
DA:5,8
DA:6,8
DA:10,4
DA:17,4
DA:21,11
DA:22,7
DA:23,7
DA:24,2
DA:27,5
DA:28,3
DA:30,2
DA:34,11
DA:35,8
DA:36,8
DA:37,2
DA:40,6
DA:44,4
DA:46,2
DA:50,11
DA:51,8
DA:52,8
DA:56,6
DA:58,2
LF:24
LH:24
BRDA:23,0,0,2
BRDA:23,0,1,5
BRDA:36,1,0,2
BRDA:36,1,1,6
BRF:4
BRH:4
end_of_record
TN:
SF:src\controllers\promo.controller.js
FN:4,(anonymous_0)
FN:21,(anonymous_1)
FN:33,(anonymous_2)
FN:42,(anonymous_3)
FN:54,(anonymous_4)
FNF:5
FNH:5
FNDA:7,(anonymous_0)
FNDA:7,(anonymous_1)
FNDA:7,(anonymous_2)
FNDA:7,(anonymous_3)
FNDA:7,(anonymous_4)
DA:4,11
DA:5,7
DA:6,7
DA:7,2
DA:9,5
DA:10,3
DA:17,2
DA:21,11
DA:22,7
DA:23,7
DA:24,2
DA:26,5
DA:27,3
DA:29,2
DA:33,11
DA:34,7
DA:35,7
DA:36,4
DA:38,3
DA:42,11
DA:43,7
DA:44,7
DA:48,4
DA:50,3
DA:54,11
DA:55,7
DA:56,7
DA:57,4
DA:59,3
LF:29
LH:29
BRDA:6,0,0,2
BRDA:6,0,1,5
BRDA:23,1,0,2
BRDA:23,1,1,5
BRF:4
BRH:4
end_of_record
TN:
SF:src\controllers\review.controller.js
FN:4,(anonymous_0)
FN:17,(anonymous_1)
FN:26,(anonymous_2)
FN:35,(anonymous_3)
FN:47,(anonymous_4)
FN:59,(anonymous_5)
FN:72,(anonymous_6)
FNF:7
FNH:7
FNDA:8,(anonymous_0)
FNDA:6,(anonymous_1)
FNDA:5,(anonymous_2)
FNDA:6,(anonymous_3)
FNDA:6,(anonymous_4)
FNDA:7,(anonymous_5)
FNDA:7,(anonymous_6)
DA:4,11
DA:5,8
DA:6,8
DA:10,8
DA:11,4
DA:13,4
DA:17,11
DA:18,6
DA:19,6
DA:20,4
DA:22,2
DA:26,11
DA:27,5
DA:28,5
DA:29,3
DA:31,2
DA:35,11
DA:36,6
DA:37,6
DA:41,4
DA:43,2
DA:47,11
DA:48,6
DA:49,6
DA:53,4
DA:55,2
DA:59,11
DA:60,7
DA:61,7
DA:66,4
DA:68,3
DA:72,11
DA:73,7
DA:74,7
DA:75,4
DA:77,3
LF:36
LH:36
BRF:0
BRH:0
end_of_record
TN:
SF:src\controllers\ticket.controller.js
FN:13,(anonymous_0)
FN:38,(anonymous_1)
FN:60,(anonymous_2)
FN:69,(anonymous_3)
FN:94,(anonymous_4)
FN:106,(anonymous_5)
FN:117,(anonymous_6)
FNF:7
FNH:7
FNDA:15,(anonymous_0)
FNDA:29,(anonymous_1)
FNDA:5,(anonymous_2)
FNDA:13,(anonymous_3)
FNDA:8,(anonymous_4)
FNDA:6,(anonymous_5)
FNDA:6,(anonymous_6)
DA:13,11
DA:14,15
DA:15,15
DA:16,3
DA:18,12
DA:20,12
DA:31,12
DA:32,6
DA:34,6
DA:38,11
DA:39,29
DA:40,29
DA:53,29
DA:54,26
DA:56,3
DA:60,11
DA:61,5
DA:62,5
DA:63,3
DA:65,2
DA:69,11
DA:70,13
DA:71,13
DA:72,3
DA:74,10
DA:76,10
DA:84,10
DA:88,8
DA:90,2
DA:94,11
DA:95,8
DA:96,8
DA:97,3
DA:99,5
DA:100,3
DA:102,2
DA:106,11
DA:107,6
DA:108,6
DA:111,3
DA:113,3
DA:117,11
DA:118,6
DA:119,6
DA:122,4
DA:124,2
LF:46
LH:46
BRDA:15,0,0,3
BRDA:15,0,1,12
BRDA:18,1,0,2
BRDA:18,1,1,10
BRDA:41,2,0,6
BRDA:41,2,1,23
BRDA:42,3,0,6
BRDA:42,3,1,23
BRDA:44,4,0,4
BRDA:44,4,1,25
BRDA:45,5,0,3
BRDA:45,5,1,26
BRDA:47,6,0,3
BRDA:47,6,1,26
BRDA:48,7,0,3
BRDA:48,7,1,26
BRDA:71,8,0,3
BRDA:71,8,1,10
BRDA:74,9,0,2
BRDA:74,9,1,8
BRDA:77,10,0,10
BRDA:77,10,1,7
BRDA:78,11,0,10
BRDA:78,11,1,3
BRDA:79,12,0,10
BRDA:79,12,1,2
BRDA:80,13,0,10
BRDA:80,13,1,2
BRDA:81,14,0,10
BRDA:81,14,1,2
BRDA:96,15,0,3
BRDA:96,15,1,5
BRF:32
BRH:32
end_of_record
TN:
SF:src\controllers\user.controller.js
FN:4,(anonymous_0)
FN:13,(anonymous_1)
FN:27,(anonymous_2)
FN:50,(anonymous_3)
FN:76,(anonymous_4)
FN:83,(anonymous_5)
FN:96,(anonymous_6)
FN:123,(anonymous_7)
FN:135,(anonymous_8)
FNF:9
FNH:9
FNDA:6,(anonymous_0)
FNDA:4,(anonymous_1)
FNDA:22,(anonymous_2)
FNDA:8,(anonymous_3)
FNDA:2,(anonymous_4)
FNDA:6,(anonymous_5)
FNDA:10,(anonymous_6)
FNDA:5,(anonymous_7)
FNDA:7,(anonymous_8)
DA:4,11
DA:5,6
DA:6,6
DA:7,2
DA:9,4
DA:13,11
DA:14,4
DA:15,4
DA:16,4
DA:17,2
DA:23,2
DA:27,11
DA:28,22
DA:29,22
DA:30,22
DA:40,16
DA:42,6
DA:43,6
DA:44,2
DA:46,6
DA:50,11
DA:51,8
DA:52,8
DA:54,8
DA:55,2
DA:62,6
DA:71,3
DA:73,3
DA:75,3
DA:76,2
DA:77,1
DA:79,2
DA:83,11
DA:84,6
DA:85,6
DA:86,2
DA:89,4
DA:90,3
DA:92,1
DA:96,11
DA:97,10
DA:98,10
DA:99,3
DA:102,7
DA:104,7
DA:110,6
DA:119,1
DA:123,11
DA:124,5
DA:125,5
DA:126,4
DA:127,2
DA:129,2
DA:131,1
DA:135,11
DA:136,7
DA:137,7
DA:138,7
DA:140,5
DA:200,5
DA:202,2
LF:61
LH:61
BRDA:43,0,0,2
BRDA:43,0,1,4
BRDA:54,1,0,2
BRDA:54,1,1,6
BRDA:75,2,0,1
BRDA:75,2,1,2
BRDA:85,3,0,2
BRDA:85,3,1,4
BRDA:98,4,0,3
BRDA:98,4,1,7
BRDA:105,5,0,7
BRDA:105,5,1,3
BRDA:106,6,0,7
BRDA:106,6,1,3
BRDA:107,7,0,7
BRDA:107,7,1,6
BRDA:126,8,0,2
BRDA:126,8,1,2
BRF:18
BRH:18
end_of_record
TN:
SF:src\libs\imagekit.js
FN:6,(anonymous_0)
FN:22,(anonymous_1)
FNF:2
FNH:2
FNDA:1,(anonymous_0)
FNDA:1,(anonymous_1)
DA:4,10
DA:6,10
DA:7,1
DA:13,1
DA:19,1
DA:22,10
DA:23,1
DA:24,1
DA:27,1
DA:28,0
DA:29,0
DA:32,1
DA:36,1
DA:38,0
LF:14
LH:11
BRDA:7,0,0,1
BRDA:7,0,1,0
BRDA:8,1,0,1
BRDA:8,1,1,1
BRDA:8,1,2,1
BRDA:8,1,3,1
BRDA:27,2,0,0
BRDA:27,2,1,1
BRF:8
BRH:6
end_of_record
TN:
SF:src\libs\midtrans.config.js
FNF:0
FNH:0
DA:3,10
DA:9,10
LF:2
LH:2
BRF:0
BRH:0
end_of_record
TN:
SF:src\middlewares\auth.middleware.js
FN:4,(anonymous_0)
FNF:1
FNH:1
FNDA:67,(anonymous_0)
DA:4,10
DA:5,67
DA:6,67
DA:8,67
DA:9,11
DA:12,67
DA:13,11
DA:16,56
DA:17,56
DA:18,56
DA:20,0
LF:11
LH:10
BRDA:8,0,0,11
BRDA:8,0,1,56
BRDA:8,1,0,67
BRDA:8,1,1,11
BRDA:12,2,0,11
BRDA:12,2,1,56
BRF:6
BRH:6
end_of_record
TN:
SF:src\middlewares\error.middleware.js
FN:3,(anonymous_0)
FN:8,(anonymous_1)
FNF:2
FNH:2
FNDA:44,(anonymous_0)
FNDA:38,(anonymous_1)
DA:3,11
DA:4,44
DA:5,43
DA:8,11
DA:9,38
LF:5
LH:5
BRF:0
BRH:0
end_of_record
TN:
SF:src\middlewares\multer.middleware.js
FN:7,(anonymous_0)
FNF:1
FNH:1
FNDA:33,(anonymous_0)
DA:3,11
DA:5,11
DA:8,33
DA:9,19
DA:11,14
LF:5
LH:5
BRDA:8,0,0,19
BRDA:8,0,1,14
BRF:2
BRH:2
end_of_record
TN:
SF:src\middlewares\rateLimiter.middleware.js
FN:13,(anonymous_0)
FNF:1
FNH:1
FNDA:1,(anonymous_0)
DA:3,11
DA:14,1
LF:2
LH:2
BRDA:14,0,0,1
BRDA:14,0,1,0
BRF:2
BRH:1
end_of_record
TN:
SF:src\middlewares\validation.middleware.js
FN:3,(anonymous_0)
FN:4,(anonymous_1)
FN:9,(anonymous_2)
FN:19,(anonymous_3)
FN:20,(anonymous_4)
FN:34,(anonymous_5)
FNF:6
FNH:6
FNDA:39,(anonymous_0)
FNDA:38,(anonymous_1)
FNDA:19,(anonymous_2)
FNDA:318,(anonymous_3)
FNDA:147,(anonymous_4)
FNDA:24,(anonymous_5)
DA:3,11
DA:4,39
DA:5,38
DA:7,38
DA:8,13
DA:9,19
DA:11,13
DA:14,25
DA:19,11
DA:20,318
DA:21,147
DA:22,147
DA:23,7
DA:25,145
DA:26,79
DA:28,144
DA:29,65
DA:31,126
DA:33,21
DA:34,24
DA:35,18
DA:37,3
LF:22
LH:22
BRDA:7,0,0,13
BRDA:7,0,1,25
BRDA:22,1,0,7
BRDA:22,1,1,140
BRDA:25,2,0,79
BRDA:25,2,1,66
BRDA:28,3,0,65
BRDA:28,3,1,79
BRDA:33,4,0,18
BRDA:33,4,1,3
BRF:10
BRH:10
end_of_record
TN:
SF:src\repositories\cart.repository.js
FN:5,(anonymous_0)
FN:22,(anonymous_1)
FN:39,(anonymous_2)
FN:56,(anonymous_3)
FN:70,(anonymous_4)
FN:88,(anonymous_5)
FN:97,(anonymous_6)
FNF:7
FNH:7
FNDA:10,(anonymous_0)
FNDA:5,(anonymous_1)
FNDA:2,(anonymous_2)
FNDA:2,(anonymous_3)
FNDA:2,(anonymous_4)
FNDA:2,(anonymous_5)
FNDA:4,(anonymous_6)
DA:3,11
DA:5,11
DA:6,10
DA:22,11
DA:23,5
DA:39,11
DA:40,2
DA:56,11
DA:57,2
DA:70,11
DA:71,2
DA:88,11
DA:89,2
DA:97,11
DA:98,4
LF:15
LH:15
BRF:0
BRH:0
end_of_record
TN:
SF:src\repositories\category.repository.js
FN:5,(anonymous_0)
FN:11,(anonymous_1)
FN:47,(anonymous_2)
FN:53,(anonymous_3)
FN:60,(anonymous_4)
FNF:5
FNH:5
FNDA:3,(anonymous_0)
FNDA:10,(anonymous_1)
FNDA:4,(anonymous_2)
FNDA:4,(anonymous_3)
FNDA:4,(anonymous_4)
DA:3,11
DA:5,11
DA:6,3
DA:11,11
DA:12,10
DA:13,10
DA:15,10
DA:16,3
DA:22,10
DA:34,10
DA:36,10
DA:47,11
DA:48,4
DA:53,11
DA:54,4
DA:60,11
DA:61,4
LF:17
LH:17
BRDA:15,0,0,3
BRDA:15,0,1,7
BRF:2
BRH:2
end_of_record
TN:
SF:src\repositories\event.repository.js
FN:5,(anonymous_0)
FN:9,(anonymous_1)
FN:20,(anonymous_2)
FN:24,(anonymous_3)
FN:33,(anonymous_4)
FN:40,(anonymous_5)
FNF:6
FNH:6
FNDA:10,(anonymous_0)
FNDA:55,(anonymous_1)
FNDA:53,(anonymous_2)
FNDA:7,(anonymous_3)
FNDA:10,(anonymous_4)
FNDA:8,(anonymous_5)
DA:3,11
DA:5,11
DA:6,10
DA:9,11
DA:10,55
DA:20,11
DA:21,53
DA:24,11
DA:25,7
DA:33,11
DA:34,10
DA:40,11
DA:41,8
LF:13
LH:13
BRF:0
BRH:0
end_of_record
TN:
SF:src\repositories\notification.repository.js
FN:5,(anonymous_0)
FN:11,(anonymous_1)
FN:26,(anonymous_2)
FN:57,(anonymous_3)
FN:64,(anonymous_4)
FN:70,(anonymous_5)
FN:76,(anonymous_6)
FNF:7
FNH:7
FNDA:5,(anonymous_0)
FNDA:105,(anonymous_1)
FNDA:7,(anonymous_2)
FNDA:4,(anonymous_3)
FNDA:4,(anonymous_4)
FNDA:4,(anonymous_5)
FNDA:6,(anonymous_6)
DA:3,11
DA:5,11
DA:6,5
DA:7,3
DA:11,105
DA:16,3
DA:21,2
DA:26,11
DA:30,7
DA:32,7
DA:46,7
DA:57,11
DA:58,4
DA:64,11
DA:65,4
DA:70,11
DA:71,4
DA:76,11
DA:77,6
LF:19
LH:19
BRDA:6,0,0,3
BRDA:6,0,1,2
BRDA:28,1,0,1
BRDA:28,2,0,1
BRF:4
BRH:4
end_of_record
TN:
SF:src\repositories\payment.repository.js
FN:4,(anonymous_0)
FN:41,(anonymous_1)
FN:87,(anonymous_2)
FN:109,(anonymous_3)
FN:130,(anonymous_4)
FNF:5
FNH:5
FNDA:5,(anonymous_0)
FNDA:8,(anonymous_1)
FNDA:6,(anonymous_2)
FNDA:6,(anonymous_3)
FNDA:10,(anonymous_4)
DA:2,11
DA:4,11
DA:5,5
DA:41,11
DA:46,8
DA:47,8
DA:49,8
DA:76,8
DA:87,11
DA:88,6
DA:89,6
DA:109,11
DA:110,6
DA:130,11
DA:131,10
LF:15
LH:15
BRDA:42,0,0,1
BRDA:43,1,0,1
BRDA:44,2,0,6
BRDA:47,3,0,2
BRDA:47,3,1,6
BRDA:87,4,0,3
BRDA:88,5,0,2
BRDA:88,5,1,4
BRF:8
BRH:8
end_of_record
TN:
SF:src\repositories\promo.repository.js
FN:5,(anonymous_0)
FN:16,(anonymous_1)
FN:41,(anonymous_2)
FN:49,(anonymous_3)
FN:55,(anonymous_4)
FN:69,(anonymous_5)
FNF:6
FNH:6
FNDA:5,(anonymous_0)
FNDA:7,(anonymous_1)
FNDA:7,(anonymous_2)
FNDA:4,(anonymous_3)
FNDA:8,(anonymous_4)
FNDA:4,(anonymous_5)
DA:3,11
DA:5,11
DA:6,5
DA:16,11
DA:17,7
DA:19,7
DA:30,7
DA:41,11
DA:42,7
DA:49,11
DA:50,4
DA:55,11
DA:56,8
DA:63,8
DA:69,11
DA:70,4
LF:16
LH:16
BRDA:16,0,0,1
BRDA:16,1,0,1
BRDA:59,2,0,2
BRDA:59,2,1,6
BRDA:60,3,0,2
BRDA:60,3,1,6
BRF:6
BRH:6
end_of_record
TN:
SF:src\repositories\review.repository.js
FN:5,(anonymous_0)
FN:40,(anonymous_1)
FN:83,(anonymous_2)
FN:105,(anonymous_3)
FN:152,(anonymous_4)
FN:190,(anonymous_5)
FN:216,(anonymous_6)
FNF:7
FNH:7
FNDA:6,(anonymous_0)
FNDA:7,(anonymous_1)
FNDA:3,(anonymous_2)
FNDA:5,(anonymous_3)
FNDA:6,(anonymous_4)
FNDA:5,(anonymous_5)
FNDA:5,(anonymous_6)
DA:3,11
DA:5,11
DA:6,6
DA:40,11
DA:41,7
DA:43,7
DA:70,7
DA:72,7
DA:83,11
DA:84,3
DA:105,11
DA:109,5
DA:111,5
DA:139,5
DA:141,5
DA:152,11
DA:153,6
DA:155,6
DA:177,6
DA:179,6
DA:190,11
DA:191,5
DA:216,11
DA:217,5
LF:24
LH:24
BRDA:40,0,0,1
BRDA:40,1,0,1
BRDA:107,2,0,1
BRDA:107,3,0,1
BRDA:152,4,0,1
BRDA:152,5,0,1
BRF:6
BRH:6
end_of_record
TN:
SF:src\repositories\ticket.repository.js
FN:5,(anonymous_0)
FN:15,(anonymous_1)
FN:86,(anonymous_2)
FN:96,(anonymous_3)
FN:107,(anonymous_4)
FN:113,(anonymous_5)
FN:126,(anonymous_6)
FNF:7
FNH:7
FNDA:3,(anonymous_0)
FNDA:29,(anonymous_1)
FNDA:15,(anonymous_2)
FNDA:6,(anonymous_3)
FNDA:4,(anonymous_4)
FNDA:5,(anonymous_5)
FNDA:6,(anonymous_6)
DA:3,11
DA:5,11
DA:6,3
DA:15,11
DA:25,29
DA:26,29
DA:28,29
DA:29,4
DA:35,29
DA:36,6
DA:42,29
DA:43,3
DA:49,29
DA:50,2
DA:53,29
DA:54,2
DA:57,29
DA:73,29
DA:75,29
DA:86,11
DA:87,15
DA:96,11
DA:97,6
DA:107,11
DA:108,4
DA:113,11
DA:114,5
DA:126,11
DA:127,6
LF:29
LH:29
BRDA:28,0,0,4
BRDA:28,0,1,25
BRDA:35,1,0,6
BRDA:35,1,1,23
BRDA:35,2,0,29
BRDA:35,2,1,24
BRDA:37,3,0,6
BRDA:37,3,1,5
BRDA:38,4,0,6
BRDA:38,4,1,4
BRDA:42,5,0,3
BRDA:42,5,1,26
BRDA:49,6,0,2
BRDA:49,6,1,27
BRDA:53,7,0,2
BRDA:53,7,1,27
BRF:16
BRH:16
end_of_record
TN:
SF:src\repositories\user.repository.js
FN:4,(anonymous_0)
FN:6,(anonymous_1)
FN:8,(anonymous_2)
FN:26,(anonymous_3)
FN:43,(anonymous_4)
FN:46,(anonymous_5)
FN:59,(anonymous_6)
FN:88,(anonymous_7)
FN:135,(anonymous_8)
FN:138,(anonymous_9)
FNF:10
FNH:10
FNDA:1,(anonymous_0)
FNDA:1,(anonymous_1)
FNDA:20,(anonymous_2)
FNDA:2,(anonymous_3)
FNDA:1,(anonymous_4)
FNDA:3,(anonymous_5)
FNDA:2,(anonymous_6)
FNDA:4,(anonymous_7)
FNDA:2,(anonymous_8)
FNDA:2,(anonymous_9)
DA:2,12
DA:4,12
DA:6,12
DA:8,12
DA:9,20
DA:26,12
DA:27,2
DA:43,12
DA:44,1
DA:46,12
DA:47,3
DA:55,3
DA:56,1
DA:59,2
DA:60,2
DA:64,2
DA:68,2
DA:72,2
DA:76,2
DA:80,2
DA:81,1
DA:88,12
DA:89,4
DA:91,4
DA:98,4
DA:122,4
DA:124,4
DA:135,12
DA:136,2
DA:138,12
DA:139,2
LF:31
LH:31
BRDA:55,0,0,1
BRDA:55,0,1,2
BRDA:80,1,0,1
BRDA:80,1,1,1
BRDA:88,2,0,0
BRDA:88,3,0,0
BRDA:88,4,0,0
BRF:7
BRH:4
end_of_record
TN:
SF:src\routes\auth.routes.js
FNF:0
FNH:0
DA:29,10
DA:31,10
DA:32,10
DA:33,10
DA:34,10
DA:42,10
DA:47,10
DA:52,10
DA:57,10
LF:9
LH:9
BRF:0
BRH:0
end_of_record
TN:
SF:src\routes\cart.routes.js
FNF:0
FNH:0
DA:16,10
DA:18,10
DA:20,10
DA:22,10
DA:24,10
DA:30,10
DA:32,10
LF:7
LH:7
BRF:0
BRH:0
end_of_record
TN:
SF:src\routes\category.routes.js
FNF:0
FNH:0
DA:17,10
DA:19,10
DA:25,10
DA:27,10
DA:29,10
DA:35,10
DA:41,10
LF:7
LH:7
BRF:0
BRH:0
end_of_record
TN:
SF:src\routes\documentation.routes.js
FN:42,(anonymous_0)
FNF:1
FNH:0
FNDA:0,(anonymous_0)
DA:8,10
DA:9,10
DA:13,10
DA:14,10
DA:15,10
DA:16,10
DA:18,0
DA:29,0
DA:40,10
DA:42,10
DA:43,0
DA:44,0
DA:47,10
DA:48,10
LF:14
LH:10
BRDA:15,0,0,10
BRDA:15,0,1,0
BRF:2
BRH:1
end_of_record
TN:
SF:src\routes\event.routes.js
FNF:0
FNH:0
DA:18,10
DA:20,10
DA:26,10
DA:28,10
DA:30,10
DA:37,10
DA:44,10
LF:7
LH:7
BRF:0
BRH:0
end_of_record
TN:
SF:src\routes\index.routes.js
FNF:0
FNH:0
DA:13,10
DA:15,10
DA:16,10
DA:17,10
DA:18,10
DA:19,10
DA:20,10
DA:21,10
DA:22,10
DA:23,10
DA:24,10
LF:11
LH:11
BRF:0
BRH:0
end_of_record
TN:
SF:src\routes\notification.routes.js
FNF:0
FNH:0
DA:17,10
DA:19,10
DA:21,10
DA:27,10
DA:33,10
DA:34,10
DA:35,10
DA:36,10
LF:8
LH:8
BRF:0
BRH:0
end_of_record
TN:
SF:src\routes\payment.routes.js
FNF:0
FNH:0
DA:15,10
DA:17,10
DA:19,10
DA:25,10
DA:31,10
DA:32,10
LF:6
LH:6
BRF:0
BRH:0
end_of_record
TN:
SF:src\routes\promo.routes.js
FNF:0
FNH:0
DA:17,10
DA:19,10
DA:21,10
DA:23,10
DA:29,10
DA:35,10
DA:41,10
LF:7
LH:7
BRF:0
BRH:0
end_of_record
TN:
SF:src\routes\review.routes.js
FNF:0
FNH:0
DA:19,10
DA:21,10
DA:27,10
DA:28,10
DA:29,10
DA:31,10
DA:33,10
DA:39,10
DA:45,10
LF:9
LH:9
BRF:0
BRH:0
end_of_record
TN:
SF:src\routes\ticket.routes.js
FNF:0
FNH:0
DA:20,10
DA:22,10
DA:28,10
DA:29,10
DA:30,10
DA:32,10
DA:34,10
DA:41,10
DA:48,10
LF:9
LH:9
BRF:0
BRH:0
end_of_record
TN:
SF:src\routes\user.routes.js
FNF:0
FNH:0
DA:14,10
DA:16,10
DA:18,10
DA:24,10
DA:26,10
DA:32,10
LF:6
LH:6
BRF:0
BRH:0
end_of_record
TN:
SF:src\services\cart.service.js
FN:4,(anonymous_0)
FN:36,(anonymous_1)
FN:39,(anonymous_2)
FN:50,(anonymous_3)
FN:64,(anonymous_4)
FN:73,(anonymous_5)
FN:88,(anonymous_6)
FNF:7
FNH:7
FNDA:16,(anonymous_0)
FNDA:22,(anonymous_1)
FNDA:19,(anonymous_2)
FNDA:7,(anonymous_3)
FNDA:5,(anonymous_4)
FNDA:10,(anonymous_5)
FNDA:8,(anonymous_6)
DA:4,11
DA:5,16
DA:6,16
DA:7,10
DA:10,6
DA:11,2
DA:14,4
DA:18,4
DA:19,3
DA:20,3
DA:21,1
DA:24,2
DA:29,1
DA:36,11
DA:37,22
DA:39,22
DA:40,19
DA:43,22
DA:50,11
DA:51,7
DA:52,7
DA:53,2
DA:56,5
DA:57,5
DA:58,1
DA:61,4
DA:64,11
DA:65,5
DA:66,5
DA:67,3
DA:70,2
DA:73,11
DA:74,10
DA:75,10
DA:76,2
DA:79,8
DA:80,12
DA:81,12
DA:82,2
DA:86,6
DA:88,8
DA:98,6
LF:42
LH:42
BRDA:6,0,0,10
BRDA:6,0,1,6
BRDA:10,1,0,2
BRDA:10,1,1,4
BRDA:18,2,0,3
BRDA:18,2,1,1
BRDA:20,3,0,1
BRDA:20,3,1,2
BRDA:52,4,0,2
BRDA:52,4,1,5
BRDA:57,5,0,1
BRDA:57,5,1,4
BRDA:66,6,0,3
BRDA:66,6,1,2
BRDA:75,7,0,2
BRDA:75,7,1,8
BRDA:81,8,0,2
BRDA:81,8,1,10
BRF:18
BRH:18
end_of_record
TN:
SF:src\services\category.service.js
FN:9,(anonymous_0)
FN:13,(anonymous_1)
FN:17,(anonymous_2)
FN:23,(anonymous_3)
FN:28,(anonymous_4)
FNF:5
FNH:5
FNDA:5,(anonymous_0)
FNDA:11,(anonymous_1)
FNDA:21,(anonymous_2)
FNDA:8,(anonymous_3)
FNDA:7,(anonymous_4)
DA:9,11
DA:10,5
DA:13,11
DA:14,11
DA:17,11
DA:18,21
DA:19,18
DA:20,11
DA:23,11
DA:24,8
DA:25,5
DA:28,11
DA:29,7
DA:30,4
LF:14
LH:14
BRDA:19,0,0,7
BRDA:19,0,1,11
BRF:2
BRH:2
end_of_record
TN:
SF:src\services\event.service.js
FN:4,(anonymous_0)
FN:13,(anonymous_1)
FN:58,(anonymous_2)
FN:62,(anonymous_3)
FN:71,(anonymous_4)
FNF:5
FNH:5
FNDA:14,(anonymous_0)
FNDA:63,(anonymous_1)
FNDA:6,(anonymous_2)
FNDA:13,(anonymous_3)
FNDA:7,(anonymous_4)
DA:4,11
DA:5,14
DA:6,4
DA:7,3
DA:10,13
DA:13,11
DA:14,63
DA:15,63
DA:16,63
DA:18,63
DA:20,63
DA:21,6
DA:27,63
DA:28,5
DA:35,63
DA:36,4
DA:42,63
DA:47,63
DA:58,11
DA:59,6
DA:62,11
DA:63,13
DA:64,3
DA:65,2
DA:68,12
DA:71,11
DA:72,7
LF:27
LH:27
BRDA:5,0,0,4
BRDA:5,0,1,10
BRDA:14,1,0,50
BRDA:14,2,0,49
BRDA:20,3,0,6
BRDA:20,3,1,57
BRDA:27,4,0,5
BRDA:27,4,1,58
BRDA:35,5,0,4
BRDA:35,5,1,59
BRDA:35,6,0,63
BRDA:35,6,1,5
BRDA:63,7,0,3
BRDA:63,7,1,10
BRF:14
BRH:14
end_of_record
TN:
SF:src\services\notification.service.js
FN:3,(anonymous_0)
FN:7,(anonymous_1)
FN:11,(anonymous_2)
FN:17,(anonymous_3)
FN:23,(anonymous_4)
FN:27,(anonymous_5)
FNF:6
FNH:6
FNDA:6,(anonymous_0)
FNDA:7,(anonymous_1)
FNDA:5,(anonymous_2)
FNDA:5,(anonymous_3)
FNDA:7,(anonymous_4)
FNDA:6,(anonymous_5)
DA:3,11
DA:4,6
DA:7,11
DA:8,7
DA:11,11
DA:12,5
DA:17,11
DA:18,5
DA:23,11
DA:24,7
DA:27,11
DA:28,6
LF:12
LH:12
BRF:0
BRH:0
end_of_record
TN:
SF:src\services\password.service.js
FN:6,(anonymous_0)
FN:27,(anonymous_1)
FN:55,(anonymous_2)
FN:88,(anonymous_3)
FNF:4
FNH:4
FNDA:7,(anonymous_0)
FNDA:8,(anonymous_1)
FNDA:10,(anonymous_2)
FNDA:11,(anonymous_3)
DA:6,11
DA:7,7
DA:8,6
DA:9,1
DA:12,5
DA:18,5
DA:24,5
DA:27,11
DA:28,8
DA:29,8
DA:31,5
DA:32,1
DA:35,4
DA:36,4
DA:38,4
DA:43,4
DA:45,4
DA:46,1
DA:48,3
DA:49,1
DA:51,2
DA:55,11
DA:56,10
DA:57,10
DA:59,7
DA:60,1
DA:63,6
DA:64,2
DA:67,4
DA:68,2
DA:71,2
DA:72,2
DA:73,1
DA:76,1
DA:78,9
DA:79,1
DA:81,8
DA:82,1
DA:84,7
DA:88,11
DA:89,11
DA:90,11
DA:92,8
DA:93,1
DA:96,7
DA:97,1
DA:100,6
DA:101,1
DA:104,5
DA:105,5
DA:106,2
DA:109,3
DA:111,3
DA:118,8
DA:119,1
DA:121,7
DA:122,1
DA:124,6
LF:58
LH:58
BRDA:8,0,0,1
BRDA:8,0,1,5
BRDA:31,1,0,1
BRDA:31,1,1,4
BRDA:45,2,0,1
BRDA:45,2,1,3
BRDA:48,3,0,1
BRDA:48,3,1,2
BRDA:59,4,0,1
BRDA:59,4,1,6
BRDA:63,5,0,2
BRDA:63,5,1,4
BRDA:63,6,0,6
BRDA:63,6,1,5
BRDA:67,7,0,2
BRDA:67,7,1,2
BRDA:72,8,0,1
BRDA:72,8,1,1
BRDA:78,9,0,1
BRDA:78,9,1,8
BRDA:81,10,0,1
BRDA:81,10,1,7
BRDA:92,11,0,1
BRDA:92,11,1,7
BRDA:96,12,0,1
BRDA:96,12,1,6
BRDA:96,13,0,7
BRDA:96,13,1,6
BRDA:100,14,0,1
BRDA:100,14,1,5
BRDA:105,15,0,2
BRDA:105,15,1,3
BRDA:118,16,0,1
BRDA:118,16,1,7
BRDA:121,17,0,1
BRDA:121,17,1,6
BRF:36
BRH:36
end_of_record
TN:
SF:src\services\payment.service.js
FN:8,(anonymous_0)
FN:12,(anonymous_1)
FN:104,(anonymous_2)
FN:157,(anonymous_3)
FN:161,(anonymous_4)
FN:178,(anonymous_5)
FN:195,(anonymous_6)
FN:202,(anonymous_7)
FNF:8
FNH:8
FNDA:7,(anonymous_0)
FNDA:8,(anonymous_1)
FNDA:23,(anonymous_2)
FNDA:4,(anonymous_3)
FNDA:7,(anonymous_4)
FNDA:6,(anonymous_5)
FNDA:5,(anonymous_6)
FNDA:6,(anonymous_7)
DA:8,11
DA:9,7
DA:12,11
DA:16,8
DA:21,8
DA:22,1
DA:25,7
DA:26,1
DA:29,6
DA:30,1
DA:33,5
DA:34,5
DA:35,5
DA:36,5
DA:38,5
DA:39,3
DA:40,3
DA:41,1
DA:43,2
DA:44,2
DA:47,4
DA:49,4
DA:54,4
DA:61,4
DA:63,4
DA:71,4
DA:72,2
DA:81,4
DA:87,4
DA:97,4
DA:104,11
DA:105,23
DA:106,23
DA:107,19
DA:108,1
DA:111,18
DA:112,2
DA:115,16
DA:116,16
DA:119,14
DA:120,2
DA:124,12
DA:125,6
DA:126,6
DA:131,5
DA:133,1
DA:136,14
DA:140,14
DA:142,2
DA:143,2
DA:144,2
DA:146,2
DA:147,1
DA:149,1
DA:152,5
DA:153,5
DA:157,11
DA:158,4
DA:160,4
DA:162,7
DA:163,4
DA:164,4
DA:166,1
DA:175,4
DA:178,11
DA:179,6
DA:180,6
DA:181,1
DA:184,5
DA:185,2
DA:186,2
DA:188,1
DA:192,4
DA:195,11
DA:196,5
DA:201,5
DA:203,6
DA:204,4
DA:205,4
DA:207,1
DA:216,5
LF:81
LH:81
BRDA:21,0,0,1
BRDA:21,0,1,7
BRDA:25,1,0,1
BRDA:25,1,1,6
BRDA:29,2,0,1
BRDA:29,2,1,5
BRDA:38,3,0,3
BRDA:38,3,1,2
BRDA:40,4,0,1
BRDA:40,4,1,2
BRDA:56,5,0,4
BRDA:56,5,1,1
BRDA:71,6,0,2
BRDA:71,6,1,2
BRDA:107,7,0,1
BRDA:107,7,1,18
BRDA:111,8,0,2
BRDA:111,8,1,16
BRDA:111,9,0,18
BRDA:111,9,1,17
BRDA:119,10,0,2
BRDA:119,10,1,12
BRDA:121,11,0,1
BRDA:121,11,1,1
BRDA:124,12,0,6
BRDA:124,12,1,6
BRDA:126,13,0,5
BRDA:126,13,1,1
BRDA:146,14,0,1
BRDA:146,14,1,1
BRDA:162,15,0,4
BRDA:162,15,1,3
BRDA:178,16,0,5
BRDA:180,17,0,1
BRDA:180,17,1,5
BRDA:184,18,0,2
BRDA:184,18,1,3
BRDA:203,19,0,4
BRDA:203,19,1,2
BRF:39
BRH:39
end_of_record
TN:
SF:src\services\promo.service.js
FN:4,(anonymous_0)
FN:24,(anonymous_1)
FN:28,(anonymous_2)
FN:42,(anonymous_3)
FN:59,(anonymous_4)
FNF:5
FNH:5
FNDA:4,(anonymous_0)
FNDA:4,(anonymous_1)
FNDA:6,(anonymous_2)
FNDA:7,(anonymous_3)
FNDA:5,(anonymous_4)
DA:4,11
DA:5,4
DA:8,4
DA:9,1
DA:12,3
DA:14,3
DA:21,3
DA:24,11
DA:25,4
DA:28,11
DA:29,6
DA:30,6
DA:31,1
DA:34,5
DA:35,5
DA:36,2
DA:39,3
DA:42,11
DA:43,7
DA:45,7
DA:46,5
DA:56,7
DA:59,11
DA:60,5
DA:61,5
DA:62,1
DA:65,4
DA:70,4
LF:28
LH:28
BRDA:8,0,0,1
BRDA:8,0,1,3
BRDA:30,1,0,1
BRDA:30,1,1,5
BRDA:35,2,0,2
BRDA:35,2,1,3
BRDA:35,3,0,5
BRDA:35,3,1,4
BRDA:45,4,0,5
BRDA:45,4,1,2
BRDA:45,5,0,7
BRDA:45,5,1,4
BRDA:45,5,2,3
BRDA:61,6,0,1
BRDA:61,6,1,4
BRF:15
BRH:15
end_of_record
TN:
SF:src\services\review.service.js
FN:4,(anonymous_0)
FN:15,(anonymous_1)
FN:28,(anonymous_2)
FN:32,(anonymous_3)
FN:40,(anonymous_4)
FN:48,(anonymous_5)
FN:52,(anonymous_6)
FN:69,(anonymous_7)
FNF:8
FNH:8
FNDA:8,(anonymous_0)
FNDA:3,(anonymous_1)
FNDA:4,(anonymous_2)
FNDA:3,(anonymous_3)
FNDA:4,(anonymous_4)
FNDA:4,(anonymous_5)
FNDA:11,(anonymous_6)
FNDA:6,(anonymous_7)
DA:4,11
DA:5,8
DA:6,8
DA:7,1
DA:10,7
DA:14,7
DA:15,3
DA:17,7
DA:18,1
DA:21,6
DA:22,2
DA:25,4
DA:28,11
DA:29,4
DA:32,11
DA:33,3
DA:34,3
DA:35,1
DA:37,2
DA:40,11
DA:41,4
DA:42,4
DA:43,1
DA:45,3
DA:48,11
DA:49,4
DA:52,11
DA:53,11
DA:54,3
DA:57,8
DA:58,8
DA:60,3
DA:61,2
DA:65,1
DA:69,11
DA:70,6
DA:71,6
DA:73,4
DA:74,3
DA:78,1
LF:40
LH:40
BRDA:6,0,0,1
BRDA:6,0,1,7
BRDA:17,1,0,1
BRDA:17,1,1,6
BRDA:21,2,0,2
BRDA:21,2,1,4
BRDA:21,3,0,6
BRDA:21,3,1,5
BRDA:34,4,0,1
BRDA:34,4,1,2
BRDA:42,5,0,1
BRDA:42,5,1,3
BRDA:53,6,0,3
BRDA:53,6,1,8
BRDA:53,7,0,11
BRDA:53,7,1,8
BRDA:53,7,2,7
BRDA:60,8,0,2
BRDA:60,8,1,1
BRDA:73,9,0,3
BRDA:73,9,1,1
BRF:21
BRH:21
end_of_record
TN:
SF:src\services\ticket.service.js
FN:14,(anonymous_0)
FN:33,(anonymous_1)
FN:51,(anonymous_2)
FN:57,(anonymous_3)
FN:63,(anonymous_4)
FN:69,(anonymous_5)
FN:78,(anonymous_6)
FNF:7
FNH:7
FNDA:10,(anonymous_0)
FNDA:27,(anonymous_1)
FNDA:4,(anonymous_2)
FNDA:5,(anonymous_3)
FNDA:5,(anonymous_4)
FNDA:6,(anonymous_5)
FNDA:7,(anonymous_6)
DA:12,11
DA:14,11
DA:15,10
DA:18,10
DA:20,8
DA:23,8
DA:25,3
DA:28,3
DA:30,2
DA:33,11
DA:34,27
DA:35,5
DA:38,5
DA:41,25
DA:42,5
DA:45,5
DA:48,23
DA:51,11
DA:52,4
DA:53,4
DA:54,2
DA:57,11
DA:58,5
DA:59,5
DA:60,3
DA:63,11
DA:64,5
DA:65,5
DA:66,3
DA:69,11
DA:70,6
DA:73,6
DA:75,3
DA:78,11
DA:79,7
DA:82,7
DA:84,5
LF:37
LH:37
BRDA:18,0,0,2
BRDA:18,0,1,8
BRDA:23,1,0,5
BRDA:23,1,1,3
BRDA:28,2,0,1
BRDA:28,2,1,2
BRDA:34,3,0,5
BRDA:34,3,1,22
BRDA:38,4,0,2
BRDA:38,4,1,3
BRDA:41,5,0,5
BRDA:41,5,1,20
BRDA:45,6,0,2
BRDA:45,6,1,3
BRDA:53,7,0,2
BRDA:53,7,1,2
BRDA:59,8,0,2
BRDA:59,8,1,3
BRDA:65,9,0,2
BRDA:65,9,1,3
BRDA:73,10,0,3
BRDA:73,10,1,3
BRDA:82,11,0,2
BRDA:82,11,1,5
BRF:24
BRH:24
end_of_record
TN:
SF:src\services\user.service.js
FN:7,(anonymous_0)
FN:38,(anonymous_1)
FN:53,(anonymous_2)
FN:75,(anonymous_3)
FN:98,(anonymous_4)
FN:101,(anonymous_5)
FN:120,(anonymous_6)
FN:129,(anonymous_7)
FN:133,(anonymous_8)
FNF:9
FNH:9
FNDA:8,(anonymous_0)
FNDA:4,(anonymous_1)
FNDA:5,(anonymous_2)
FNDA:22,(anonymous_3)
FNDA:9,(anonymous_4)
FNDA:14,(anonymous_5)
FNDA:4,(anonymous_6)
FNDA:5,(anonymous_7)
FNDA:3,(anonymous_8)
DA:7,12
DA:8,8
DA:9,8
DA:10,3
DA:13,5
DA:14,5
DA:16,5
DA:22,5
DA:30,5
DA:32,5
DA:33,5
DA:35,5
DA:38,12
DA:39,4
DA:43,4
DA:44,1
DA:47,3
DA:53,12
DA:54,5
DA:55,5
DA:56,1
DA:59,4
DA:60,1
DA:63,3
DA:65,3
DA:70,3
DA:72,3
DA:75,12
DA:76,22
DA:77,22
DA:78,2
DA:81,20
DA:82,20
DA:83,3
DA:86,17
DA:87,1
DA:92,16
DA:93,16
DA:95,16
DA:98,12
DA:99,9
DA:100,9
DA:101,14
DA:104,9
DA:105,4
DA:112,5
DA:113,5
DA:114,1
DA:117,4
DA:120,12
DA:121,4
DA:122,4
DA:123,2
DA:125,2
DA:129,12
DA:130,5
DA:133,12
DA:134,3
DA:135,3
DA:136,1
DA:138,2
LF:61
LH:61
BRDA:9,0,0,3
BRDA:9,0,1,5
BRDA:43,1,0,1
BRDA:43,1,1,3
BRDA:55,2,0,1
BRDA:55,2,1,4
BRDA:59,3,0,1
BRDA:59,3,1,3
BRDA:77,4,0,2
BRDA:77,4,1,20
BRDA:82,5,0,3
BRDA:82,5,1,17
BRDA:86,6,0,1
BRDA:86,6,1,16
BRDA:104,7,0,4
BRDA:104,7,1,5
BRDA:113,8,0,1
BRDA:113,8,1,4
BRDA:135,9,0,1
BRDA:135,9,1,2
BRF:20
BRH:20
end_of_record
TN:
SF:src\utils\email.service.js
FN:18,(anonymous_0)
FN:28,(anonymous_1)
FN:35,(anonymous_2)
FN:108,(anonymous_3)
FN:132,(anonymous_4)
FNF:5
FNH:0
FNDA:0,(anonymous_0)
FNDA:0,(anonymous_1)
FNDA:0,(anonymous_2)
FNDA:0,(anonymous_3)
FNDA:0,(anonymous_4)
DA:6,11
DA:7,0
DA:18,0
DA:19,0
DA:20,0
DA:22,0
DA:27,11
DA:29,0
DA:30,0
DA:35,11
DA:36,0
DA:108,11
DA:109,0
DA:110,0
DA:112,0
DA:122,0
DA:123,0
DA:125,0
DA:127,0
DA:128,0
DA:132,11
DA:133,0
DA:174,0
LF:23
LH:5
BRDA:6,0,0,0
BRDA:6,0,1,11
BRDA:19,1,0,0
BRDA:19,1,1,0
BRDA:114,2,0,0
BRDA:114,2,1,0
BRDA:135,3,0,0
BRDA:135,3,1,0
BRF:8
BRH:1
end_of_record
TN:
SF:src\utils\response.js
FN:1,(anonymous_0)
FN:14,(anonymous_1)
FNF:2
FNH:2
FNDA:108,(anonymous_0)
FNDA:169,(anonymous_1)
DA:1,13
DA:7,108
DA:14,13
DA:15,169
LF:4
LH:4
BRDA:4,0,0,77
BRDA:5,1,0,102
BRDA:14,2,0,0
BRDA:14,3,0,60
BRF:4
BRH:3
end_of_record
TN:
SF:src\utils\token.js
FN:3,(anonymous_0)
FN:17,(anonymous_1)
FNF:2
FNH:2
FNDA:16,(anonymous_0)
FNDA:58,(anonymous_1)
DA:3,12
DA:4,16
DA:17,12
DA:18,58
LF:4
LH:4
BRF:0
BRH:0
end_of_record
TN:
SF:src\validators\cart.validator.js
FN:3,(anonymous_0)
FN:15,(anonymous_1)
FN:25,(anonymous_2)
FNF:3
FNH:3
FNDA:89,(anonymous_0)
FNDA:34,(anonymous_1)
FNDA:22,(anonymous_2)
DA:3,11
DA:4,89
DA:5,63
DA:6,0
DA:9,11
DA:15,34
DA:20,11
DA:25,22
LF:8
LH:7
BRDA:4,0,0,26
BRDA:4,0,1,63
BRDA:5,1,0,63
BRDA:5,1,1,0
BRF:4
BRH:3
end_of_record
TN:
SF:src\validators\category.validator.js
FNF:0
FNH:0
DA:3,11
DA:7,11
DA:9,11
LF:3
LH:3
BRF:0
BRH:0
end_of_record
TN:
SF:src\validators\event.validator.js
FN:6,(anonymous_0)
FNF:1
FNH:1
FNDA:11,(anonymous_0)
DA:3,10
DA:6,11
DA:10,10
DA:12,10
LF:4
LH:4
BRF:0
BRH:0
end_of_record
TN:
SF:src\validators\notification.validator.js
FNF:0
FNH:0
DA:3,10
DA:8,10
LF:2
LH:2
BRF:0
BRH:0
end_of_record
TN:
SF:src\validators\payment.validator.js
FN:3,(anonymous_0)
FN:15,(anonymous_1)
FNF:2
FNH:2
FNDA:84,(anonymous_0)
FNDA:42,(anonymous_1)
DA:3,11
DA:4,84
DA:5,61
DA:6,0
DA:9,11
DA:15,42
DA:21,11
LF:7
LH:6
BRDA:4,0,0,23
BRDA:4,0,1,61
BRDA:5,1,0,61
BRDA:5,1,1,0
BRF:4
BRH:3
end_of_record
TN:
SF:src\validators\promo.validator.js
FN:3,(anonymous_0)
FN:14,(anonymous_1)
FN:26,(anonymous_2)
FNF:3
FNH:3
FNDA:23,(anonymous_0)
FNDA:43,(anonymous_1)
FNDA:13,(anonymous_2)
DA:3,11
DA:4,23
DA:5,5
DA:6,0
DA:9,11
DA:14,43
DA:21,11
DA:26,13
DA:34,11
LF:9
LH:8
BRDA:4,0,0,18
BRDA:4,0,1,5
BRDA:5,1,0,5
BRDA:5,1,1,0
BRDA:14,2,0,43
BRDA:14,2,1,38
BRDA:26,3,0,13
BRDA:26,3,1,10
BRF:8
BRH:7
end_of_record
TN:
SF:src\validators\review.validator.js
FN:3,(anonymous_0)
FN:14,(anonymous_1)
FN:26,(anonymous_2)
FNF:3
FNH:3
FNDA:106,(anonymous_0)
FNDA:44,(anonymous_1)
FNDA:20,(anonymous_2)
DA:3,11
DA:4,106
DA:5,88
DA:6,0
DA:9,11
DA:14,44
DA:21,11
DA:26,20
DA:33,11
LF:9
LH:8
BRDA:4,0,0,18
BRDA:4,0,1,88
BRDA:5,1,0,88
BRDA:5,1,1,0
BRDA:14,2,0,44
BRDA:14,2,1,40
BRDA:26,3,0,20
BRDA:26,3,1,16
BRF:8
BRH:7
end_of_record
TN:
SF:src\validators\ticket.validator.js
FN:3,(anonymous_0)
FNF:1
FNH:1
FNDA:272,(anonymous_0)
DA:3,11
DA:4,272
DA:5,223
DA:6,0
DA:9,11
DA:18,11
DA:25,11
LF:7
LH:6
BRDA:4,0,0,49
BRDA:4,0,1,223
BRDA:5,1,0,223
BRDA:5,1,1,0
BRF:4
BRH:3
end_of_record
TN:
SF:src\validators\user.validator.js
FN:28,(anonymous_0)
FN:38,(anonymous_1)
FN:42,(anonymous_2)
FN:46,(anonymous_3)
FN:82,(anonymous_4)
FNF:5
FNH:3
FNDA:0,(anonymous_0)
FNDA:2,(anonymous_1)
FNDA:2,(anonymous_2)
FNDA:2,(anonymous_3)
FNDA:0,(anonymous_4)
DA:4,10
DA:13,10
DA:18,10
DA:28,0
DA:33,10
DA:38,2
DA:42,2
DA:47,2
DA:48,2
DA:49,2
DA:57,10
DA:62,10
DA:66,10
DA:70,10
DA:75,10
DA:82,0
LF:16
LH:14
BRDA:38,0,0,0
BRDA:38,0,1,2
BRDA:42,1,0,0
BRDA:42,1,1,2
BRDA:47,2,0,0
BRDA:47,2,1,2
BRDA:47,3,0,2
BRDA:47,3,1,2
BRDA:48,4,0,0
BRDA:48,4,1,2
BRDA:48,5,0,2
BRDA:48,5,1,2
BRF:12
BRH:8
end_of_record
